\begin{tabulary}{0.4\textwidth}{ | c | c | c |}
\hline
& \textbf{Equipo} & \textbf{Numero}\\ \hline
1 & Boca Juniors & 0.0860189\\ \hline
2 & Aldosivi & 0.0653536\\ \hline
3 & River Plate & 0.0634998\\ \hline
4 & San Lorenzo & 0.0620352\\ \hline
5 & Rosario Central & 0.0484731\\ \hline
6 & Racing Club & 0.0478783\\ \hline
7 & San Martín (SJ) & 0.0439558\\ \hline
8 & Quilmes & 0.0423821\\ \hline
9 & Newell's Old Boys & 0.0382332\\ \hline
10 & Vélez Sarsfield & 0.0376689\\ \hline
11 & Independiente & 0.0365646\\ \hline
12 & Belgrano & 0.0363978\\ \hline
13 & Gimnasia y Esgrima (LP) & 0.0335849\\ \hline
14 & Banfield & 0.0307372\\ \hline
15 & Estudiantes (LP) & 0.0295322\\ \hline
16 & Unión & 0.0288744\\ \hline
17 & Tigre & 0.0273356\\ \hline
18 & Sarmiento & 0.026108\\ \hline
19 & Huracán & 0.0246666\\ \hline
20 & Defensa y Justicia & 0.023737\\ \hline
21 & Lanús & 0.022729\\ \hline
22 & Olimpo & 0.0224689\\ \hline
23 & Arsenal & 0.0208702\\ \hline
24 & Godoy Cruz & 0.017516\\ \hline
25 & Temperley & 0.016045\\ \hline
26 & Crucero del Norte & 0.0160393\\ \hline
27 & Argentinos Juniors & 0.0153984\\ \hline
28 & Nueva Chicago & 0.0142318\\ \hline
29 & Atlético de Rafaela & 0.0113878\\ \hline
30 & Colón & 0.0102765\\ \hline
\end{tabulary}
