0.000399835
0.00040848
0.000408863
0.000392706
0.000374124
0.000391896
0.000392207
0.000408636
0.000401138
0.000401221
0.00040058
0.000392262
0.000408721
0.000382635
0.000399478
0.000399449
0.00040035
0.000434349
0.00040892
0.000425555
0.000391487
0.000392065
0.000400218
0.000400001
0.000417331
0.000400886
0.000425663
0.000407834
0.000409543
0.000366
0.000383162
0.000425513
0.000408454
0.000374311
0.000383546
0.000391669
0.000391296
0.000381916
0.000452113
0.000408278
0.00039947
0.000432407
0.000382818
0.000366
0.000374492
0.000408973
0.000408845
0.000400173
0.000415733
0.000408686
0.000400375
0.000415922
0.000374135
0.000400519
0.00041739
0.000392108
0.000382867
0.000399783
0.000418166
0.000399246
0.000383928
0.000382964
0.00039187
0.000416451
0.00039897
0.000400006
0.000433805
0.000382247
0.000408305
0.000408324
0.000399393
0.000406708
0.000416805
0.000391857
0.000400127
0.000409547
0.00038389
0.00040799
0.000400048
0.000383876
0.000408687
0.000417797
0.000392624
0.000382466
0.000459365
0.000401405
0.000383191
0.000390425
0.000366
0.000400064
0.000426044
0.000425811
0.000400029
0.000424984
0.000423448
0.000401342
0.00040132
0.000409075
0.000408157
0.000427166
0.000401376
0.000407574
0.000366
0.000374146
0.000399639
0.000414812
0.000374677
0.000375565
0.000391458
0.000390934
0.000383409
0.00040888
0.000408547
0.000392061
0.000443444
0.000408116
0.000409521
0.000407804
0.000374843
0.000382793
0.000392185
0.000382797
0.000374485
0.000417037
0.000400579
0.000382285
0.000383383
0.000399457
0.00039994
0.000434937
0.000374888
0.000408509
0.00039132
0.000399828
0.000392009
0.000383327
0.000391881
0.00042513
0.00037528
0.000449895
0.000424743
0.00043384
0.000383169
0.000391112
0.000382803
0.000391474
0.000407961
0.000425111
0.000408809
0.000407826
0.000424612
0.000382635
0.000425629
0.000392011
0.000374504
0.000391312
0.000417573
0.000408291
0.000382255
0.000390948
0.000409027
0.000416113
0.000383553
0.000408312
0.000400468
0.0003906
0.000390577
0.000434371
0.000383514
0.000391482
0.000408495
0.0003821
0.000366
0.000382458
0.000391753
0.000392404
0.000408462
0.000366
0.000391315
0.000408281
0.000401102
0.000374692
0.000399954
0.000416781
0.000399128
0.000400885
0.000375234
0.00039128
0.000390039
0.000407958
0.000383524
0.000399093
0.000425667
0.000426779
0.000400178
0.000408661
0.000374504
0.000390228
0.000382844
0.000383329
0.000433606
0.00041055
0.000382803
0.000382465
0.000373969
0.000409267
0.000426239
0.000391317
0.000399393
0.000408523
0.000443028
0.000374339
0.000434961
0.000390725
0.000374139
0.00037434
0.000399961
0.000407943
0.000392007
0.000383692
0.000390767
0.000374654
0.000408644
0.000433805
0.000416605
0.000392233
0.000408289
0.000391322
0.000399454
0.000400781
0.000425499
0.000415744
0.000391839
0.000400547
0.000391518
0.000391515
0.000399989
0.000407937
0.000408314
0.00044357
0.000415609
0.000408124
0.000407046
0.000382255
0.000416541
0.000392532
0.000407036
0.000399454
0.00039261
0.000390962
0.000391316
0.000408507
0.000398796
0.000419038
0.000450849
0.000399099
0.000399838
0.000392395
0.000383592
0.000383332
0.000433099
0.000391163
0.000391553
0.000382812
0.000398923
0.000410298
0.000391136
0.000408518
0.000400199
0.000392098
0.000416647
0.000392026
0.00041628
0.00040877
0.000400527
0.000408363
0.000442475
0.00039952
0.000425648
0.000407253
0.000400516
0.000383741
0.000391669
0.000408173
0.000399986
0.000443559
0.000374308
0.000426678
0.00039841
0.000382427
0.000392395
0.000418819
0.000426245
0.000400569
0.000391665
0.000383035
0.000382312
0.000391744
0.000390578
0.000382805
0.000432948
0.000406169
0.000373777
0.000409587
0.000408274
0.000408804
0.000408068
0.000383376
0.000416786
0.000407787
0.000383724
0.000374849
0.000399103
0.000425646
0.000366
0.000410104
0.000400557
0.000409109
0.000417172
0.000382816
0.000390805
0.000383146
0.000391873
0.000417371
0.000408712
0.000401246
0.000400928
0.000415934
0.000390777
0.000407181
0.00039996
0.000414804
0.000400731
0.000408876
0.000374131
0.000399656
0.000391313
0.000400578
0.000416796
0.000415938
0.000406867
0.00039965
0.000433975
0.000391714
0.000383371
0.000390943
0.000399828
0.000392012
0.000391141
0.000408494
0.000408657
0.00040164
0.00039275
0.000382989
0.000391334
0.000383215
0.000391711
0.000399641
0.000391181
0.000374665
0.000409891
0.000417713
0.000401497
0.000374147
0.000391006
0.000374507
0.000382288
0.000417402
0.000408307
0.000382989
0.000417714
0.000399277
0.000416495
0.000390592
0.000418019
0.000409081
0.000441407
0.00040146
0.000408704
0.000408508
0.000383761
0.000374128
0.000391274
0.00041876
0.000416293
0.000416836
0.000399994
0.000408846
0.00042549
0.000442103
0.000417036
0.000400956
0.000415899
0.00039948
0.000391658
0.000383195
0.000426995
0.000390816
0.000408198
0.00039167
0.00037395
0.000391473
0.000409169
0.000400512
0.000389874
0.000399333
0.000408653
0.000416636
0.00041666
0.000391911
0.000416332
0.000382992
0.000416962
0.000374492
0.000391125
0.000382629
0.000392017
0.00041701
0.000382936
0.000415913
0.000391657
0.000383021
0.000382623
0.000407236
0.000416656
0.000366
0.000399632
0.000392942
0.000415875
0.00045117
0.000374835
0.000391348
0.000390971
0.000384258
0.000408492
0.00041734
0.000391104
0.000408877
0.000399286
0.000383146
0.000382285
0.000399608
0.000434373
0.000417481
0.000418094
0.000399819
0.000399105
0.000417186
0.000366
0.000417969
0.000434956
0.000390605
0.000399665
0.000398913
0.00040908
0.000391529
0.000424449
0.000408629
0.000399451
0.000427141
0.000425176
0.000426379
0.000409749
0.000399281
0.000409907
0.000374519
0.000374869
0.000399257
0.000374857
0.000409213
0.000391803
0.000416084
0.00039926
0.000399795
0.000391119
0.000407984
0.000426796
0.000382988
0.000399795
0.000399843
0.000382485
0.0003913
0.000391923
0.000382816
0.000406709
0.000373954
0.000375388
0.000401655
0.000407574
0.00039206
0.000390957
0.000392057
0.000416804
0.000382812
0.000417159
0.000383152
0.000382628
0.000400749
0.000410467
0.00043472
0.000382608
0.000417483
0.000391144
0.000391338
0.000399101
0.000409205
0.000416876
0.000391833
0.000383205
0.000383017
0.000408644
0.000419297
0.000382294
0.000391691
0.000408969
0.000382834
0.000416829
0.000409023
0.000391318
0.000425086
0.000382803
0.000383162
0.000409578
0.000400192
0.000382472
0.000391341
0.000374311
0.000383001
0.000407943
0.000374853
0.000441962
0.000424947
0.000391511
0.000374139
0.000392199
0.000409272
0.000409101
0.000392061
0.000375211
0.000374324
0.000441089
0.00037503
0.000382826
0.00039092
0.000382487
0.00040033
0.000400442
0.000382815
0.000373777
0.000383891
0.000460412
0.000399085
0.000366
0.000409031
0.00039119
0.000407271
0.000399601
0.000390778
0.000366
0.000400883
0.0004092
0.000408111
0.000400498
0.000400071
0.000407963
0.000441826
0.000407756
0.000400592
0.000391292
0.000407985
0.000374481
0.000383718
0.000391534
0.000425702
0.000416272
0.000391482
0.00043444
0.000391858
0.000409
0.00041678
0.000399609
0.000400007
0.000391319
0.000366
0.000366
0.000424762
0.00038263
0.000415544
0.000408708
0.000374139
0.000392392
0.000383172
0.000390955
0.000366
0.000390939
0.000408677
0.000382827
0.000408548
0.000399852
0.00039146
0.000399941
0.000424413
0.000416642
0.00038301
0.000390756
0.000427388
0.00038321
0.000434698
0.00040855
0.000399497
0.000390952
0.000400346
0.000415537
0.000401633
0.000418842
0.000407639
0.000408145
0.000391162
0.000409583
0.000416328
0.000391664
0.000427885
0.000390792
0.000391454
0.000408357
0.000390998
0.000383014
0.000408682
0.000408179
0.000391497
0.000382842
0.000391378
0.000399628
0.000383203
0.00040767
0.000391177
0.000383143
0.000383349
0.000399289
0.000366
0.000382841
0.000382299
0.00039187
0.000382627
0.00039946
0.000391682
0.00039182
0.000374485
0.000374318
0.000424579
0.000375015
0.000426199
0.000408632
0.000382443
0.000400184
0.000392008
0.000374697
0.000417927
0.000382466
0.000366
0.000399626
0.0003906
0.000427064
0.000409028
0.000433663
0.000400579
0.0003996
0.000391278
0.000390974
0.000432828
0.000400369
0.000383179
0.000400202
0.000409248
0.000382841
0.000391727
0.000366
0.000399291
0.000408304
0.000416051
0.000433504
0.000424847
0.000400946
0.000407945
0.000416173
0.000392054
0.000390416
0.000449012
0.000407764
0.000433993
0.000408873
0.000408712
0.000399449
0.000424004
0.000409022
0.000416641
0.000408172
0.00040891
0.000408166
0.000445152
0.000382631
0.000408689
0.000391689
0.000407948
0.000400138
0.000400396
0.000408515
0.00040106
0.000391691
0.000366
0.000390256
0.000408902
0.000382784
0.000418133
0.000392228
0.000398905
0.000400355
0.000383004
0.000392106
0.000408477
0.000425518
0.000417379
0.000399635
0.000373958
0.000374317
0.000417521
0.000382989
0.000382823
0.000391346
0.000399277
0.000383166
0.000410306
0.000392042
0.000408133
0.000401422
0.000366
0.000400936
0.00039277
0.000383937
0.000366
0.000399474
0.000407761
0.000408148
0.000382435
0.000382973
0.000407565
0.000433426
0.000383384
0.000400159
0.000434435
0.000399835
0.000407915
0.000382634
0.000382788
0.000382453
0.000374669
0.000400186
0.00041825
0.000392222
0.000374166
0.000415697
0.000391693
0.000391632
0.000398551
0.000374684
0.000374706
0.000408154
0.000400543
0.000408519
0.000366
0.000391304
0.000407963
0.000401454
0.000409545
0.000400514
0.000383367
0.000390964
0.000374841
0.000415959
0.000423882
0.000407052
0.000419011
0.000392056
0.000399649
0.00039243
0.000383372
0.000406825
0.000399815
0.000366
0.000400007
0.000374662
0.000432875
0.000428574
0.000390464
0.000382999
0.000417532
0.00039215
0.000400222
0.000374493
0.000410149
0.000392046
0.000390939
0.000374699
0.000416628
0.000400301
0.00039166
0.000374142
0.000408491
0.000383177
0.000399987
0.00038228
0.00039979
0.000407562
0.000382646
0.000408303
0.000383192
0.000391304
0.000390604
0.000417379
0.000401676
0.0004179
0.000383328
0.000401615
0.00040922
0.000383351
0.000382457
0.000400719
0.00039168
0.00041644
0.000391677
0.00043403
0.000383675
0.000416027
0.000384788
0.000392732
0.000391166
0.000410525
0.000407751
0.000391894
0.000383162
0.000408396
0.000399625
0.00039928
0.000409203
0.000424755
0.000409979
0.000382113
0.000450131
0.000398927
0.000392342
0.00041685
0.00040818
0.00038333
0.000407563
0.000407799
0.0003743
0.000382812
0.000409248
0.000408614
0.000407835
0.000390397
0.000374323
0.000423686
0.00039982
0.000375229
0.00040904
0.000373777
0.000374331
0.000391699
0.000391097
0.000374323
0.000417492
0.000401202
0.000406908
0.000426761
0.000409813
0.00039042
0.000401433
0.000399878
0.000374323
0.000400199
0.000400527
0.000390404
0.000375564
0.000391319
0.000366
0.000408659
0.000392441
0.000416131
0.0003743
0.000417483
0.000374135
0.000407984
0.000392438
0.000391478
0.000409721
0.000374147
0.000392424
0.000399646
0.000408344
0.000390588
0.000408123
0.000401602
0.000424803
0.00041698
0.000400989
0.00046933
0.000383526
0.000383733
0.000408702
0.000366
0.000401053
0.000409613
0.000407792
0.000391312
0.000366
0.000392433
0.000416823
0.000391693
0.000409375
0.000416058
0.00041735
0.000400359
0.000391707
0.000391506
0.000425546
0.000400012
0.000391888
0.000400535
0.000391685
0.000390952
0.000400174
0.000408836
0.000384059
0.000408683
0.000408675
0.000375054
0.000383354
0.000399309
0.000399658
0.000383176
0.000382442
0.000459112
0.000400853
0.000400241
0.000425168
0.000399637
0.000382638
0.000383148
0.000424964
0.000450093
0.00038225
0.000383232
0.000393163
0.00039187
0.000428075
0.000417201
0.000391716
0.00039225
0.000399808
0.000391557
0.000390929
0.000373958
0.000423855
0.000409384
0.000391876
0.000391156
0.000408309
0.000382642
0.000391365
0.000408426
0.000426177
0.000442271
0.000382085
0.000383019
0.000408493
0.000390782
0.000392227
0.000417214
0.000417254
0.000417165
0.000416784
0.000391128
0.000407444
0.000383551
0.000409081
0.000390778
0.000383355
0.000399112
0.000416485
0.000399471
0.000432396
0.000418021
0.000382282
0.00038267
0.000383521
0.000366
0.00044263
0.000391515
0.000392068
0.000426789
0.000391127
0.000400532
0.000366
0.000374694
0.000415506
0.000400525
0.000383901
0.000449518
0.000382989
0.000366
0.000416346
0.000383026
0.000390036
0.000383557
0.000391116
0.000374497
0.000374301
0.000407712
0.000399233
0.000400534
0.000425322
0.000433948
0.000409586
0.000382624
0.000399689
0.000409462
0.000374688
0.000417845
0.000408627
0.000400391
0.000391117
0.000409748
0.000391303
0.000399281
0.000416126
0.000374303
0.00042571
0.000390424
0.000390758
0.000391161
0.000432943
0.000399768
0.000433266
0.000400185
0.000392199
0.000366
0.000427111
0.000424624
0.000399298
0.000408277
0.000392111
0.000374692
0.000417308
0.000417567
0.000432883
0.000400366
0.000415014
0.000399506
0.000391901
0.000374127
0.000382815
0.000390421
0.000381916
0.000374503
0.00040672
0.000391136
0.000398958
0.000399101
0.000383
0.000382093
0.000381916
0.000426397
0.000408118
0.000383148
0.000392581
0.000374857
0.000418767
0.000399079
0.000423692
0.000424813
0.000418592
0.000391361
0.000408168
0.000399466
0.000409659
0.000400362
0.000399435
0.000383369
0.00039925
0.000425714
0.000400736
0.000400771
0.000382473
0.000375043
0.000417933
0.000407611
0.000400527
0.000416473
0.000399107
0.00043376
0.000424062
0.000408309
0.000435562
0.000399805
0.000399627
0.00040816
0.000390979
0.000408386
0.000417674
0.00040036
0.000374708
0.000426954
0.000391473
0.000408114
0.000400342
0.00041685
0.000366
0.000415927
0.000391687
0.000410146
0.000390964
0.000425172
0.000382827
0.000399081
0.000393128
0.000435297
0.000400715
0.000434303
0.000417581
0.000407935
0.000382442
0.000391312
0.000409276
0.000392449
0.000391877
0.000407932
0.000391301
0.000400351
0.000415365
0.00040851
0.000391282
0.000383001
0.000407229
0.000407736
0.000425309
0.000417192
0.000399446
0.000416449
0.000383342
0.000383543
0.000390978
0.000392034
0.000409599
0.000390973
0.000398707
0.000408434
0.000391666
0.000374681
0.000409454
0.000383188
0.00040763
0.000382824
0.000392408
0.000382646
0.000391873
0.000399085
0.000401473
0.000383216
0.000417408
0.000409196
0.000399807
0.000382299
0.000374658
0.00038428
0.000375762
0.000407944
0.000416447
0.000384088
0.000391172
0.000408117
0.000382085
0.000392378
0.000410337
0.000374313
0.000416807
0.000366
0.000382977
0.000400683
0.00038285
0.000382627
0.000426804
0.000391116
0.000382482
0.000416509
0.000375258
0.000374308
0.000391638
0.000392229
0.000442722
0.000425381
0.000416255
0.000400378
0.000392203
0.000366
0.000383184
0.000400322
0.000408108
0.000382638
0.000400573
0.000400731
0.000390397
0.000391866
0.000443959
0.000382808
0.000382643
0.00040794
0.000406871
0.000417143
0.000407778
0.000400177
0.000408639
0.00039096
0.000399246
0.000399991
0.000416726
0.000400316
0.000373777
0.00039118
0.000416093
0.000416619
0.000424765
0.000407042
0.000409421
0.000366
0.000409042
0.000400911
0.000443796
0.000423905
0.000374297
0.000390973
0.000383772
0.000383173
0.000399286
0.000407389
0.000391289
0.000401431
0.00044258
0.000383187
0.000366
0.000407732
0.000391684
0.000374674
0.000400393
0.000416262
0.000400488
0.000392266
0.000373777
0.000417195
0.000399992
0.000408692
0.0004082
0.000418299
0.000383037
0.000424712
0.000382454
0.000391643
0.000383715
0.000382458
0.00039982
0.000366
0.000374842
0.000366
0.000417134
0.000406506
0.000382974
0.000392169
0.000409364
0.000390959
0.00040722
0.000382452
0.000426054
0.000415765
0.000391655
0.000390789
0.000417072
0.000391962
0.000400135
0.000426697
0.000400004
0.00039943
0.000390609
0.000424786
0.000400537
0.000390963
0.000390239
0.000408842
0.000400377
0.000383015
0.000374661
0.000409075
0.000424254
0.000374139
0.000416464
0.000391688
0.000399352
0.0003917
0.00038209
0.000399828
0.000400685
0.000366
0.000382803
0.000408564
0.000382796
0.000399066
0.000383525
0.000450272
0.000374319
0.000417361
0.000400906
0.000392211
0.000383012
0.000398746
0.000391889
0.000391715
0.000391123
0.000399288
0.000415933
0.000392915
0.000382456
0.000442708
0.000415716
0.000392014
0.000409083
0.000383011
0.000391147
0.000409529
0.000399838
0.000391617
0.000415957
0.000382283
0.000416969
0.000399272
0.000434559
0.000409954
0.000425104
0.000418268
0.000383353
0.000399823
0.000398912
0.000433672
0.000391308
0.000408668
0.000383182
0.000384207
0.000416471
0.000427064
0.00040819
0.000407959
0.000399085
0.000400901
0.000383196
0.000398749
0.00040092
0.000432723
0.000400169
0.000407402
0.000435348
0.000424959
0.000416942
0.000374138
0.000399247
0.000390942
0.000400157
0.00045013
0.000399927
0.000399812
0.000424982
0.000424372
0.000416495
0.000399277
0.000433687
0.00039238
0.000424784
0.000391649
0.00040886
0.000399514
0.000407583
0.000374142
0.000416592
0.000400175
0.000441601
0.000383346
0.000392
0.000426394
0.00038244
0.000408204
0.000400537
0.000390071
0.000384276
0.000390408
0.000374131
0.000382078
0.000391895
0.000399465
0.000390589
0.000392016
0.000392261
0.000375199
0.000408241
0.000374518
0.000391492
0.000382988
0.000390416
0.000384274
0.00043429
0.000415889
0.000382488
0.000382627
0.000400608
0.000400257
0.000383511
0.000391131
0.000432913
0.000391492
0.000407261
0.000417007
0.000424187
0.000400343
0.000417207
0.000425676
0.000400176
0.00040812
0.000390585
0.000408321
0.000391866
0.000399047
0.000398694
0.000409404
0.000406705
0.000407028
0.000401313
0.000400123
0.000409088
0.000417702
0.000409228
0.000391642
0.00039077
0.000399846
0.000399227
0.000426592
0.000416496
0.000409252
0.000400399
0.00044087
0.000415938
0.000399775
0.000408653
0.000408265
0.000400371
0.00040015
0.000383009
0.000366
0.000408156
0.000374489
0.000399251
0.000434531
0.0004091
0.000400367
0.0004174
0.000392084
0.000410491
0.00038247
0.000400549
0.000408518
0.000433454
0.000383534
0.00039168
0.000383511
0.000434701
0.000408335
0.000382612
0.000407598
0.000399271
0.000426794
0.000390423
0.000399176
0.000392241
0.000374329
0.000426754
0.000383176
0.000399798
0.000391505
0.000382612
0.000392231
0.000374688
0.000416783
0.000427273
0.00039913
0.000409753
0.000425589
0.000399433
0.000390766
0.000401228
0.000366
0.000390954
0.000375242
0.000408715
0.000391519
0.000384051
0.000383541
0.000399992
0.000382965
0.000383715
0.000400166
0.000418828
0.000391118
0.000434555
0.000374489
0.000408078
0.000399636
0.000382973
0.00041682
0.000399878
0.000408533
0.000426878
0.000408376
0.000425286
0.000401645
0.000382466
0.0003919
0.000399089
0.000399667
0.000407236
0.00039132
0.000408834
0.000426321
0.000375028
0.000391355
0.000408531
0.000417825
0.000416523
0.000400555
0.000392032
0.000410332
0.000425553
0.000383744
0.000391304
0.000384277
0.00039111
0.000417345
0.000409051
0.00041642
0.000375248
0.000407977
0.00039116
0.000400883
0.000407762
0.000409258
0.000383548
0.000390958
0.000416092
0.000382995
0.00041753
0.000408832
0.000400746
0.000391298
0.000400568
0.000434118
0.00039892
0.000391148
0.000418317
0.000408495
0.000391337
0.000374131
0.000366
0.000416394
0.000381901
0.000366
0.000382612
0.000399491
0.000400711
0.000415751
0.000400349
0.000391504
0.000390948
0.000391502
0.000399082
0.000424059
0.000407394
0.000375217
0.000409041
0.000400591
0.000423677
0.0004087
0.000374685
0.000417615
0.000409188
0.000383227
0.000391149
0.000400948
0.000374669
0.000391134
0.000400892
0.000400357
0.000400181
0.000425278
0.000399689
0.000374147
0.000391662
0.000408448
0.000425562
0.000399828
0.00038301
0.000460431
0.000399094
0.000407981
0.000407441
0.000407553
0.000399647
0.000458724
0.000440681
0.000391677
0.000417031
0.000434384
0.000425121
0.000382262
0.000383383
0.000409443
0.000424191
0.000390451
0.000417006
0.000382778
0.000401073
0.000417935
0.000399596
0.000383728
0.000408856
0.000400914
0.000400184
0.000391515
0.000433313
0.000382619
0.000407993
0.000391328
0.000374465
0.000383347
0.000383184
0.000416994
0.00041664
0.0003828
0.000382646
0.000382845
0.00040849
0.000400348
0.000382271
0.000391999
0.000382658
0.00038353
0.000390989
0.000417688
0.000400687
0.000382084
0.000390961
0.000390935
0.000392789
0.000391004
0.00038353
0.000382466
0.000432241
0.000434538
0.000409395
0.000408388
0.000374701
0.000383493
0.000391854
0.000390247
0.000400153
0.000407767
0.00041844
0.000374166
0.000407737
0.000426449
0.000408127
0.000400112
0.000374503
0.000400392
0.000407262
0.000366
0.000408502
0.000399843
0.000391862
0.000408838
0.000383531
0.000417047
0.000374666
0.000401685
0.000390397
0.000391358
0.000383405
0.000426565
0.000392203
0.000401188
0.000408854
0.000373777
0.000399625
0.000407956
0.000400881
0.000374505
0.00039138
0.000374654
0.000400684
0.000374123
0.000391871
0.000391513
0.000416275
0.000399823
0.000417385
0.000391676
0.000391126
0.000399624
0.00043329
0.000425895
0.000391669
0.000399446
0.000426638
0.000409368
0.000399827
0.00039996
0.000382628
0.000382804
0.000390973
0.000374331
0.000417171
0.000441806
0.000366
0.000392388
0.000424844
0.000415924
0.00042568
0.000398917
0.000417155
0.000400359
0.000391858
0.000407617
0.00040925
0.000390977
0.000391842
0.000400197
0.000409462
0.000399676
0.000391862
0.000415902
0.000391146
0.000382785
0.000400559
0.000416429
0.0004239
0.000374876
0.000434004
0.000415916
0.000375403
0.000400435
0.000409089
0.000374135
0.00040812
0.00039079
0.000373777
0.000374477
0.000407739
0.00040017
0.000407727
0.0003911
0.000409585
0.000416994
0.000391871
0.000382984
0.000391146
0.000382823
0.000400931
0.000400027
0.000407377
0.000400286
0.000426021
0.000433595
0.000392376
0.000407972
0.000391266
0.000407748
0.000426958
0.000366
0.000374138
0.000415932
0.000407975
0.00039299
0.000384269
0.000374319
0.000383016
0.000390754
0.000425886
0.000391921
0.000409661
0.000399647
0.000408297
0.000424649
0.000382281
0.00039097
0.000425699
0.000408127
0.000415153
0.00039837
0.000408336
0.000416085
0.000373974
0.000391288
0.000400345
0.000407796
0.000374315
0.000400724
0.000409615
0.000391854
0.000383014
0.000390252
0.00039326
0.000407951
0.00039152
0.000383529
0.000383916
0.000383018
0.000399988
0.00040038
0.00041681
0.000424736
0.00041773
0.000390781
0.00039985
0.000401083
0.000409487
0.000400026
0.000399984
0.000392008
0.000392077
0.000408531
0.000373974
0.000418792
0.00040888
0.000400037
0.000399662
0.000400845
0.000417905
0.000390987
0.000427303
0.000407791
0.000408981
0.000400193
0.000417363
0.000382458
0.000409688
0.000392636
0.000398908
0.000417363
0.000400173
0.000424986
0.0003832
0.000408338
0.000417413
0.000408821
0.000400753
0.000399644
0.00039998
0.000425132
0.000374315
0.000393282
0.000391327
0.000434689
0.000434502
0.000399829
0.000391907
0.000435292
0.00040832
0.000382659
0.000382797
0.000407781
0.000390739
0.000400126
0.000374504
0.000400717
0.000400016
0.00041628
0.000417981
0.000383019
0.000391864
0.000382822
0.000433447
0.000366
0.000374146
0.00037488
0.000390962
0.000382774
0.000408352
0.000391463
0.000399511
0.000391878
0.000435278
0.000407813
0.000443211
0.000432912
0.000409421
0.000400379
0.000383715
0.000417324
0.000417185
0.000432034
0.000399628
0.000391666
0.000366
0.000409338
0.000408715
0.000374131
0.000366
0.000400001
0.000391731
0.00038282
0.000401483
0.000383211
0.000443697
0.000399827
0.000382828
0.000382451
0.000382996
0.000391853
0.000383914
0.000392009
0.000408276
0.000382481
0.000391975
0.000392964
0.000392186
0.000441795
0.000391858
0.000408121
0.000391157
0.000375053
0.000374143
0.000400495
0.000407605
0.000435953
0.000418445
0.000374137
0.000391359
0.000424964
0.000391724
0.000408512
0.000374119
0.000390798
0.00037487
0.000409764
0.000433643
0.000409125
0.000391104
0.000383901
0.000414701
0.000390751
0.000417208
0.000417184
0.000433111
0.000399821
0.00039183
0.000374138
0.000399998
0.000426056
0.000408508
0.0003745
0.000400215
0.000382271
0.000424963
0.000399647
0.000425327
0.000400345
0.000398583
0.000374643
0.000374838
0.000425999
0.000373954
0.000391883
0.000382979
0.000392245
0.000399641
0.00037467
0.000401061
0.00037397
0.000366
0.000382293
0.000408493
0.000399453
0.000426636
0.00039203
0.000384385
0.000382831
0.000399077
0.000407416
0.000391684
0.00039098
0.000375046
0.000390244
0.000391657
0.000391143
0.000417022
0.000433227
0.000426028
0.000382469
0.00039042
0.000399853
0.000391717
0.000400953
0.000399814
0.000366
0.000390802
0.000417827
0.000398904
0.000382113
0.000408518
0.00037468
0.000399455
0.00040903
0.000399983
0.000382451
0.000392339
0.00040116
0.000374308
0.000373961
0.000392087
0.000444124
0.000383016
0.000390415
0.000391309
0.000374124
0.000391676
0.000418271
0.000383708
0.000399441
0.000408168
0.000383511
0.000383523
0.000382631
0.000398882
0.000374327
0.000433781
0.000391112
0.000374506
0.000391508
0.000374701
0.000409254
0.000383338
0.000374513
0.000374296
0.000382997
0.0004166
0.000417527
0.000407264
0.000399831
0.000391854
0.000400712
0.000399278
0.000392752
0.000401692
0.000399482
0.000383952
0.000392181
0.00043385
0.000400724
0.00038319
0.000391066
0.000401268
0.000432547
0.000391337
0.00040103
0.00039168
0.000374678
0.000382846
0.000407833
0.000374308
0.000425317
0.000399976
0.000382789
0.000426422
0.000408315
0.000391314
0.000418753
0.000400412
0.000426189
0.000383026
0.000434012
0.000407964
0.000450522
0.000390765
0.000402126
0.000416315
0.000399805
0.000407601
0.000391489
0.0003995
0.000382805
0.000382472
0.000399625
0.000416486
0.000383723
0.000391672
0.000399631
0.000391328
0.000400029
0.000407597
0.000382631
0.000435216
0.000418015
0.000399831
0.00044142
0.000392072
0.000374692
0.00038322
0.000417871
0.000436231
0.000383554
0.000432544
0.000408337
0.00041703
0.000383512
0.0003915
0.000391548
0.000398908
0.000391347
0.000415019
0.000392569
0.000400563
0.000408911
0.000399819
0.000424601
0.000415716
0.000400019
0.00041016
0.000399809
0.00039062
0.000416619
0.000391332
0.000408311
0.000418617
0.000409001
0.000426213
0.000399066
0.00039911
0.000408919
0.000392043
0.000383926
0.00039964
0.00041878
0.00040032
0.000391681
0.000382629
0.000374124
0.000409426
0.000400157
0.000416692
0.000383346
0.000408919
0.000401296
0.000373958
0.000399848
0.000391531
0.000409769
0.000406301
0.000392041
0.000390954
0.000399434
0.000400217
0.000390243
0.000391445
0.000375431
0.000383366
0.000452842
0.000410311
0.000392457
0.000391516
0.000407967
0.000408854
0.000435017
0.000391306
0.000415368
0.000400391
0.000400568
0.000391638
0.000391168
0.000391138
0.000390762
0.000408155
0.000383369
0.000390616
0.000432929
0.000366
0.00039022
0.000408128
0.000391451
0.000400531
0.000391136
0.000391508
0.000409365
0.000383173
0.000415041
0.000442806
0.000416456
0.000407424
0.000399796
0.000392087
0.000390928
0.000382643
0.000374324
0.000392241
0.000424136
0.000390602
0.000383351
0.000407422
0.000399079
0.000400395
0.000390927
0.000399784
0.000383511
0.00040759
0.000391315
0.000436718
0.000382604
0.000391309
0.000374873
0.000382093
0.000398731
0.000408083
0.000374142
0.00040938
0.000399088
0.000399957
0.000392769
0.000424842
0.000399668
0.000408297
0.000391125
0.000392399
0.000409906
0.000434369
0.000416601
0.000407972
0.000399086
0.000399159
0.000416109
0.000391847
0.000409996
0.000391137
0.000399425
0.000366
0.000391139
0.000398376
0.000392176
0.000417027
0.00039219
0.000390964
0.000408166
0.000401447
0.000390579
0.000433753
0.000399443
0.00038355
0.000400392
0.000383194
0.000382996
0.000391123
0.000416648
0.000408491
0.000391313
0.000407998
0.000426024
0.000423885
0.000408723
0.000415543
0.000408836
0.000374822
0.00039024
0.000426562
0.000382848
0.000400199
0.000400169
0.000400335
0.000374862
0.000391093
0.000384617
0.000407789
0.000374495
0.000407734
0.000374496
0.000390611
0.000409184
0.000374693
0.000458199
0.000390589
0.000426105
0.000450451
0.000416419
0.000426562
0.00039165
0.000433409
0.000400205
0.000417519
0.000390565
0.00039208
0.000390778
0.000374143
0.000399358
0.000400746
0.000425156
0.000400904
0.000400127
0.000441419
0.000427361
0.000399814
0.000374338
0.000383191
0.000374143
0.000425844
0.000426663
0.000391503
0.000374323
0.000450589
0.000392023
0.000383201
0.000401224
0.000383553
0.000391324
0.000401029
0.000399972
0.000374857
0.000391371
0.000400403
0.000416039
0.000392371
0.000374854
0.000407967
0.000417333
0.000408299
0.000383192
0.000393287
0.000408144
0.00039997
0.000391502
0.000417709
0.000425834
0.000382476
0.000423189
0.000399272
0.000426113
0.000416315
0.000409104
0.000407567
0.000416442
0.000451267
0.000375071
0.000382816
0.000392037
0.000391675
0.000366
0.000424457
0.000383579
0.000400591
0.000366
0.000383895
0.000408661
0.000374507
0.000391992
0.000399085
0.00039256
0.000400675
0.000409114
0.000407629
0.000399623
0.000407954
0.000399945
0.000408826
0.000382649
0.000426179
0.000382964
0.000425995
0.000400041
0.000400019
0.00044216
0.000400686
0.000401535
0.000426973
0.000391501
0.000399977
0.000433817
0.000399596
0.000400162
0.000400661
0.00038282
0.000374123
0.00038356
0.000407775
0.000374309
0.000400712
0.000409748
0.000400275
0.000382658
0.000417148
0.00039133
0.000400541
0.000391157
0.000411202
0.000399116
0.000425677
0.000416308
0.000417528
0.000424628
0.000399643
0.000399807
0.000424231
0.000382612
0.000407995
0.000400185
0.000434708
0.000415731
0.000399434
0.000382596
0.000391504
0.000375198
0.000407415
0.000401137
0.000417675
0.000390968
0.000390779
0.000391815
0.000400163
0.000408484
0.000408859
0.000416303
0.000415018
0.000366
0.000400339
0.000366
0.000449186
0.000391306
0.000374489
0.000398727
0.000382762
0.000423686
0.00040198
0.000374858
0.000441584
0.000435663
0.00040835
0.000408317
0.000383545
0.000415544
0.000417166
0.000383049
0.000425696
0.000391337
0.000417923
0.000391296
0.000400465
0.000427202
0.000366
0.000390424
0.000383
0.000410291
0.000399039
0.000409231
0.000417101
0.000400336
0.0004168
0.000415132
0.000408506
0.000382628
0.000366
0.000391289
0.000425509
0.000399838
0.000417055
0.000408307
0.000407918
0.000373981
0.000391143
0.000416051
0.00039247
0.000382626
0.000382832
0.000383574
0.000373966
0.000383542
0.000391635
0.000391842
0.000416663
0.000434296
0.000426406
0.000399296
0.00040073
