0.00978816
0.0104378
0.010879
0.00978253
0.0102034
0.0103848
0.00935328
0.00999196
0.00957507
0.0097925
0.0104285
0.00977813
0.00958856
0.00936239
0.00976984
0.00978724
0.00978226
0.0095623
0.0102308
0.0102039
0.00976608
0.00979999
0.00936673
0.0100417
0.00979714
0.00999049
0.0101995
0.0104122
0.00957452
0.0110451
0.00977052
0.00998765
0.00983048
0.00998273
0.009566
0.0103987
0.0102359
0.0104249
0.0100171
0.00937253
0.0101991
0.00976497
0.0102123
0.00977388
0.0102292
0.00936339
0.00999484
0.00998618
0.00979605
0.0106274
0.0097917
0.00959379
0.0101914
0.00957968
0.00977799
0.0106013
0.0097601
0.0100399
0.00999031
0.0100409
0.0100081
0.0100262
0.00957885
0.0108833
0.00980651
0.010602
0.00999025
0.00999532
0.0108408
0.0100092
0.00978174
0.00935839
0.0102037
0.00956559
0.0106383
0.00978796
0.00915
0.0104075
0.0110588
0.0107829
0.00959836
0.00979614
0.00979922
0.00999505
0.0097959
0.0115317
0.0104073
0.00936233
0.0102019
0.00978359
0.0104718
0.009825
0.0102433
0.010213
0.0100206
0.00978747
0.00954799
0.00956559
0.0102276
0.00977413
