0.000212941
0.000204653
0.000207861
0.000196035
0.000192033
0.000196107
0.00021381
0.000208942
0.000216847
0.000195752
0.000196019
0.000195827
0.000204776
0.000199737
0.000204424
0.00020035
0.000203623
0.00020464
0.000200183
0.000191484
0.000191139
0.000204266
0.000195916
0.000216078
0.000204344
0.000199548
0.000191405
0.000199835
0.000208223
0.000191516
0.000208137
0.000190868
0.00020012
0.000191325
0.000195302
0.000204788
0.000199281
0.00020432
0.000212312
0.000191144
0.000204253
0.000199866
0.000196099
0.000196036
0.000200291
0.000208426
0.00019576
0.000196466
0.00019593
0.000195492
0.000204419
0.000208733
0.00020894
0.000205048
0.00018724
0.000199443
0.000208844
0.00019584
0.000195645
0.000204652
0.000203801
0.000187256
0.000209131
0.0001914
0.000191673
0.000191589
0.000183
0.000205051
0.00019149
0.000187335
0.000195854
0.000208475
0.000200424
0.000196199
0.000200463
0.0002037
0.000200079
0.000191666
0.000200089
0.000195849
0.000191326
0.000216453
0.000199347
0.000195996
0.000200838
0.000229626
0.000200482
0.000208746
0.00020039
0.0001914
0.000203787
0.000199748
0.000200468
0.000199727
0.000204333
0.000196508
0.000195838
0.00020017
0.0002122
0.000196211
0.000195656
0.000195578
0.000191591
0.00021247
0.000195849
0.000187158
0.000208692
0.000207705
0.000191415
0.000200121
0.000200107
0.000191401
0.00020344
0.000200183
0.000216987
0.000195823
0.000199713
0.000208502
0.000196326
0.000199996
0.000191304
0.000208236
0.000208917
0.000195568
0.000195391
0.000204233
0.00019188
0.000183
0.0002039
0.000187069
0.000204443
0.000200462
0.000203989
0.0001999
0.000199708
0.000191511
0.000195729
0.000191764
0.000191302
0.000208496
0.000204428
0.000204178
0.000187431
0.000187432
0.000195655
0.000191425
0.000199909
0.000204455
0.000200537
0.000222008
0.000191658
0.000191419
0.00020541
0.000200023
0.000190968
0.000200467
0.000212589
0.000195478
0.00019621
0.000217691
0.000199274
0.000209482
0.00018744
0.000200019
0.000199892
0.000200365
0.000191686
0.000187421
0.000212684
0.000208612
0.000187436
0.0001914
0.000196032
0.000200009
0.000187254
0.000196027
0.000186981
0.000204514
0.000187337
0.000191501
0.000208528
0.000187601
0.000187261
0.000195492
0.000191306
0.000199917
0.00020452
0.000216624
0.000190952
0.000212651
0.000187981
0.000191682
0.000208391
0.000196082
0.000191694
0.000204536
0.000204163
0.000196834
0.000200625
0.00022087
0.00020009
0.000204641
0.000200087
0.000199661
0.00020052
0.000195472
0.000195571
0.000191502
0.000204068
0.000204759
0.000208329
0.00020453
0.000195471
0.000191415
0.00019559
0.000187252
0.000191951
0.000191227
0.000199885
0.000208746
0.000183
0.000204713
0.000200459
0.000204075
0.000199711
0.000183
0.000217452
0.00019593
0.000191394
0.000204335
0.000183
0.000191863
0.000203717
0.000199829
0.000203906
0.000217336
0.000187071
0.000191322
0.000208336
0.0001997
0.000199989
0.000204156
0.000204252
0.000200104
0.000191404
0.0002002
0.00022209
0.000195765
0.000220265
0.000191323
0.000191225
0.000212965
0.000187242
0.000191304
0.000208123
0.000203589
0.000199466
0.000212675
0.000187337
0.000187161
0.000195466
0.000203941
0.000196372
0.000199991
0.000191596
0.000199559
0.000187175
0.000191133
0.000213181
0.000200181
0.000204047
0.000200809
0.000191696
0.000191688
0.00021321
0.000203431
0.000187159
0.000203797
0.000200245
0.000208477
0.000208677
0.000195104
0.000208675
0.000195829
0.000216005
0.000195867
0.000213189
0.000199447
0.00020407
0.000187152
0.000195749
0.000204595
0.000191789
0.000203853
0.000208763
0.000191502
0.000204406
0.000196099
0.000191504
0.000200062
0.000199916
0.000199809
0.000191428
0.000204793
0.000199557
0.000208063
0.000204902
0.000195635
0.000196212
0.00020028
0.000191764
0.000208499
0.000195555
0.000196209
0.000212921
0.000191498
0.000195479
0.000195658
0.000204437
0.000195012
0.000212477
0.000203976
0.000191853
0.000199739
0.000195387
0.000191934
0.000200075
0.000200461
0.000204167
0.000209167
0.000191412
0.000204146
0.000195671
0.000199813
0.000204876
0.000191496
0.000192045
0.000195383
0.000195585
0.000216461
0.000187427
0.000213092
0.000204332
0.000207957
0.000213245
0.000195665
0.000213438
0.000183
0.000205199
0.000187614
0.000195588
0.000199828
0.000191227
0.000203791
0.000195851
0.000195562
0.000208154
0.000199264
0.000195536
0.000187152
0.000191131
0.000195836
0.00020027
0.000195669
0.000187431
0.000195565
0.00022046
0.000187075
0.000199816
0.000195762
0.000187153
0.000220885
0.000212654
0.000187235
0.000183
0.000196037
0.000195473
0.000187423
0.000204083
0.000187168
0.000221818
0.00019609
0.000229055
0.000195754
0.000195653
0.000204356
0.000200544
0.000213748
0.000195565
0.000192131
0.000207503
0.000208245
0.000195835
0.000191865
0.000195829
0.000204234
0.000195919
0.000200114
0.000209144
0.000195748
0.000191959
0.000195102
0.000200087
0.000204242
0.000187504
0.000199727
0.000195836
0.000196204
0.000200361
0.000196399
0.000199815
0.000183
0.000187077
0.000204322
0.000211851
0.000208351
0.000192122
0.000204628
0.000195837
0.00022027
0.000196215
0.000195855
0.00019582
0.00019132
0.000191328
0.000200173
0.00019158
0.000203865
0.000200112
0.00018725
0.000191494
0.000195552
0.000213026
0.000203714
0.000191514
0.000208682
0.000208784
0.000203701
0.000187427
0.000199621
0.000204319
0.000203866
0.00020445
0.000191321
0.000212403
0.000200078
0.00019595
0.000204622
0.000200201
0.000199906
0.000203896
0.000205038
0.000187152
0.000195642
0.000196086
0.000191236
0.000212478
0.000195561
0.000212381
0.000187165
0.000200275
0.000200009
0.000191702
0.000208299
0.000205073
0.000199911
0.000196743
0.000203616
0.000199729
0.000200175
0.000195964
0.000203631
0.000196065
0.00019974
0.000216156
0.000195744
0.000196279
0.000204058
0.000187609
0.000195901
0.000195943
0.000208494
0.000203893
0.000183
0.000191051
0.000213088
0.000208677
0.000191494
0.000217528
0.000209484
0.000191403
0.000195561
0.000200268
0.000195926
0.000187229
0.000200014
0.000199791
0.000195668
0.000191479
0.00019185
0.00019557
0.000204233
0.000199724
0.000208239
0.00020443
0.00019557
0.000183
0.000213239
0.00020875
0.000199824
0.000209571
0.00021193
0.000204248
0.000213041
0.000195124
0.000191421
0.000203708
0.000204317
0.000187067
0.000204774
0.000203961
0.000187244
0.000200533
0.00021297
0.000200285
0.000204076
0.00020462
0.000212407
0.000196295
0.000187156
0.000208511
0.00020879
0.000200144
0.000212588
0.000234193
0.000200091
0.000221445
0.00019582
0.000191409
0.000195571
0.000208497
0.000204223
0.000204588
0.000191234
0.000221313
0.000217366
0.000208141
0.000195667
0.000187155
0.000203943
0.000195849
0.000191595
0.000195668
0.00022649
0.000204519
0.000191155
0.000191586
0.000195481
0.000195483
0.000187423
0.000191792
0.000200333
0.000191241
0.000217539
0.000191675
0.000199842
0.000191681
0.000216172
0.000191596
0.000187339
0.000195907
0.000192026
0.000199842
0.000196468
0.000203952
0.000200376
0.000195299
0.000195945
0.000212458
0.000204442
0.000199835
0.000187154
0.000208496
0.000200189
0.000208317
0.000192133
0.000199743
0.00019566
0.000208431
0.000191623
0.00019927
0.000183
0.000195738
0.000217463
0.000203623
0.00020885
0.000196021
0.000199748
0.000191759
0.00019159
0.000208244
0.000216382
0.000207439
0.000195212
0.000191493
0.000187073
0.000187152
0.000212901
0.000204046
0.00020016
0.000204078
0.000200268
0.000195471
0.000199471
0.000199711
0.000191389
0.000191227
0.000208427
0.00019954
0.000220615
0.000200342
0.000207954
0.000209201
0.000208699
0.000208751
0.00020785
0.000187424
0.000203639
0.00019158
0.000192148
0.000195753
0.00020038
0.000195848
0.000196029
0.000187343
0.000195661
0.000208035
0.000199468
0.000199382
0.000200534
0.000195923
0.000203726
0.000196467
0.000187611
0.000187253
0.000208329
0.000187327
0.000209072
0.00019973
0.000199642
0.000204727
0.000199365
0.000187356
0.000200357
0.000195383
0.00020813
0.00019184
0.0001993
0.000207964
0.000208297
0.00020876
0.000187261
0.000195573
0.00018736
0.000195921
0.000212828
0.000191419
0.000195485
0.00018717
0.00020867
0.000204974
0.000208433
0.00019566
0.000213309
0.0002043
0.000187254
0.000199834
0.000195398
0.000204313
0.000200154
0.000196274
0.000200094
0.000195312
0.000195727
0.000208585
0.000187337
0.00019632
0.000195373
0.000191501
0.000196056
0.000195649
0.000199985
0.000199643
0.000195576
0.000191686
0.000187349
0.000187254
0.000204247
0.000204251
0.000199835
0.000191129
0.000209211
0.000217111
0.000208512
0.000195738
0.000204535
0.000199815
0.000199912
0.000199823
0.000204655
0.000203509
0.000195754
0.000212722
0.000200284
0.00019639
0.000187066
0.000191408
0.000216694
0.000191708
0.00021275
0.000207772
0.000204247
0.000204048
0.000186973
0.000212921
0.000195666
0.000195666
0.000195462
0.000183
0.000199634
0.000195558
0.000205014
0.000203078
0.000204801
0.000208043
0.000191498
0.000199736
0.00020856
0.000208672
0.000199638
0.000187175
0.000208514
0.000203973
0.000200645
0.000199536
0.000195552
0.000191785
0.00019575
0.000195572
0.000212644
0.000199986
0.000201177
0.000212764
0.0002002
0.000199277
0.000196027
0.000216997
0.000191398
0.000195456
0.000204685
0.000187242
0.000195923
0.000204252
0.000196258
0.00019584
0.000200444
0.000200018
0.000191778
0.00019592
0.000195596
0.000187163
0.000201169
0.00020898
0.000196269
0.000204421
0.000209102
0.000200071
0.000204181
0.000195839
0.000212458
0.000221321
0.000221667
0.000191415
0.000196456
0.000199631
0.000220839
0.000191406
0.000212325
0.000220724
0.000208852
0.000199994
0.000200268
0.0001915
0.000187146
0.000216601
0.000191233
0.000200178
0.000229138
0.000212588
0.00022145
0.000200113
0.000199628
0.000199746
0.000208493
0.000221635
0.000204801
0.000195578
0.000220689
0.000191751
0.000216728
0.000213909
0.000195476
0.000195136
0.000204521
0.000211848
0.000212998
0.000199625
0.000204308
0.000208389
0.000208577
0.000195642
0.000199712
0.000212406
0.000204611
0.000208334
0.000191404
0.000191495
0.000199997
0.000195923
0.000208232
0.000191505
0.000195731
0.000204627
0.000200083
0.000217523
0.000200387
0.00020034
0.000186973
0.000208316
0.000191237
0.00020496
0.000201019
0.000208258
0.000191584
0.000199574
0.000204336
0.000212214
0.000195854
0.00019538
0.000213206
0.000191685
0.000191859
0.000196024
0.000203811
0.000199454
0.000195925
0.000187523
0.000212757
0.000217188
0.000208767
0.000191415
0.000204446
0.000204519
0.000191322
0.000212785
0.000213359
0.000199646
0.000208443
0.000204144
0.000190958
0.000199545
0.000191775
0.000195719
0.000183
0.000212298
0.000200108
0.000199649
0.000191589
0.000195306
0.000195016
0.000196225
0.000191415
0.000195987
0.000204261
0.000196039
0.000216526
0.000208759
0.000191595
0.000187333
0.000191323
0.000200439
0.000200569
0.000209619
0.000200008
0.000199641
0.000203439
0.000208572
0.000191856
0.000208221
0.000191776
0.000199977
0.000191496
0.000195285
0.000205112
0.000213273
0.000199555
0.000195301
0.000199914
0.000208421
0.000208715
0.000191231
0.000203887
0.00019584
0.000217016
0.000204444
0.000196096
0.000200316
0.000191414
0.000191323
0.000187521
0.000195925
0.000204624
0.000195738
0.000208946
0.000187434
0.00020055
0.000191426
0.000191306
0.000200185
0.000208845
0.000191415
0.000204481
0.000199356
0.000204253
0.00019122
0.000195832
0.000209119
0.000207974
0.000187066
0.000200548
0.000196201
0.000195457
0.000203978
0.000204063
0.000204395
0.000195304
0.000199828
0.00020001
0.000199982
0.000199558
0.000191596
0.000203969
0.000191672
0.000196541
0.000207963
0.000204443
0.000204238
0.000191505
0.000191863
0.000191769
0.000204698
0.000200092
0.000196006
0.000212606
0.000195206
0.000191424
0.000207792
0.000208673
0.000205298
0.000195584
0.000191848
0.00019557
0.000204679
0.000195215
0.000199576
0.000195653
0.000199644
0.000187252
0.000191229
0.000199637
0.000204684
0.000208145
0.00018726
0.000203878
0.000200258
0.000212845
0.000212484
0.000203625
0.000213393
0.000199887
0.000203774
0.000191398
0.000203618
0.000191764
0.000212014
0.000196037
0.000204695
0.000191152
0.000199734
0.00019131
0.000191407
0.000200179
0.000204374
0.000196132
0.000195828
0.000204425
0.000199985
0.000209032
0.000196023
0.000212292
0.000199618
0.000187334
0.000204619
0.000199884
0.000195936
0.000208719
0.0002174
0.000195224
0.000187169
0.000191331
0.000211767
0.000200084
0.000195389
0.000195285
0.000191481
0.000199806
0.000191406
0.0002002
0.000195398
0.000199553
0.000195575
0.000204423
0.000204542
0.000191317
0.000191141
0.000195834
0.000208658
0.000191485
0.000191135
0.00019149
0.000187246
0.000204047
0.000187242
0.000200546
0.000195733
0.000217626
0.000203554
0.000191871
0.000187162
0.000191419
0.000208419
0.000208059
0.000195289
0.000191321
0.000196415
0.000191216
0.000217145
0.000200188
0.000191428
0.000204448
0.000204066
0.000195839
0.000208752
0.000195942
0.000199819
0.000191585
0.000191409
0.000208122
0.000195737
0.000187062
0.000204242
0.00019972
0.000183
0.000199458
0.000212804
0.000207956
0.000195569
0.000217191
0.000200364
0.000191678
0.000191142
0.000191422
0.000199809
0.00022126
0.000187424
0.000204794
0.000183
0.000191429
0.000191312
0.000208398
0.000191143
0.000200096
0.000208887
0.000204164
0.00019586
0.000204279
0.000195302
0.000195656
0.000212389
0.000199382
0.000203964
0.000200019
0.000208559
0.000203889
0.000213305
0.000187067
0.00020824
0.000187438
0.000220527
0.000199634
0.00019511
0.00019574
0.000208208
0.000204275
0.000191581
0.000208233
0.000208209
0.000196302
0.000199818
0.000204067
0.000208146
0.000187168
0.000195658
0.000195732
0.000200477
0.000191769
0.000187075
0.000195819
0.000195574
0.000199719
0.000212577
0.000187175
0.000183
0.000199986
0.000199649
0.00021314
0.000196498
0.000191752
0.000187154
0.000209874
0.000195829
0.000199674
0.00020054
0.000187065
0.000187329
0.00018725
0.000191596
0.00019152
0.000203912
0.00019548
0.000216805
0.000212759
0.000208223
0.000208393
0.0002125
0.000195549
0.000191489
0.00019113
0.000199737
0.000195669
0.000204329
0.000204166
0.000191678
0.000187239
0.000204861
0.000220575
0.000195575
0.000208928
0.00019556
0.000195936
0.000196038
0.000208127
0.000203877
0.000208607
0.000212935
0.000199831
0.000199666
0.000195929
0.000213121
0.000195917
0.000196038
0.000199546
0.000195669
0.000195398
0.000204441
0.000195739
0.000200646
0.000212649
0.000195143
0.000212004
0.000203985
0.000204134
0.00020422
0.000191958
0.000207958
0.000203903
0.000191421
0.000200096
0.000216538
0.000200059
0.000200425
0.000187152
0.000205156
0.000203812
0.000199462
0.000191599
0.000187073
0.000203908
0.000191225
0.000191437
0.00019503
0.000204325
0.000199975
0.000186973
0.000199974
0.000191415
0.000183
0.000199473
0.000200096
0.000208326
0.000191327
0.000191493
0.000195473
0.000191231
0.00020379
0.000187252
0.000200075
0.00019548
0.000200444
0.000200078
0.00020443
0.000196477
0.000207594
0.000212546
0.000195957
0.00019176
0.000208935
0.000216471
0.000191582
0.000200451
0.000199458
0.000191679
0.00019601
0.000204359
0.000200082
0.000204241
0.000191059
0.000208422
0.00019521
0.000191867
0.000216535
0.00019989
0.000209407
0.000204376
0.000191793
0.000212607
0.000204146
0.000204237
0.000191324
0.000221893
0.000187156
0.000187321
0.000212756
0.00019114
0.000187263
0.000208338
0.000216817
0.000203795
0.00018724
0.000200166
0.00019554
0.000196126
0.000213703
0.000200363
0.000204424
0.000187683
0.000199902
0.000199547
0.000203543
0.000216594
0.000212642
0.000220615
0.000195472
0.00019992
0.000203909
0.000200272
0.000195775
0.000216361
0.000195218
0.000208583
0.000200196
0.000208686
0.000203889
0.000200037
0.000195732
0.000191581
0.000200631
0.000199969
0.000195928
0.000213111
0.000204516
0.0001876
0.000195748
0.000204592
0.000200085
0.000187429
0.000191608
0.000203519
0.000191581
0.000191045
0.000213187
0.000204071
0.000204021
0.000196273
0.000196296
0.000199977
0.000204271
0.000192052
0.000204262
0.000195755
0.000195481
0.000195366
0.000191417
0.000191232
0.000203701
0.000191409
0.000200086
0.00020424
0.000208398
0.000208477
0.000199823
0.000196007
0.000191702
0.000212568
0.000195204
0.000204168
0.00019937
0.000195485
0.000191133
0.000191317
0.000208703
0.000208474
0.000200014
0.000195646
0.000186979
0.000191409
0.000208317
0.000199917
0.000204494
0.000195921
0.000208673
0.000212295
0.00019565
0.000199905
0.000186977
0.00020388
0.000191414
0.000191585
0.000204635
0.000191681
0.000204662
0.000209219
0.0001954
0.000207955
0.00019169
0.000208133
0.000199096
0.000200163
0.000199727
0.000195757
0.000196094
0.000208332
0.000199644
0.000203452
0.00018725
0.000199902
0.000212449
0.000196265
0.000200446
0.00019936
0.000199723
0.000203429
0.000199474
0.000216894
0.000195494
0.000195729
0.00018725
0.000213828
0.000208749
0.000207975
0.000199305
0.000209397
0.000195384
0.000195664
0.000213569
0.000204668
0.000204596
0.000204162
0.000215927
0.000183
0.000195651
0.000203889
0.00020035
0.000191671
0.000191951
0.0002045
0.000204949
0.000191567
0.000195559
0.000195481
0.000195382
0.000199999
0.000195939
0.000191221
0.000200073
0.000187353
0.000208595
0.000191505
0.000199729
0.000195849
0.000191498
0.000204196
0.000212758
0.000192049
0.000191498
0.000199622
0.000224299
0.000199545
0.000199019
0.000204069
0.000191041
0.000187516
0.000195385
0.000195401
0.000208716
0.000204056
0.000187062
0.000195913
0.000195289
0.000217015
0.000186988
0.000208406
0.000191498
0.000195586
0.000203514
0.000234404
0.000186983
0.000200441
0.000199654
0.000191504
0.000199896
0.000212666
0.000203796
0.000221845
0.000199819
0.000199748
0.000195851
0.000195767
0.00020885
0.000187158
0.000208336
0.00019574
0.000183
0.000217046
0.000212527
0.000204508
0.000191227
0.000221514
0.000191505
0.00020904
0.000192014
0.000204694
0.000191603
0.000186981
0.000195493
0.000195569
0.000200122
0.000195399
0.000203818
0.000195661
0.00019123
0.00019141
0.000199925
0.000187175
0.00021276
0.000208386
0.000195554
0.000200622
0.000208327
0.000187165
0.000217445
0.000196469
0.000199544
0.000204144
0.00021682
0.000195393
0.000200435
0.000187347
0.000203985
0.000203702
0.000207951
0.000199458
0.000191048
0.000204171
0.000195383
0.000183
0.000208674
0.000200099
0.000191522
0.00019511
0.00020053
0.000199816
0.000203441
0.000191583
0.000196307
0.000191135
0.000203635
0.000216647
0.000208927
0.000200638
0.000191315
0.000225213
0.000212954
0.000191399
0.000195482
0.000212478
0.000207961
0.000207799
0.000208572
0.000195484
0.000195571
0.00019175
0.000200097
0.000187239
0.000199813
0.000196021
0.000218075
0.000200283
0.000195466
0.000187415
0.000200172
0.000203727
0.000191841
0.000204226
0.000195863
0.000212298
0.000199554
0.000200183
0.000200467
0.000183
0.000195866
0.000221623
0.000191044
0.000208074
0.000208504
0.000213462
0.000195946
0.000203967
0.000195195
0.000203791
0.000195286
0.000187684
0.000187079
0.000212013
0.000203999
0.000200458
0.000183
0.000191784
0.000191242
0.000203782
0.000191964
0.000209213
0.000196288
0.000195785
0.000183
0.000195573
0.000191223
0.000199912
0.0002
0.000199669
0.000200092
0.000204876
0.000213321
0.000187334
0.000191325
0.000203702
0.000195862
0.000191142
0.000203992
0.00021709
0.000196021
0.000208046
0.000196194
0.000195393
0.000200611
0.000204719
0.000199716
0.000200469
0.00019963
0.000217516
0.000187067
0.000199295
0.000208447
0.000204169
0.000195736
0.00019602
0.000195366
0.000213024
0.000208224
0.000220787
0.000204241
0.000195569
0.000187519
0.000196269
0.000199981
0.000196003
0.000195293
0.000187072
0.000191578
0.000195838
0.000191148
0.000199944
0.000208495
0.000196216
0.000200085
0.000195671
0.000196121
0.000203918
0.00019567
0.000199472
0.000200265
0.000204074
0.000204355
0.000191673
0.000196418
0.000195486
0.000200851
0.000204598
0.000209213
0.000191048
0.000204235
0.000187158
0.000191952
0.000204149
0.00019178
0.000195461
0.000199453
0.000195863
0.000199999
0.000216465
0.000191408
0.000212851
0.000199812
0.000199896
0.000196045
0.000191836
0.000203498
0.000217725
0.000187064
0.000208662
0.000195746
0.00020877
0.000191949
0.00019954
0.000195294
0.000187608
0.000216735
0.000195665
0.000204544
0.00020845
0.000195651
0.000191682
0.000204169
0.000200049
0.000200201
0.000187514
0.00019196
0.000208944
0.000204533
0.000191322
0.000200003
0.000208253
0.000203519
0.00019583
0.00019576
0.00020822
0.000191584
0.000199999
0.000203981
0.000208246
0.000200419
0.000209549
0.000195761
0.000187431
0.000208497
0.000212833
0.000199631
0.000195926
0.000208163
0.000208149
0.000195408
0.000220869
0.000195658
0.000195761
0.000204628
0.000187686
0.00019572
0.000199927
0.00020424
0.000195575
0.00021277
0.000212404
0.000200025
0.000191686
0.000191682
0.000195735
0.000191697
0.00021214
0.000195745
0.000213405
0.000192324
0.000199656
0.000196019
0.000191402
0.000195546
0.000204425
0.000220425
0.000187436
0.000191231
0.000187071
0.000216644
0.000204523
0.000212994
0.000204168
0.0002124
0.000204958
0.000195672
0.000196033
0.000196364
0.000195391
0.000191223
0.000191593
0.000187158
0.000187168
0.000204398
0.000195842
0.000200159
0.000191136
0.000203859
0.000196021
0.000204163
0.000204873
0.000191577
0.00019946
0.000196206
0.00018733
0.000191804
0.000199375
0.000208511
0.00021285
0.000207955
0.000200079
0.000204342
0.000208597
0.000195974
0.000204634
0.000225038
0.000191497
0.000196017
0.000221535
0.000200269
0.000200271
0.000204439
0.000200763
0.000212387
0.000204584
0.00019603
0.000212886
0.00021272
0.00021747
0.000199917
0.000195302
0.000212653
0.000204551
0.000195643
0.000212668
0.000195772
0.000196184
0.000216202
0.000199885
0.000187161
0.000204183
0.000212374
0.000208868
0.000196127
0.000212704
0.000204638
0.000217121
0.000204358
0.000196009
0.000200389
0.000187248
0.000213046
0.000195932
0.000199731
0.000191312
0.000204059
0.000208769
0.000213223
0.00019575
0.000204273
0.000204892
0.00020369
0.000208775
0.000199808
0.000221517
0.000212419
0.000200265
0.000183
0.000191491
0.000191682
0.000199723
0.000208313
0.000200276
0.000212494
0.000196132
0.000195386
0.000195652
0.000208494
0.000199798
0.000200005
0.000187245
0.000191696
0.000191491
0.000195667
0.000217267
0.00019151
0.000195768
0.000195755
0.000195575
0.000204166
0.000203928
0.000195908
0.000195564
0.000199733
0.000195484
0.000203871
0.000204252
0.000199613
0.00019562
0.000195657
0.000217554
0.00021251
0.000196423
0.000199798
0.00019558
0.000191419
0.000196027
0.000192125
0.000187071
0.000205014
0.000200812
0.000208157
0.000183
0.00018715
0.000191413
0.000191944
0.000200005
0.000207637
0.000213355
0.00020875
0.00018717
0.000203707
0.000199907
0.000204071
0.000196244
0.000204327
0.000195318
0.000195304
0.000199714
0.00019584
0.000199706
0.000208144
0.000200257
0.000191598
0.000203545
0.000191855
0.000195463
0.000200154
0.000203872
0.000191519
0.000217286
0.000187069
0.000213515
0.000195544
0.000199881
0.000196099
0.000196105
0.000199528
0.000199466
0.00018734
0.000199763
0.000195846
0.000191326
0.000196046
0.000195212
0.00020407
0.000200275
0.000187167
0.000200386
0.000191793
0.000204083
0.00019603
0.00019585
0.000200272
0.000195784
0.000208748
0.000204271
0.000195204
0.000200437
0.000212364
0.000200279
0.000204162
0.000200249
0.000200093
0.000216643
0.00018725
0.000195847
0.000203939
0.000221092
0.000191921
0.000203688
0.000191491
0.000199998
0.000187067
0.000205145
0.000208757
0.000212741
0.000191571
0.000191762
0.00019575
0.000200202
0.000195944
0.000200173
0.000187156
0.000191516
0.000203986
0.000191587
0.000221576
0.000199827
0.000212296
0.000200723
0.000187244
0.000195923
0.000191509
0.000204881
0.000187156
0.000204346
0.000204525
0.000199659
0.000195941
0.000187344
0.000207602
0.000196011
0.000213303
0.000204815
0.000213571
0.000204234
0.0002
0.000191949
0.000195467
0.000196009
0.000204163
0.000200567
0.000191691
0.000191298
0.00020894
0.000204895
0.000199737
0.000195667
0.000238801
0.000195398
0.000204039
0.000191598
0.000213113
0.000200544
0.000200254
0.000205323
0.000191588
0.000195931
0.000199834
0.000208416
0.000199564
0.000203873
0.00020912
0.000183
0.000212641
0.000203956
0.000195568
0.000200005
0.000191855
0.000195846
0.000204461
0.000200542
0.00021291
0.000196266
0.000196005
0.00020839
0.00019974
0.000200261
0.000204081
0.000196009
0.000187156
0.00019186
0.000204321
0.000204175
0.000195813
0.000195746
0.000208028
0.000212717
0.00021621
0.000191678
0.000195657
0.000200254
0.000204329
0.000209112
0.000200726
0.000200656
0.000195392
0.000199445
0.000203979
0.000199544
0.000196181
0.000200545
0.000195732
0.000190956
0.000200167
0.000191589
0.000204274
0.000204516
0.000196041
0.000204267
0.000191133
0.000183
0.000204544
0.000191404
0.000199645
0.000195934
0.000183
0.000217251
0.000213146
0.000191684
0.000200281
0.000195571
0.00019556
0.000213648
0.000204592
0.000191041
0.000208508
0.000199625
0.000195467
0.000204344
0.00019962
0.000199643
0.000199727
0.000204621
0.000208757
0.0002082
0.000199806
0.000208346
0.000195641
0.000195023
0.00019998
0.000199623
0.000212668
0.000196283
0.000199999
0.000204078
0.000187062
0.000217269
0.000200009
0.00019593
0.000204898
0.000207967
0.000191581
0.000203992
0.000204677
0.000196115
0.000208551
0.000183
0.000204055
0.000204227
0.000203615
0.000204596
0.000199368
0.000199457
0.00020011
0.000191141
0.000199922
0.000221494
0.000200889
0.000199454
0.000204425
0.000195127
0.000208304
0.000187071
0.000225383
0.0002
0.000196029
0.000208969
0.000191775
0.000208673
0.000208056
0.000187431
0.000199739
0.000195744
0.000191671
0.000200102
0.00020435
0.000216344
0.00021328
0.000208786
0.000199279
0.00020418
0.000204112
0.000196112
0.000208156
0.000187255
0.000191219
0.000199904
0.000186889
0.000199708
0.00019548
0.000199821
0.000200379
0.000229937
0.000191495
0.000199812
0.000195484
0.000207777
0.000196358
0.000238454
0.000208149
0.00020508
0.000195489
0.000199746
0.000208308
0.000199551
0.000191577
0.000196141
0.000208509
0.000195303
0.000217267
0.000199906
0.000213393
0.000196121
0.000199993
0.00019547
0.000196196
0.000208396
0.000208854
0.000191575
0.000195839
0.000195833
0.000204437
0.000207964
0.000204718
0.000187259
0.00019559
0.000204226
0.000196276
0.000212246
0.000199479
0.000207888
0.000195382
0.000212228
0.000196052
0.000195288
0.000221232
0.000195376
0.000191675
0.000204244
0.000212936
0.000195392
0.000204807
0.00018725
0.000199813
0.000199709
0.000203695
0.00019613
0.00020841
0.000196476
0.000196317
0.000187331
0.000212655
0.000204524
0.000195211
0.000204056
0.000195863
0.0001916
0.000203595
0.000203747
0.000213232
0.00019575
0.000191419
0.000203527
0.000195473
0.000208399
0.000187255
0.000204021
0.000195665
0.000200067
0.000204771
0.000199358
0.000204153
0.000191676
0.000187156
0.000201201
0.000183
0.000191682
0.000204792
0.000207778
0.000204052
0.000204476
0.000191686
0.00019995
0.000183
0.000203697
0.000186975
0.000200155
0.000191317
0.000199978
0.000191129
0.000204071
0.000196465
0.000217386
0.00020388
0.000195847
0.000200973
0.000207776
0.000200024
0.000204337
0.000208401
0.000196022
0.000204165
0.000205135
0.000191502
0.000186979
0.000191665
0.00018717
0.000199631
0.000195564
0.000195636
0.000208318
0.000195381
0.000191316
0.000191158
0.000216717
0.00019549
0.000199744
0.000220557
0.00019176
0.000190864
0.000195493
0.000200364
0.000199364
0.000200732
0.000204078
0.000208573
0.000191238
0.000203975
0.000217127
0.000199906
0.00020841
0.000218135
0.000196016
0.000208517
0.000191792
0.000208865
0.000203612
0.000208872
0.000191218
0.000204742
0.000200929
0.000187072
0.000199923
0.000212575
0.000200416
0.000191154
0.000187075
0.000183
0.000195759
0.00020427
0.000187417
0.000212063
0.00019185
0.000191217
0.000208051
0.000199724
0.000191592
0.000196209
0.000217969
0.000187246
0.000203985
0.000186979
0.000205088
0.000195396
0.000195845
0.000213098
0.000216871
0.000208483
0.000196489
0.000195576
0.000195745
0.0002
0.000213672
0.000208705
0.000195635
0.00020017
0.000195748
0.000191669
0.00019511
0.000200246
0.000191419
0.000191675
0.000209087
0.000208449
0.00019548
0.000212381
0.000204492
0.000200531
0.000203545
0.000208393
0.000187686
0.000196008
0.000199991
0.000191854
0.000186979
0.000212666
0.000204084
0.000191586
0.000200005
0.000208297
0.000196146
0.000200263
0.0002133
0.000191312
0.000204433
0.000203816
0.00019586
0.000203974
0.000200255
0.000199917
0.000204247
0.000195941
0.000195659
0.000191416
0.000191581
0.000220956
0.000195943
0.000204166
0.000209049
0.000195753
0.000199642
0.000191236
0.000187261
0.000199453
0.000212571
0.000191317
0.0001998
0.000196268
0.000217427
0.000191955
0.000195311
0.000204149
0.000191328
0.000207893
0.000187156
0.00018745
0.0001914
0.000195206
0.000187546
0.000199487
0.000199725
0.000191587
0.000208567
0.000204521
0.000196287
0.000203912
0.000187056
0.000196322
0.000203706
0.00019997
0.000191046
0.000195834
0.00018753
0.000204082
0.000187248
0.000205063
0.000199276
0.000212433
0.000199993
0.000195932
0.000199632
0.00020417
0.000191319
0.000203811
0.000203626
0.000199747
0.000183
0.000216993
0.000199822
0.000187252
0.000191605
0.000220701
0.00020467
0.000191155
0.000204505
0.00018707
0.000200191
0.000200006
0.000191412
0.000200405
0.000187342
0.000191513
0.000191046
0.000196631
0.000199902
0.000200317
0.000207965
0.00021255
0.000196113
0.000208777
0.000207875
0.000203716
0.00019675
0.000183
0.00019565
0.000200733
0.000208611
0.000204611
0.000208508
0.000199726
0.000200182
0.000191496
0.000191677
0.000200255
0.000204043
0.000183
0.000195668
0.000191489
0.000199813
0.000204263
0.000191507
0.000195762
0.000191692
0.000195379
0.000195763
0.000200551
0.000199552
0.000208407
0.000191414
0.000187156
0.000183
0.0001915
0.000203996
0.000187257
0.000213557
0.000191389
0.000195474
0.000196014
0.000204051
0.000191246
0.000195558
0.000195407
0.000199898
0.000195655
0.000190868
0.000200242
0.000195302
0.000203904
0.000212749
0.000183
0.000195475
0.000195654
0.000195492
0.000191705
0.000196014
0.000199729
0.000191688
0.000199537
0.000212466
0.000204635
0.000191383
0.000200266
0.000195652
0.000195672
0.000208954
0.000212762
0.000191131
0.000203542
0.000191589
0.000203896
0.000199557
0.000183
0.000200103
0.000204311
0.000196035
0.00020017
0.000200178
0.000207779
0.000200891
0.00019566
0.000195767
0.000204409
0.000209175
0.000191775
0.000191851
0.000195662
0.00019557
0.000191759
0.000200636
0.000211949
0.000195571
0.000200451
0.000195384
0.000195301
0.000217414
0.000204348
0.000195569
0.000204337
0.000199911
0.000187256
0.000200126
0.000199845
0.000195764
0.000208216
0.000196032
0.000213787
0.000204244
0.000191408
0.000191757
0.000195848
0.000199818
0.000199987
0.000204529
0.00020018
0.000203744
0.000187154
0.000199285
0.000199628
0.000213472
0.000208137
0.000195909
0.000200015
0.000212526
0.000187163
0.000204678
0.00018706
0.000200018
0.000200103
0.000204899
0.000217465
0.000195289
0.000204257
0.000191777
0.000199917
0.000208664
0.000200011
0.0001916
0.00019983
0.000212457
0.000187065
0.00019574
0.000187244
0.000191386
0.000191693
0.000191601
0.000221509
0.000212752
0.000196384
0.000208056
0.000199374
0.000195468
0.000204263
0.000208568
0.000200349
0.000208732
0.000200051
0.000204048
0.000187513
0.000200463
0.000200646
0.000183
0.000187156
0.000204424
0.00019629
0.000195837
0.000204591
0.000204085
0.00020787
0.000195289
0.000208435
0.000204156
0.000187073
0.000212304
0.000208378
0.000196293
0.000212722
0.00020842
0.000191842
0.000213116
0.00021276
0.000204164
0.000204234
0.000213263
0.00019584
0.0001914
0.000191404
0.000195477
0.000204591
0.00019966
0.000200455
0.000199478
0.000200016
0.000196027
0.00019565
0.000204971
0.000199731
0.000200803
0.000203876
0.000195207
0.000204413
0.000204239
0.000203798
0.000199528
0.000199452
0.000200188
0.000199917
0.000191581
0.000196093
0.000196295
0.00021195
0.000191835
0.000195724
0.000200237
0.000195379
0.000207971
0.000187256
0.000204404
0.000221348
0.000208698
0.000203904
0.000208587
0.000191689
0.000204554
0.000199379
0.000200628
0.00020474
0.000191948
0.000195483
0.000186979
0.00019973
0.000200341
0.000195753
0.000200294
0.000191304
0.000209791
0.000199813
0.000187171
0.000204392
0.000204266
0.000187264
0.000195669
0.000208123
0.000191317
0.000191579
0.000199985
0.000204706
0.000204197
0.000208575
0.000199476
0.000196094
0.000191233
0.000199951
0.000191398
0.000200539
0.000191871
0.000199646
0.000204493
0.000195921
0.000196126
0.000204075
0.000203819
0.00019584
0.000195196
0.000186985
0.000199708
0.000209224
0.000200342
0.000217293
0.000196205
0.000191787
0.000209073
0.000187344
0.000195581
0.000221179
0.000208481
0.000191611
0.000187157
0.000200373
0.000204146
0.00021697
0.000196136
0.000208769
0.000195378
0.000199906
0.000203969
0.000195292
0.000216618
0.000195559
0.00019214
0.000207943
0.000216986
0.00019974
0.000196026
0.000216825
0.00019989
0.000221067
0.000195655
0.000191678
0.000200272
0.000208482
0.000204522
0.000199808
0.000191608
0.000200263
0.000187168
0.000199977
0.000191231
0.0001999
0.0002161
0.000191677
0.000212572
0.000187443
0.000213195
0.000215844
0.000183
0.000199644
0.000195299
0.000191587
0.000216286
0.000208516
0.000204538
0.000209098
0.000196017
0.000203889
0.000200692
0.000196111
0.000191788
0.00018726
0.000199828
0.000204518
0.000208207
0.000216524
0.000199825
0.000187165
0.000195575
0.000199989
0.000183
0.000200664
0.000191227
0.000199973
0.000200252
0.000212631
0.000200274
0.000187428
0.000203609
0.000216645
0.000191429
0.000195741
0.000209222
0.000195915
0.000212088
0.00019591
0.000200442
0.000195932
0.000199185
0.000212907
0.000191695
0.000191671
0.000195384
0.000187603
0.000191508
0.000199545
0.000212919
0.000192058
0.000208408
0.000208505
0.000220524
0.00019548
0.000203429
0.000204329
0.000196127
0.000204154
0.000209315
0.000200187
0.000208741
0.000196636
0.000191581
0.000203884
0.000187074
0.000191674
0.000191321
0.000195656
0.000187167
0.000208303
0.000216442
0.000195732
0.00020395
0.000221253
0.000200095
0.000191418
0.000213355
0.000187321
0.000199828
0.000208434
0.000199565
0.000195833
0.000199817
0.000191417
0.000195563
0.00019613
0.000203994
0.000212369
0.000196106
0.000204126
0.000195386
0.00020852
0.000195928
0.000204045
0.000191398
0.000195676
0.000199887
0.000200274
0.000187167
0.000195848
0.000199913
0.000204612
0.000204147
0.000212918
0.000200181
0.000191772
0.000195857
0.000191571
0.000199715
0.000212426
0.000195578
0.000204538
0.000191776
0.000200283
0.00019575
0.000195698
0.000204803
0.000199885
0.000217449
0.000199798
0.000204079
0.000187165
0.000204539
0.000212502
0.000203598
0.00018716
0.000207695
0.000204264
0.000191402
0.000195373
0.000195825
0.000226016
0.000209046
0.00020428
0.000204778
0.000204067
0.000195729
0.000191142
0.000196381
0.00020046
0.000195663
0.000225817
0.000195558
0.000204078
0.000187436
0.000217077
0.00020455
0.000208243
0.000191239
0.000200296
0.000203968
0.000200481
0.000199741
0.000203981
0.000187527
0.000208375
0.000191313
0.000195846
0.00019566
0.000200195
0.000203824
0.00019975
0.000187704
0.000213192
0.000199719
0.000191573
0.000191592
0.000199658
0.00019976
0.000196109
0.000196123
0.000212907
0.000187064
0.000195997
0.000195136
0.000196005
0.000187438
0.000191149
0.000195944
0.000195753
0.000200099
0.0002036
0.000195283
0.000191507
0.000204449
0.000192037
0.000199835
0.000200077
0.000199914
0.000220972
0.00020895
0.000199739
0.000191862
0.000195627
0.000199456
0.000195773
0.000191316
0.000195556
0.000192315
0.0002001
0.000191685
0.000196179
0.000191308
0.000200256
0.000207794
0.000199624
0.000183
0.000200139
0.000205122
0.000187152
0.000212925
0.000209031
0.000195659
0.000195948
0.000191131
0.000203814
0.000221584
0.000191703
0.000199455
0.000209128
0.000187342
0.000195199
0.00020894
0.000199355
0.000203644
0.000199805
0.000221148
0.000204337
0.000199896
0.00020807
0.00020896
0.000199842
0.000204151
0.000191249
0.000212664
0.000195737
0.000207948
0.000183
0.000203897
0.000203516
0.000199541
0.000187505
0.000183
0.000217037
0.000195398
0.000204408
0.000208301
0.000199374
0.0002001
0.000221719
0.000208747
0.000200263
0.000195669
0.00020874
0.000208521
0.000212761
0.000196721
0.000204973
0.000209401
0.000187708
0.000199731
0.000195588
0.000217193
0.000196204
0.000195846
0.000208857
0.00019556
0.000191309
0.000224841
0.000204632
0.0002
0.000195654
0.00020415
0.000212745
0.000196049
0.00018715
0.0002094
0.000204018
0.000191213
0.000200084
0.000191613
0.000191677
0.000195727
0.000187251
0.000204513
0.000195565
0.000204328
0.000208147
0.000187243
0.000195931
0.000195654
0.000195746
0.000199717
0.000191591
0.000195863
0.000195896
0.000199809
0.000191754
0.000208684
0.000200276
0.000208535
0.000187502
0.000208504
0.00020028
0.000199849
0.00020867
0.000208666
0.000195281
0.000220327
0.000204599
0.000203509
0.000204061
0.000183
0.000204832
0.000195395
0.000196018
0.000191749
0.00018717
0.000187349
0.000187251
0.000196038
0.000191608
0.000191319
0.000208113
0.000200095
0.000195203
0.000191329
0.000204511
0.000195476
0.000191325
0.000204454
0.000199661
0.000195909
0.000187428
0.000195577
0.000187248
0.000191767
0.000207586
0.000203894
0.000196024
0.000195673
0.00021294
0.000191492
0.000200061
0.000191153
0.000199516
0.000191313
0.000196221
0.000187345
0.000196115
0.000199988
0.000208138
0.000208608
0.000191404
0.000200083
0.000212555
0.000195831
0.000222773
0.000208843
0.000204692
0.000196046
0.000208577
0.000196109
0.000200097
0.00019583
0.000195566
0.000200394
0.00019556
0.00020361
0.000196655
0.00019132
0.000195743
0.000187244
0.000208747
0.000187508
0.000209419
0.000191504
0.000191673
0.000196213
0.000212928
0.000212923
0.000199817
0.000195552
0.000191393
0.000204023
0.000187695
0.00019604
0.00020443
0.000200249
0.000191587
0.000207609
0.000199623
0.000200198
0.000191667
0.000196385
0.000195739
0.000203861
0.000186979
0.000199998
0.000230406
0.000204218
0.000211929
0.000196101
0.000191141
0.000208347
0.000191767
0.000203884
0.000200375
0.000187447
0.000217359
0.000199457
0.000201109
0.00019565
0.000191138
0.000203629
0.000208149
0.00018734
0.000200536
0.000205057
0.000199905
0.000204358
0.000195658
0.000191507
0.000203887
0.000195775
0.000208391
0.000195857
0.000191652
0.000199894
0.000200425
0.000196199
0.000203608
0.00019556
0.000196376
0.000191507
0.00020364
0.000200004
0.000212754
0.000212832
0.000191599
0.000191879
0.000213572
0.000195202
0.000195584
0.000200065
0.000204058
0.000195658
0.000213946
0.000199631
0.000187349
0.000191484
0.00019591
0.000204631
0.000204352
0.000195289
0.000200198
0.000204959
0.000199898
0.000195207
0.000199647
0.000199366
0.000195746
0.000199637
0.000187243
0.000203693
0.000186977
0.000200098
0.000195394
0.000191691
0.000195676
0.000191666
0.000191585
0.000224785
0.000204431
0.000191777
0.000216603
0.000200329
0.000199796
0.000191493
0.000199546
0.000200187
0.00021731
0.000191984
0.000187154
0.000191229
0.000221536
0.000183
0.000187334
0.000212886
0.000191127
0.000187254
0.000208246
0.000205086
0.000191508
0.000199734
0.000187242
0.0001953
0.000186979
0.000208056
0.000203683
0.000191408
0.000204596
0.00019619
0.000191603
0.000196196
0.000203607
0.000200258
0.000204446
0.000191698
0.000195662
0.000195765
0.000191325
0.00020879
0.000195576
0.000200256
0.000204686
0.000208131
0.000204225
0.000212368
0.000186889
0.000203343
0.000212019
0.000187079
0.000212905
0.000209037
0.000195851
0.000200347
0.000204602
0.000200171
0.00020465
0.000191125
0.000209063
0.000217488
0.000195574
0.000203977
0.000186988
0.000203877
0.000199815
0.000187344
0.000207772
0.000191219
0.000191233
0.000208611
0.000191589
0.000200193
0.000217592
0.000213011
0.000183
0.000204601
0.000200104
0.000209031
0.000204426
0.000200066
0.000205025
0.000191304
0.000195954
0.000200109
0.000196205
0.000195481
0.000191511
0.00021248
0.000203715
0.00019576
0.00021672
0.00020391
0.000195757
0.000195676
0.000204056
0.000200643
0.000196009
0.000208771
0.000208327
0.000203695
0.000209147
0.000204072
0.000183
0.000203983
0.000195459
0.000195677
0.000183
0.000187242
0.000187154
0.000213197
0.000200362
0.000200362
0.00019584
0.000209328
0.000191896
0.000212661
0.000229312
0.000208147
0.000183
0.000204275
0.000195744
0.00019609
0.00021754
0.000196311
0.000195469
0.000208926
0.000199765
0.000208076
0.000195944
0.000195771
0.000183
0.000216833
0.000199093
0.000225995
0.000191492
0.000204831
0.000203806
0.000204365
0.000187071
0.000203812
0.000195673
0.000204429
0.000191328
0.000187158
0.000195661
0.000204689
0.000187074
0.000191133
0.000191398
0.000196021
0.000204745
0.000204313
0.000187719
0.000208499
0.000195946
0.000191224
0.000204015
0.000195497
0.000196269
0.000208385
0.000187236
0.000199896
0.000200464
0.000195308
0.000191043
0.000203878
0.000208582
0.0002
0.000196186
0.000191675
0.000212919
0.000204421
0.000246584
0.00019972
0.000187077
0.000187256
0.000204533
0.000200638
0.000191775
0.000208936
0.00020463
0.000195845
0.000187156
0.000183
0.000204359
0.000208506
0.000199535
0.000217273
0.00022125
0.000187178
0.000191573
0.000191325
0.000195855
0.000199977
0.0002085
0.000195471
0.000199277
0.000221056
0.000183
0.000195459
0.000204997
0.000187261
0.000191517
0.000211663
0.000208688
0.000199551
0.000195667
0.000191584
0.000191319
0.000196316
0.000199846
0.000199629
0.000191152
0.000187351
0.000200068
0.000191506
0.000200551
0.000208386
0.000191775
0.000196807
0.000212955
0.000191494
0.00019131
0.000208406
0.000204175
0.000191586
0.000199636
0.000199737
0.000211927
0.000196019
0.00020038
0.000212914
0.000204046
0.000187077
0.000208041
0.000187252
0.000199185
0.000196044
0.0001952
0.000195477
0.000204177
0.000195498
0.000204153
0.000187693
0.000208696
0.00021271
0.000195322
0.000195316
0.000195485
0.000199392
0.000208872
0.000191417
0.000212861
0.000216927
0.000212404
0.000204135
0.000203528
0.000208308
0.000213389
0.000191332
0.000208275
0.000199811
0.000221318
0.000187164
0.000196043
0.000187254
0.000221078
0.000208504
0.000191326
0.000187065
0.000195489
0.000191473
0.00019166
0.000200239
0.000200087
0.00019141
0.000208872
0.000200269
0.000216526
0.000212599
0.000204421
0.000191139
0.000191319
0.000191871
0.000200486
0.000220357
0.000187062
0.00019224
0.000204221
0.000195581
0.00020425
0.00020838
0.00021828
0.000187326
0.000199993
0.000213296
0.000205156
0.000200447
0.000208429
0.000200094
0.000204235
0.000196025
0.00021237
0.000191333
0.000195773
0.000204518
0.000208947
0.000195773
0.000204439
0.00019123
0.000191498
0.000183
0.00019982
0.000212264
0.000199455
0.000195742
0.000191765
0.000187158
0.000183
0.000208571
0.000208585
0.000183
0.000199478
0.000199993
0.000217364
0.000203715
0.000191519
0.00021214
0.000209582
0.00020831
0.000200534
0.00020829
0.000213013
0.000195565
0.000191327
0.000204607
0.000208468
0.000192131
0.000191598
0.000200263
0.000200643
0.000187252
0.000204711
0.000212574
0.000191313
0.000195785
0.000191583
0.0002046
0.000208404
0.000208319
0.00020859
0.000200435
0.000186983
0.000191309
0.000191147
0.000204714
0.000199291
0.000191593
0.000208301
0.000200183
0.000191316
0.000194851
0.000204449
0.000191662
0.000199568
0.000199645
0.000195933
0.000217661
0.000212594
0.000204065
0.00020344
0.000199632
0.000199809
0.000200635
0.000191131
0.000213485
0.000199913
0.000199823
0.000203989
0.000200361
0.00019646
0.000191323
0.000187522
0.000200266
0.000212386
0.000212672
0.000195932
0.000191149
0.000208404
0.000204693
0.000195481
0.00020845
0.000204257
0.000195959
0.00018769
0.000191519
0.000203983
0.000208213
0.000195648
0.000191777
0.000200089
0.000200514
0.000195739
0.00018744
0.000200024
0.000187247
0.000199721
0.000195476
0.00019167
0.000199801
0.000196484
0.000195842
0.00022117
0.000195915
0.000200105
0.000191852
0.00019214
0.000191322
0.000208197
0.000199627
0.000204969
0.0002218
0.000208316
0.000199813
0.000200247
0.000187064
0.000187432
0.000196025
0.000195858
0.000200194
0.000200268
0.000191686
0.000204047
0.000195563
0.000191586
0.000212916
0.000203619
0.000199626
0.000208039
0.000195285
0.000191313
0.000200411
0.000203802
0.000208415
0.000208596
0.00020034
0.000192147
0.000190862
0.00018715
0.000216559
0.000204701
0.00021264
0.000195963
0.000191489
0.00019964
0.000208037
0.000196221
0.000212947
0.000213038
0.00020507
0.000195662
0.000191605
0.000187516
0.000195821
0.000191864
0.000199627
0.000200468
0.000187069
0.000187515
0.000196016
0.000203895
0.00019122
0.000183
0.000209164
0.000191315
0.000199554
0.00019177
0.000199435
0.000203871
0.000212825
0.000183
0.000208629
0.000204266
0.000195691
0.00019595
0.000200187
0.000195947
0.000208781
0.000209091
0.000204148
0.000204071
0.000195679
0.000204404
0.000204413
0.000204348
0.00019946
0.000196016
0.000204156
0.000200364
0.00019981
0.000216902
0.00020822
0.000195474
0.000207704
0.000204149
0.000195934
0.000195668
0.000187432
0.000199902
0.000199445
0.0002001
0.000216799
0.000191608
0.000195479
0.000200826
0.000195112
0.000208406
0.000183
0.000191421
0.000191661
0.00019613
0.000195931
0.000187431
0.000207158
0.000187161
0.000200149
0.000212025
0.000186979
0.000195498
0.000195463
0.000195295
0.000208574
0.000195921
0.000199923
0.000216079
0.000187333
0.000208967
0.000220287
0.000217627
0.00019583
0.000200379
0.000208618
0.000208316
0.000199836
0.000191411
0.000195928
0.000199818
0.000187434
0.000191312
0.000200089
0.000191393
0.000183
0.000203437
0.000196016
0.000191678
0.000191419
0.00019991
0.000200005
0.000199902
0.00019972
0.000226152
0.000199979
0.000205106
0.000191045
0.000187336
0.000200274
0.00019946
0.000200635
0.000212032
0.000208324
0.000195656
0.000183
0.000191602
0.000191395
0.000191396
0.000199803
0.000211855
0.000200181
0.000191594
0.000209254
0.000204447
0.00020396
0.000208696
0.00019124
0.000212489
0.000195659
0.000191498
0.000208634
0.000204436
0.000200288
0.000208505
0.000199899
0.000204179
0.000205171
0.000191584
0.000191673
0.000200436
0.000199478
0.000200015
0.000208045
0.000199716
0.000191486
0.00019196
0.000199908
0.000203462
0.000199908
0.000191304
0.000203606
0.000195277
0.000200184
0.000213921
0.000200284
0.000203912
0.000196461
0.000200335
0.000204681
0.000195916
0.000200056
0.000187683
0.000191328
0.000208595
0.000183
0.000208132
0.000212226
0.000199744
0.000187163
0.00019946
0.000212553
0.000208238
0.000204696
0.000212478
0.000200168
0.000195946
0.000195402
0.000191423
0.000199728
0.000190956
0.000187073
0.000199933
0.000183
0.000195489
0.000191761
0.000208503
0.000209118
0.000195571
0.000212941
0.000208208
0.000200021
0.000200093
0.000195945
0.000191475
0.000208421
0.000200121
0.000208033
0.000195757
0.000208673
0.000186981
0.000208776
0.000191396
0.000208156
0.000204254
0.000200361
0.000199704
0.000192239
0.000195479
0.000200594
0.000191052
0.000199467
0.000200646
0.000191769
0.000200443
0.000208595
0.000217822
0.000208138
0.000196095
0.000200199
0.000195576
0.000203993
0.000195495
0.000199879
0.000191045
0.000208132
0.000191688
0.000186979
0.00021384
0.000195467
0.000225121
0.00019149
0.000199929
0.000195658
0.000200092
0.000209125
0.000191492
0.000191419
0.000195666
0.000191589
0.000208269
0.000204838
0.000199534
0.00020452
0.000191591
0.000187058
0.000195652
0.000191882
0.000208687
0.000204071
0.000199628
0.000212815
0.000220356
0.000204354
0.0001915
0.000196117
0.000196205
0.000200092
0.000195193
0.000191677
0.000208743
0.000199729
0.000199256
0.00020026
0.000226017
0.00021267
0.000187339
0.000199462
0.000200177
0.000191506
0.000204238
0.000195931
0.000196486
0.000191313
0.000196001
0.000195852
0.000195674
0.000195642
0.000217974
0.000205056
0.000195753
0.000195028
0.000195571
0.000207878
0.000191229
0.000208594
0.00019576
0.000195761
0.000204457
0.000187523
0.000196016
0.000208849
0.000204148
0.000213077
0.000199544
0.000196017
0.000213202
0.000204261
0.000191693
0.000222578
0.000199894
0.000195843
0.000195748
0.000195654
0.000199544
0.000187161
0.000204784
0.000209231
0.000195569
0.00020939
0.000200094
0.000213069
0.000191503
0.000194937
0.000199903
0.000212822
0.000200545
0.000208617
0.000200472
0.000199554
0.00020026
0.000203979
0.000208045
0.00019584
0.000187432
0.000195372
0.000212961
0.000196296
0.000217442
0.000183
0.000203816
0.000183
0.000204808
0.00020009
0.000191514
0.000191245
0.000191306
0.00019593
0.000187434
0.000208349
0.000200263
0.000204714
0.000191516
0.000191223
0.000208423
0.00019196
0.000191316
0.00020391
0.000186889
0.000205067
0.000191767
0.000199643
0.000187242
0.000196318
0.000217214
0.000203802
0.000208027
0.000196556
0.000199371
0.00019087
0.000195664
0.000204085
0.000204159
0.000196034
0.000204067
0.000216279
0.000191602
0.000208845
0.000212416
0.00020485
0.000204246
0.000203963
0.00019973
0.000191315
0.000191141
0.000196013
0.000196196
0.000191135
0.000203868
0.000200093
0.000200271
0.000199818
0.00020397
0.000191867
0.000187881
0.000183
0.000204203
0.000199916
0.000187071
0.000204405
0.000196083
0.00019521
0.000209453
0.000218197
0.000200168
0.000195583
0.000200738
0.000204622
0.00021259
0.00019963
0.00019957
0.000199544
0.000191488
0.000187252
0.000200079
0.0001953
0.000199762
0.000212486
0.000195923
0.000199933
0.000200004
0.000183
0.000187326
0.000208069
0.000195577
0.000203811
0.000199811
0.00020903
0.000204352
0.000207871
0.000187069
0.000196008
0.000196044
0.000209336
0.000200733
0.00019592
0.000204992
0.000200381
0.000191683
0.000203615
0.00020398
0.000191686
0.000199532
0.000199658
0.00020044
0.000196155
0.000204185
0.000195923
0.000187415
0.000200092
0.000200166
0.000187244
0.000195454
0.000187354
0.000209923
0.000187152
0.000199833
0.000195832
0.000217283
0.000204044
0.000199654
0.00019547
0.000203624
0.000216734
0.000199839
0.000195927
0.000195653
0.000229424
0.000204337
0.000208398
0.00020153
0.000199358
0.000199826
0.000208419
0.000199756
0.000208842
0.000192119
0.000200302
0.000199713
0.000191508
0.000208765
0.00020462
0.00022162
0.000195951
0.000204725
0.000200338
0.000195492
0.000195808
0.000191591
0.00020381
0.000208239
0.000200065
0.000199546
0.000191133
0.00019122
0.00020473
0.000191504
0.000208901
0.00020424
0.00019981
0.000195842
0.000203866
0.000199982
0.000187325
0.000187514
0.000187336
0.000200036
0.000195768
0.000199909
0.000204528
0.000195821
0.000187069
0.000191869
0.000191225
0.000196125
0.000187427
0.000208061
0.000209204
0.000199304
0.000217581
0.000204492
0.00019601
0.000191771
0.000204148
0.000199992
0.000195914
0.000217652
0.000199004
0.000195544
0.000200255
0.000204276
0.00021671
0.000200192
0.000195747
0.000199806
0.000196283
0.000195662
0.000196124
0.000187087
0.000200225
0.000195467
0.000208061
0.000208516
0.000208138
0.00021395
0.000196192
0.000208208
0.00020451
0.000199896
0.000191241
0.000191762
0.000207976
0.000203529
0.000196212
0.000212566
0.000196468
0.000199734
0.000199929
0.000212208
0.000208507
0.000204401
0.000195908
0.000199827
0.000187069
0.000212648
0.000200118
0.000205043
0.000195631
0.000199999
0.000204139
0.000195826
0.000203708
0.000191868
0.000199816
0.00019973
0.000204001
0.00021194
0.000191502
0.00019565
0.000191688
0.000187071
0.000208188
0.000207802
0.00019124
0.000191799
0.00019945
0.000195467
0.000191755
0.000204871
0.000207938
0.000208312
0.000195852
0.000195683
0.000191595
0.000199646
0.000224993
0.00019576
0.000216726
0.000191154
0.000204095
0.000195563
0.000191236
0.000204252
0.000191225
0.000216389
0.000199728
0.000220624
0.000195544
0.000212589
0.000195932
0.000221416
0.000199739
0.000191842
0.000200271
0.000195741
0.000212706
0.000204422
0.000208323
0.000208576
0.000203892
0.000196606
0.000203884
0.000195751
0.000195837
0.00020382
0.00020867
0.000195844
0.000187079
0.000199454
0.00019168
0.000203628
0.000195668
0.000208424
0.000195385
0.00019158
0.000204131
0.000208213
0.000204365
0.000187601
0.000195554
0.000195296
0.000191514
0.000208234
0.000187158
0.000187258
0.000204237
0.000209326
0.000199912
0.000203798
0.000204125
0.000208064
0.00020443
0.000191411
0.000195283
0.000191763
0.000191504
0.000195308
0.000196109
0.000191402
0.000195282
0.000199677
0.00020777
0.000212556
0.00018744
0.000200475
0.000212127
0.000208554
0.000199443
0.000204718
0.000212922
0.00019152
0.000191505
0.000191873
0.000204081
0.000204316
0.000208077
0.000195561
0.000191311
0.000208566
0.000200283
0.000213457
0.000187511
0.000208394
0.000196115
0.000195668
0.000208017
0.000208456
0.000187244
0.000199739
0.000208171
0.000191239
0.00020831
0.000187152
0.000191314
0.000204511
0.000191507
0.000203992
0.000204264
0.0001953
0.000204138
0.000183
0.000195645
0.00019575
0.000191785
0.000217278
0.000192036
0.000191513
0.000204897
0.000191676
0.000212301
0.000196572
0.000208766
0.000213177
0.000208852
0.000191665
0.000204225
0.000204621
0.000217291
0.000199812
0.000191498
0.000199927
0.000195648
0.000191229
0.000183
0.000218864
0.000212742
0.000195114
0.000218139
0.000195281
0.000199365
0.000191227
0.000195373
0.000212756
0.000208878
0.000212476
0.000191409
0.000195304
0.000200702
0.000208247
0.000196127
0.000195663
0.000204511
0.000191571
0.00019602
0.000199828
0.000204047
0.000199555
0.000217255
0.000199735
0.000208221
0.00018725
0.000195916
0.000205176
0.000186889
0.000190962
0.000195837
0.000217686
0.000200264
0.000183
0.000199646
0.000195751
0.000204862
0.000204254
0.000183
0.000195936
0.000196174
0.000200371
0.000204158
0.000191503
0.000195474
0.000203795
0.000199743
0.000195114
0.000208388
0.000199863
0.00019556
0.000191515
0.000199987
0.000213372
0.000205253
0.000195731
0.000199647
0.000213116
0.000186977
0.000204519
0.000203984
0.00021671
0.000200017
0.000195755
0.000195566
0.000204074
0.000200012
0.000199743
0.000199108
0.000195936
0.000195582
0.000199553
0.000204548
0.00020424
0.000187337
0.000191769
0.000229328
0.000194941
0.000204187
0.000192053
0.000217446
0.000183
0.000191426
0.000216973
0.000204546
0.000208667
0.000216383
0.000191133
0.000204506
0.000208347
0.000191133
0.000204089
0.000199738
0.000191509
0.000199733
0.000203901
0.000199814
0.00020396
0.000187154
0.000204582
0.000195481
0.000217111
0.000187529
0.000187248
0.000204125
0.000204598
0.000203882
0.00019972
0.000212601
0.000195385
0.000191222
0.000208812
0.000196277
0.000203613
0.000199927
0.000187259
0.000204428
0.000187073
0.00019972
0.000195493
0.000195206
0.000207773
0.000195293
0.000229097
0.000221858
0.00019177
0.000199992
0.000191227
0.000195585
0.00020976
0.000229256
0.000208627
0.000212905
0.000195659
0.000216019
0.000195396
0.000195468
0.000199825
0.000216817
0.000217642
0.000196302
0.000199739
0.000212445
0.000204063
0.000225746
0.000208578
0.000196047
0.000208749
0.000212856
0.000217725
0.000191484
0.000216652
0.000199906
0.000195864
0.000204418
0.000191488
0.00020868
0.000199909
0.000207761
0.000195813
0.000187158
0.000203814
0.000208674
0.000199713
0.000200537
0.000208577
0.000208856
0.000199993
0.00019618
0.000191596
0.000195683
0.000203272
0.000200075
0.000200186
0.000199465
0.000199272
0.000196032
0.000195559
0.000204538
0.000200084
0.000187248
0.000204325
0.000199642
0.000187425
0.000212842
0.000204364
0.000199831
0.000208967
0.000200357
0.0001998
0.000191588
0.000199995
0.000221063
0.000220594
0.000208137
0.000203444
0.000208381
0.000199922
0.000217003
0.000195574
0.000191769
0.000203952
0.000199978
0.000191317
0.000212675
0.000203986
0.000195728
0.0001914
0.000187069
0.000191891
0.000195951
0.000187239
0.000200458
0.000195743
0.000213123
0.000200199
0.000196366
0.000199643
0.000187073
0.000195771
0.000204066
0.000195386
0.000200361
0.000204414
0.000208659
0.000204507
0.000195825
0.000209395
0.000211966
0.000196139
0.000200015
0.000204155
0.000203712
0.000204082
0.000208147
0.000187156
0.000199718
0.000199906
0.000204161
0.000183
0.000212012
0.000191592
0.000187327
0.000191671
0.000225281
0.000195407
0.000187076
0.000191306
0.000200388
0.000208483
0.000204268
0.000191959
0.000200551
0.000199992
0.000204356
0.000187252
0.000191405
0.000200711
0.000200359
0.000208395
0.000186975
0.000199635
0.000200467
0.000208562
0.000195921
0.000187156
0.000200801
0.000204589
0.000200134
0.000204035
0.00020851
0.000200189
0.000203791
0.000208314
0.000199925
0.000200539
0.000221685
0.000191586
0.000212648
0.000200702
0.000191319
0.000196015
0.000187165
0.000191773
0.000191508
0.000187332
0.000191412
0.000208799
0.000191786
0.000191685
0.000187162
0.000199899
0.000208143
0.000203728
0.000200104
0.000216726
0.000195392
0.000200254
0.00020426
0.000196345
0.000191507
0.000195319
0.000204258
0.000195575
0.000208748
0.000203441
0.000187252
0.000195747
0.000199537
0.000195563
0.000205445
0.000203985
0.00018725
0.000187599
0.000213035
0.000217449
0.000200442
0.000204077
0.000187347
0.000200005
0.00018707
0.000205251
0.000204348
0.000216903
0.000191043
0.000187436
0.000186973
0.000204427
0.000204425
0.000216277
0.000186975
0.000208325
0.00020373
0.000204177
0.000183
0.000200345
0.000208497
0.000191582
0.000200455
0.000195666
0.000217096
0.000195564
0.000195741
0.00019151
0.00019229
0.000217223
0.000199706
0.00019548
0.000195904
0.000211682
0.000200171
0.000195472
0.000208911
0.000209282
0.000195658
0.000216462
0.000187158
0.000199827
0.000195758
0.000204816
0.000191047
0.000196124
0.000196376
0.00020017
0.000191421
0.000195737
0.00020847
0.000218091
0.000191397
0.000204246
0.00020877
0.000199807
0.000212868
0.000195473
0.000199825
0.000204344
0.000195653
0.000199698
0.000200075
0.0002122
0.00019141
0.000191586
0.000203815
0.00018707
0.000204252
0.000204137
0.00021717
0.000191401
0.000204546
0.000195323
0.000208754
0.000204227
0.000191503
0.00019982
0.000204454
0.000213216
0.000195857
0.000199897
0.000203594
0.000208968
0.000212954
0.000195646
0.00020777
0.000204156
0.000187527
0.000196017
0.000208471
0.0001914
0.000195746
0.000195848
0.000212842
0.000191783
0.000187154
0.000196395
0.000200347
0.000212389
0.000191312
0.00020063
0.000204167
0.000199963
0.000187429
0.000217036
0.000208221
0.000203712
0.000203991
0.000195778
0.000204256
0.000191236
0.000195855
0.000207692
0.000213057
0.000195483
0.000191751
0.000191045
0.000199814
0.000200098
0.000216743
0.000195549
0.000199447
0.000183
0.000195656
0.000204688
0.000195378
0.000191675
0.000195377
0.000183
0.000212464
0.000195649
0.00019105
0.000200468
0.000187173
0.000199368
0.000200375
0.000195485
0.000209133
0.000187164
0.000191213
0.000199721
0.000199561
0.000213085
0.000208408
0.00019567
0.000208134
0.000200552
0.000209016
0.000183
0.000200633
0.000187339
0.000208418
0.000191323
0.00020057
0.000217561
0.000187527
0.000187239
0.00020887
0.000183
0.000200184
0.000186981
0.000191154
0.000195294
0.000212087
0.000191768
0.000191589
0.000203347
0.000191054
0.000204512
0.000199894
0.000199931
0.000183
0.000208249
0.000204386
0.000199988
0.000191406
0.000205304
0.0002
0.00019175
0.000195211
0.000200178
0.000204517
0.00021349
0.000204262
0.000221347
0.000191522
0.000191783
0.000207882
0.0002
0.00020851
0.000229262
0.000195927
0.000204705
0.00018715
0.000226307
0.000211876
0.000212392
0.00020893
0.00020381
0.000209046
0.000195458
0.000217437
0.000187329
0.000204327
0.000209378
0.000213055
0.000204444
0.000203905
0.0001961
0.000195694
0.000212683
0.000203887
0.000200451
0.000191309
0.000195477
0.000208693
0.000204328
0.000208315
0.000213147
0.000195654
0.000203616
0.000199466
0.00019565
0.00020459
0.000199998
0.000220984
0.000199829
0.000204058
0.000229718
0.000212478
0.000200528
0.000208385
0.000200204
0.000208772
0.000187246
0.000200204
0.000187077
0.000196341
0.000195767
0.000191506
0.000200199
0.000191705
0.00020842
0.000195473
0.000208315
0.000191231
0.000199737
0.000191494
0.000203987
0.000195218
0.000203949
0.00022539
0.000191325
0.000191855
0.000191325
0.000225123
0.000191151
0.00021752
0.000205134
0.000191516
0.000187434
0.00020035
0.0002132
0.000195562
0.000200422
0.0002045
0.000195679
0.000195845
0.00019565
0.000204519
0.000191402
0.000191231
0.000204395
0.00020024
0.000187598
0.000199813
0.000200653
0.000196001
0.000200274
0.000204698
0.000196
0.000208837
0.000191329
0.000208593
0.00020011
0.000204244
0.000220739
0.000212581
0.000204338
0.000187065
0.000203809
0.000195187
