0.000936699
0.000976906
0.00110569
0.0010208
0.00104154
0.0010022
0.00101901
0.00100148
0.000955751
0.00104572
0.000957539
0.000955717
0.000979145
0.000999013
0.00106284
0.00101944
0.000915
0.00100021
0.000958709
0.000958878
0.0010008
0.00104258
0.00102359
0.000979696
0.00104328
0.000998225
0.000978871
0.00110499
0.00102162
0.00101848
0.00099734
0.00104959
0.000958419
0.00108405
0.000980151
0.000957565
0.000979176
0.00110091
0.00102076
0.000980615
0.000955695
0.00106276
0.00099957
0.00100005
0.000957018
0.00102114
0.00106546
0.000999403
0.00102244
0.000958491
0.0010191
0.0010202
0.000976024
0.000976016
0.00100046
0.00101725
0.00101991
0.000936184
0.0009575
0.000976935
0.00103804
0.00102002
0.000957107
0.000977873
0.000999907
0.0009584
0.000999961
0.0010233
0.00104252
0.000979171
0.00104335
0.0010858
0.0010005
0.000979796
0.00101913
0.000979228
0.000999563
0.000976461
0.000958907
0.00106283
0.000959239
0.000977887
0.000936276
0.000957085
0.000915
0.000957468
0.000957181
0.000998647
0.000976912
0.000999985
0.000958865
0.000981058
0.00104477
0.000978302
0.000956616
0.000980018
0.00102008
0.000998573
0.000958907
0.00100229
0.00095655
0.00102181
0.0010199
0.000996878
0.00106459
0.00095749
0.000977742
0.000915
0.000937058
0.00104382
0.0010777
0.000935772
0.00100041
0.000979281
0.00106284
0.000977912
0.00110499
0.00106266
0.000999121
0.000936692
0.000979756
0.00095481
0.00100121
0.00100077
0.00100235
0.000979553
0.00104379
0.00102164
0.00102254
0.00101984
0.00100124
0.00101676
0.000961152
0.00104259
0.00104732
0.000957806
0.00110775
0.00102272
0.000956539
0.000956951
0.00110275
0.0010451
0.00101981
0.000960256
0.000936683
0.00106382
0.00103885
0.00100051
0.00102124
0.000956141
0.000997272
0.000998679
0.00102301
0.00102039
0.000978826
0.00093628
0.000956125
0.000915
0.000977738
0.000998193
0.0010433
0.000979761
0.000999634
0.00104197
0.00102296
0.000978831
0.000979699
0.00106561
0.00102486
0.00110474
0.00100052
0.0010199
0.000956212
0.0010901
0.00102232
0.00102343
0.000979059
0.00104217
0.000958003
0.00100105
0.00104074
0.00098003
0.00106277
0.000959334
0.000996824
0.000978719
0.00104335
0.00102265
0.00101673
0.00100335
0.00104161
0.000978749
0.000979145
0.000978254
0.000978896
0.000999862
0.000961081
0.00097608
0.00095754
0.000957913
0.000957453
0.000957492
0.00100058
0.00097652
0.000977827
0.000958364
0.00102033
0.00108141
0.00106483
0.000958335
0.000999358
0.000978287
0.000979163
0.00100136
0.00104695
0.000978855
0.000981285
0.00101629
0.000980277
0.00102173
0.0010203
0.00103991
0.00112303
0.00101861
0.000957497
0.00095745
0.0009819
0.00100228
0.00101899
0.00100051
0.000979596
0.000979551
0.000978813
0.00100089
0.00106558
0.00106376
0.00097706
0.00102205
0.00106547
0.00106276
0.00100044
0.00102303
0.000956162
0.001
0.000936596
0.000998686
0.000915
0.00104824
0.000998197
0.00100275
0.00106148
0.00098146
0.00110146
0.00102024
0.000935759
0.00104113
0.00104571
0.00102717
0.000978815
0.00099861
0.00100048
0.000956603
0.00100001
0.00095751
0.00095943
0.00101634
0.000999972
0.000996403
0.000936321
0.00100133
0.00102167
0.000999027
0.000998653
0.00104601
0.00108882
0.000975653
0.00103848
0.00106253
0.00108141
0.000937076
0.0010662
0.00112541
0.00100085
0.000978244
0.00108727
0.00106112
0.000978442
0.000996773
0.000999534
0.00102576
0.00100405
0.00106154
0.00102307
0.000999105
0.000996886
0.0010225
0.000978697
0.00103798
0.00100142
0.000937155
0.00108492
0.000957987
0.00102135
0.000981813
0.000995997
0.00100181
0.000958503
0.00104312
0.00102226
0.00102165
0.000982823
0.000956107
0.000979149
0.00102042
0.000915
0.00102022
0.00103991
0.00102115
0.000978739
0.000977823
0.000935328
0.00106474
0.00104373
0.000978777
0.00097966
0.000956126
0.000980113
0.00104416
0.000999489
0.000978294
0.000997249
0.000978332
0.00097998
0.0010207
0.000957037
0.000956637
0.00093626
0.000979201
0.000999825
0.00100101
0.00104419
0.0010425
0.000957556
0.000977318
0.00102038
0.000957972
0.000936709
0.000936634
0.000956606
0.000957472
0.00093626
0.00106563
0.000935857
0.00100175
0.000996394
0.000997782
0.000937176
0.00100284
0.00097928
0.000996931
0.00101954
0.000998663
0.00102807
0.0010231
0.000979697
0.00100233
0.00102215
0.000957565
0.000959675
0.000976475
0.00097919
0.000979585
0.00102003
0.00108501
0.00099965
0.000980188
0.00100132
0.00104477
0.000977905
0.00110699
0.00104293
0.000915
0.00106333
0.00106651
0.00106606
0.000978244
0.00101748
0.000980933
0.00104074
0.00108177
0.000957517
0.000977334
0.00100218
0.00100166
0.00095754
0.00100135
0.00093625
0.000997336
0.000956603
0.000935845
0.000957087
0.00097823
0.00104163
0.00100241
0.000957978
0.000977905
0.000996858
0.00100177
0.000976538
0.00103926
0.00101899
0.00100095
0.000980999
0.000976857
0.00108157
0.00101987
0.00101896
0.0010204
0.00101986
0.000978862
0.000935373
0.000976564
0.000997674
0.000958884
0.000937211
0.00103891
0.000979615
0.000999329
0.000978711
0.000997666
0.00095656
0.000959706
0.000979639
0.000957432
0.000980506
0.000935846
0.0010009
0.00100049
0.00104498
0.00101986
0.000977898
0.000979719
0.000979037
0.000978286
0.000977955
0.00102343
0.000999571
0.00102043
0.000999067
0.00108905
0.00101993
0.000998655
0.00101994
0.000958366
0.000976077
0.000937583
0.000957008
0.000955705
0.00102077
0.000998587
0.00101952
0.00102451
0.000956661
0.000978223
0.000957927
0.0010208
0.000958941
0.00102079
0.000936296
0.00106232
0.000957459
0.00101805
0.000998281
0.000979192
0.00108922
0.000999576
0.000957037
0.00106547
0.00100039
0.000957847
0.0010411
0.0010221
0.000980977
0.000998182
0.00102095
0.000958807
0.00101946
0.00106247
0.00106159
0.000981364
0.00102257
0.000934903
0.00102438
0.00104351
0.000937199
0.00106084
0.00106162
0.0010601
0.00104466
0.000997288
0.00110491
0.00093581
0.00102219
0.000999107
0.00102039
0.00108731
0.00099839
0.00101816
0.00104489
0.00106273
0.00102402
0.000957031
0.000957061
0.00106141
0.00104419
0.00102297
0.00108545
0.000935807
0.00103841
0.000980181
0.00106416
0.000958376
0.0010212
0.000979209
0.000937585
0.000998225
0.00106303
0.00102356
0.00101895
0.00104253
0.000936253
0.000997776
0.000977349
0.000978342
0.00106598
0.00093575
0.000915
0.00106345
0.00104039
0.00100001
0.00104276
0.000957423
0.00102022
0.000978386
0.000979174
0.000958795
0.000956522
0.00108217
0.00100094
0.000979276
0.000978806
0.000937123
0.00106298
0.00099946
0.000936231
0.00102165
0.000998149
0.00100369
0.000915
0.000978363
0.00100009
0.000999575
0.00102277
0.000956107
0.000981501
0.00101979
0.00106348
0.000980537
0.000957506
0.000956243
0.00103984
0.000958446
0.00100011
0.000977912
0.00095923
0.000999013
0.00104111
0.00106012
0.000999556
0.000935422
0.000957019
0.00104153
0.000937546
0.00095837
0.0010442
0.00102107
0.00100004
0.00104362
0.000977897
0.0010004
0.000958805
0.000998703
0.000961049
0.000999545
0.00102129
0.000958352
0.00100163
0.000958249
0.000997281
0.00103989
0.00104016
0.00102122
0.00100015
0.00102459
0.00104196
0.000958846
0.000976067
0.00102211
0.000958401
0.001019
0.000980303
0.000997731
0.000978335
0.000978665
0.000935356
0.000959439
0.000915
0.0010443
0.000955272
0.000997656
0.000983671
0.000999408
0.000934895
0.000956613
0.000980107
0.000957877
0.000957948
0.000976998
0.000999532
0.000977903
0.000958378
0.00100046
0.00104333
0.000999997
0.00100007
0.00100097
0.000954798
0.00104558
0.000977497
0.00102091
0.000998883
0.000957012
0.00100133
0.00100128
0.00101761
0.000956519
0.00110483
0.000956185
0.00100175
0.00100049
0.000998592
0.000998686
0.00100179
0.000980846
0.000936211
0.00102383
0.00103889
0.000976888
0.000935831
0.000915
0.00101985
0.000958401
0.000981506
0.000977877
0.000976949
0.00101939
0.000975975
0.00104694
0.00103899
0.00102407
0.00100351
0.000981382
0.000915
0.000979291
0.00100405
0.001043
0.000998598
0.000980545
0.000957963
0.000982789
0.00103989
0.00102405
0.00099953
0.000957142
0.000978269
0.00102086
0.000915
0.00106424
0.00102126
0.00108501
0.00104388
0.00102361
0.00106646
0.00109034
0.00104471
0.0010211
0.00104203
0.000998228
0.00100051
0.00104148
0.00100095
0.000936281
0.00104065
0.00101767
0.0010218
0.00102068
0.00106518
0.000981495
0.00104073
0.000979219
0.000999989
0.000979166
0.0010422
0.0009362
0.000956624
0.00102268
0.00106064
0.00106418
0.00108473
0.000979776
0.00100053
0.000957037
0.000979097
0.00102474
0.000957925
0.00104117
0.0010208
0.00104162
0.00101983
0.00100221
0.000980554
0.00100059
0.00097827
0.000976013
0.00108438
0.00108179
0.000956619
0.00106136
0.00103944
0.000999044
0.0010415
0.000955712
0.00108657
0.00106099
0.000975733
0.000998715
0.00100234
0.00104106
0.000978334
0.000957605
0.000935834
0.000998655
0.00098053
0.00106412
0.00106423
0.00102172
0.000957545
0.00112751
0.00106712
0.00110934
0.0010624
0.000959826
0.000957474
0.0010452
0.000936253
0.00104273
0.00104044
0.000977847
0.00106319
0.00100124
0.00104342
0.000957077
0.000979662
0.000998199
0.00100096
0.000934895
0.00097967
0.000958485
0.00102611
0.000937581
0.000996927
0.000956107
0.00102335
0.000977856
0.00108308
0.000980596
0.000976938
0.00106368
0.00100215
0.00102024
0.000957526
0.000999573
0.000938406
0.000957989
0.0010691
0.00100398
0.001019
0.00101852
0.00104199
0.00100091
0.000980865
0.000980404
0.00104351
0.000957039
0.00100104
0.00102134
0.000975183
0.000982266
0.000980282
0.000957143
0.00104357
0.000935769
0.00101949
0.00100045
0.00104212
0.00102031
0.00100083
0.000998184
0.0010153
0.000956981
0.000934886
0.00106328
0.00102017
0.00104528
0.000959681
0.000999438
0.00104205
0.00095705
0.00104566
0.00100361
0.000977012
0.00102083
0.000958021
0.00108721
0.00101969
0.000978774
0.00101628
0.00095653
0.000957054
0.00099944
0.000980484
0.000999979
0.000915
0.00104349
0.000956108
0.00108589
0.00110353
0.000977359
0.000976943
0.000936689
0.000979199
0.0010017
0.000978233
0.00102003
0.00102216
0.00112919
0.000977855
0.00106112
0.00104154
0.00101806
0.00102387
0.00106653
0.00104521
0.000957057
0.00100135
0.00104106
0.00102521
0.00104342
0.00101843
0.00108622
0.000981501
0.00101979
0.000957071
0.00102117
0.00110602
0.000936251
0.00101945
0.000978223
0.000980499
0.000935788
0.0010417
0.000999467
0.000958879
0.00100093
0.000935328
0.00104662
0.000956512
0.0010438
0.00104682
0.000999177
0.00106251
0.000937171
0.00100183
0.000956532
0.000935338
0.00101713
0.000956625
0.00102082
0.00100091
0.000999505
0.000978023
0.000979194
0.0010213
0.0010009
0.00102533
0.00104073
0.00106411
0.000999908
0.00106239
0.00100071
0.000976462
0.000998681
0.000935777
0.00104383
0.00106477
0.000915
0.000978828
0.000936278
0.000956595
0.00100054
0.000936703
0.0009959
0.000937201
0.000957542
0.000936203
0.000962535
0.00108362
0.000956136
0.00100033
0.000961241
0.00097775
0.000936241
0.000999556
0.000960238
0.000957483
0.000935873
0.000957022
0.00106567
0.000979157
0.000997821
0.000977374
0.000976934
0.000980122
0.00106938
0.000980496
0.00100225
0.00108683
0.00101855
0.000957425
0.000999846
0.000978252
0.000915
0.0010235
0.000936229
0.000999178
0.000935336
0.000958819
0.00102086
0.000980428
0.00106375
0.00102347
0.000935346
0.000957509
0.00097918
0.00101952
0.00108679
0.000956567
0.00101946
0.00104104
0.00102223
0.000935797
0.000978302
0.00098227
0.00100028
0.00108694
0.000936192
0.000980964
0.00102137
0.00100095
0.000936262
0.000980669
0.000998601
0.000936241
0.00100267
0.000980258
0.00100361
0.000935327
0.00102319
0.0010856
0.000957076
0.000936216
0.000937172
0.00104255
0.000979625
0.000957431
0.00102319
0.00104338
0.000976418
0.000936241
0.000956607
