0.00392216
0.00401136
0.003743
0.00390953
0.00408878
0.00400926
0.00391518
0.00390393
0.00383664
0.00391313
0.00374689
0.00425271
0.0040886
0.00398882
0.00417188
0.00416248
0.00400189
0.00400517
0.00391905
0.00391666
0.00408217
0.00416785
0.00391152
0.00427882
0.00383555
0.00373959
0.00445229
0.0039044
0.0040775
0.0039147
0.00383911
0.00416802
0.00418438
0.0039947
0.00426356
0.00391859
0.00426157
0.00416647
0.00391316
0.00434597
0.00381912
0.00398912
0.00374665
0.00374296
0.0037415
0.0040013
0.0040056
0.00426916
0.00374312
0.00426605
0.0040815
0.00391649
0.00399473
0.00398944
0.00432907
0.00400534
0.00417035
0.00408453
0.00390793
0.00407644
0.00374489
0.00415889
0.00418387
0.00382985
0.00416268
0.00408877
0.00418118
0.0038368
0.00426739
0.00425461
0.00424607
0.00435341
0.00390587
0.00408257
0.00435041
0.00383153
0.0038281
0.00374677
0.00398932
0.00391871
0.00375023
0.00374489
0.00383694
0.00366
0.00399973
0.00391178
0.00391131
0.00383019
0.00425866
0.00392203
0.00391557
0.00374131
0.0039836
0.00391528
0.004094
0.0039096
0.00416266
0.00400695
0.00416849
0.00391118
0.00407575
0.00366
0.0039127
0.00415768
0.00424799
0.00423851
0.00408166
0.00373954
0.00390036
0.00400216
0.00391496
0.00383015
0.00392995
0.00400027
0.00382469
0.00383185
0.00400779
0.00391515
0.00374502
0.00407594
0.00398904
0.00400088
0.00383534
0.00366
0.00390611
0.00434137
0.00382643
0.00366
0.00400293
0.00391692
0.00401232
0.00424757
0.00408321
0.00374135
0.00425156
0.00417282
0.00399067
0.0043382
0.00398175
0.00383016
0.00392419
0.00392383
0.00425963
0.00374662
0.00399996
0.00407757
0.0037432
0.00391457
0.00401453
0.00392592
0.0039927
0.00416309
0.00399805
0.00383006
0.00391284
0.00384632
0.00434072
0.00392984
0.00382812
0.00407571
0.00383218
0.00374674
0.00409439
0.00400527
0.00382423
0.00424909
0.00398924
0.00408739
0.00399156
0.00400554
0.0040983
0.0037452
0.00415366
0.0040077
0.00399621
0.00382654
0.00400508
0.0042366
0.00391143
0.00408308
0.00392423
0.00401986
0.00407764
0.00400366
0.00400188
0.00399494
0.00407539
0.00399969
0.00374892
0.00409428
0.00390442
0.00408626
0.00468295
0.00391884
0.00417091
0.00382998
0.00399676
0.00409595
0.00415548
0.00399411
0.00442874
0.00408513
0.00408486
0.00391821
0.00417186
0.0041793
0.00399081
0.00416278
0.00408527
0.00407728
0.00366
0.00399437
0.00391366
0.00382636
0.00399651
0.00442129
0.00391876
0.00382655
0.00416793
0.00383005
0.00382305
0.00424595
0.00409245
0.00417735
0.00425146
0.00390389
0.00401118
0.00416752
0.00383138
0.00366
0.00409541
0.00400718
0.00400688
0.00425132
0.00383553
0.00400199
0.00399658
0.00383228
0.00425365
0.00391648
0.00399502
0.00400244
0.00410254
0.00408645
0.00391748
0.00382619
0.00374511
0.00400163
0.00398923
0.00383535
