0.000967919
0.00102272
0.000935796
0.00102313
0.000968512
0.000946531
0.00103105
0.000991934
0.000999877
0.000979133
0.00103217
0.00102112
0.00101212
0.000988355
0.000989025
0.00104259
0.000990202
0.000999588
0.00101106
0.000989611
0.000988696
0.00102127
0.0010549
0.00101198
0.000978289
0.00100044
0.000979308
0.0010104
0.000957158
0.00103254
0.00106402
0.00103112
0.00101085
0.00097975
0.00102102
0.000988454
0.000977833
0.0010107
0.00104411
0.000998621
0.00101072
0.000978397
0.000956731
0.000979865
0.00099003
0.000967569
0.00098837
0.000999603
0.00103123
0.00101058
0.00096782
0.00099995
0.000989497
0.00103233
0.000999854
0.00101888
0.000977628
0.000945956
0.000989028
0.00105295
0.0010122
0.000999653
0.000998429
0.000978764
0.00095625
0.00098956
0.00103159
0.000968367
0.00101065
0.00100079
0.0010434
0.000979213
0.00107479
0.000967776
0.000936142
0.000977871
0.00104228
0.00105259
0.00102251
0.000978525
0.00101178
0.000988927
0.00097872
0.00100078
0.000998866
0.00102227
0.000967258
0.00101232
0.00101098
0.0010095
0.0009681
0.000967792
0.000946989
0.00101256
0.00100918
0.00102347
0.00105435
0.00102192
0.000957626
0.000988364
0.000946651
0.000999785
0.00101006
0.0010098
0.000999357
0.000991435
0.000977987
0.00105217
0.0010106
0.000988111
0.000946867
0.000979007
0.00101006
0.000998462
0.00096824
0.00104317
0.00099956
0.00098905
0.000958153
0.000990115
0.0010417
0.00100134
0.000988258
0.00107485
0.00102213
0.000969461
0.000988363
0.00103276
0.0010214
0.00101983
0.00103078
0.000956716
0.000956593
0.000947225
0.000946786
0.00105302
0.000999623
0.000990372
0.000966668
0.00101052
0.00104326
0.00104166
0.00100075
0.000935903
0.000979003
0.000968436
0.000977191
0.00102973
0.00101093
0.000978174
0.00105178
0.00105153
0.00100146
0.00100987
0.0010306
0.00104352
0.000989609
0.00101144
0.00105485
0.00104239
0.000957023
0.000989804
0.00100169
0.00101082
0.000957628
0.000990431
0.000999472
0.00100997
0.00103191
0.00106352
0.00102967
0.00100035
0.000999672
0.000999669
0.00102133
0.00101163
0.000988836
0.000968001
0.00102109
0.00100127
0.00103226
0.000978724
0.00105444
0.00102072
0.0010009
0.000946754
0.000967005
0.000957614
0.000967327
0.00100004
0.000989269
0.000978148
0.000990077
0.000967785
0.00101085
0.000998846
0.00101975
0.000968454
0.00103142
0.00103231
0.00101091
0.00101003
0.000999792
0.000999766
0.000967993
0.0010106
0.000957045
0.00094667
0.000968981
0.00099978
0.00102088
0.000978524
0.000989517
0.00101065
0.000967439
0.000988797
0.00094677
0.00102144
0.00101009
0.00100013
0.000989759
0.00101998
0.00100993
0.0009793
0.000979948
0.00102217
0.00103146
0.00105265
0.000998952
0.00102038
0.00104307
0.00105334
0.000956486
0.00101997
0.000978206
0.000970594
0.000957391
0.000947216
0.000998647
0.000957064
0.00102069
0.000990398
0.000989175
0.00101162
0.00105412
0.000989473
0.00102283
0.00102055
0.00105289
0.00103086
0.00101053
0.000988467
0.00101048
0.00099781
0.000991158
0.000957355
0.00100138
0.00104228
0.000999553
0.00104388
0.000990286
0.000998515
0.00103208
0.00101166
0.00104175
0.000988123
0.00101287
0.00104174
0.000978001
0.00104386
0.00101106
0.00102194
0.000979086
0.00101066
0.000988461
0.000978382
0.00101095
0.00100056
0.001001
0.00100089
0.000978981
0.000935897
0.000967965
0.00103143
0.00111884
0.000977826
0.000988471
0.000998061
0.00099955
0.000967899
0.00101133
0.00099929
0.00106366
0.000998646
0.00102131
0.000969152
0.00101199
0.00099979
0.00100169
0.000977843
0.00099978
0.000978116
0.000967228
0.000967873
0.00100217
0.000958033
0.000989823
0.000999876
0.00104317
0.00100107
0.000978544
0.000980112
0.00106484
0.00104156
0.00100937
0.00103237
0.000968793
0.000990299
0.00105256
0.000978867
0.000969158
0.00103095
0.001022
0.00106348
0.0010105
0.000988807
0.00099986
0.00100224
0.0010312
0.00101957
0.000966965
0.000957689
0.000979113
0.000977311
0.00095626
0.000998572
0.000968126
0.000989896
0.00099946
0.000968619
0.000989055
0.00098892
0.00100044
0.00101131
0.000978989
0.000978775
0.00100012
0.00097852
0.00095738
0.000988772
0.000989657
0.000958733
0.00101991
0.000979004
0.000999744
0.00104193
0.000978419
0.00101067
0.000979442
0.000989441
0.000978406
0.00102104
0.00101073
0.000990035
0.000990472
0.00105134
0.000958062
0.000988657
0.000998857
0.000989712
0.000968597
0.00102166
0.00094561
0.000999634
0.00100993
0.00101049
0.000999552
0.00101029
0.001001
0.00102096
0.00102011
0.000977157
0.00103287
0.00103065
0.00101098
0.000988347
0.000999784
0.000977856
0.00101163
0.000979551
0.00102065
0.000989367
0.00105207
0.000968558
0.000977989
0.000991193
0.00104134
0.0010113
0.000999574
0.00101028
0.00101077
0.000999543
0.00100035
0.001001
0.000990252
0.000990491
0.00108522
0.001022
0.00100016
0.000978751
0.00104291
0.00100046
0.00108516
0.00100098
0.00102147
0.000966979
0.00099961
0.000999219
0.00104264
0.00104088
0.000968255
0.00107518
0.00105192
0.00107427
0.000978741
0.000979326
0.00102078
0.00103088
0.000967313
0.000989842
0.000999855
0.000977654
0.00102077
0.00102152
0.00102181
0.00101083
0.000999306
0.00099042
0.00101026
0.000958287
0.000998231
0.000957244
0.000978331
0.000986644
0.00102128
0.00103264
0.00102001
0.000999322
0.00105438
0.000968593
0.00100011
0.000946626
0.000968209
0.000978647
0.000999791
0.00101182
0.000989362
0.00106353
0.00102114
0.000958094
0.00097827
0.000978528
0.00103211
0.000990717
0.0010098
0.000979227
0.000987757
0.000967112
0.000990757
0.00101047
0.00100125
0.000990947
0.000957134
0.000978314
0.000989354
0.00100146
0.00102161
0.00101032
0.000967002
0.00101106
0.00103992
0.0010002
0.000945974
0.00102234
0.000957517
0.00106552
0.00103299
0.000988596
0.000967781
0.000979245
0.000958295
0.00101121
0.0009887
0.000968119
0.000988704
0.00102098
0.00105424
0.000989504
0.00102159
0.000978639
0.00101136
0.000968118
0.000991202
0.00101994
0.000988606
0.00102123
0.00099028
0.000956375
0.000989287
0.000999552
0.00099948
0.000987572
0.00106394
0.00101095
0.000977359
0.000980119
0.00108545
0.000979314
0.000999743
0.00100991
0.000946901
0.000999203
0.000990279
0.00104241
0.00102193
0.00102224
0.00102152
0.000968139
0.000967894
0.000969018
0.000978271
0.00102249
0.000988519
0.00101132
0.00100225
0.0010221
0.000999666
0.000979901
0.00103111
0.000959205
0.0010226
0.00101152
0.000988449
0.00101186
0.00108493
0.00099015
0.000990158
0.00095809
0.000957484
0.000969242
0.000988171
0.000988544
0.000990497
0.000978263
0.000989375
0.000980331
0.000989233
0.00105297
0.00102179
0.000967895
0.000979497
0.000978428
0.000988857
0.000967303
0.00105328
0.000978148
0.000977634
0.00100982
0.000979183
0.000998546
0.000967657
0.00102949
0.00103037
0.00102002
0.00100023
0.0009996
0.000989584
0.00101975
0.0010093
0.00105238
0.00101063
0.00106475
0.000957719
0.00100001
0.00102193
0.00100067
0.00101063
0.000967226
0.000989478
0.000946079
0.000989934
0.00100141
0.00100042
0.00105205
0.00104104
0.00104262
0.000969268
0.000958535
0.000947526
0.000988812
0.00101039
0.00102028
0.00104333
0.00100011
0.000968013
0.000988781
0.000979409
0.000977964
0.00099953
0.000978317
0.000968467
0.00100987
0.000957965
0.000979346
0.00104459
0.000959164
0.00101188
0.000958158
0.000989272
0.000978512
0.00104125
0.0010207
0.000999898
0.00103352
0.000946658
0.000957391
0.00100092
0.000978301
0.00100055
0.000968129
0.0010434
0.00101187
0.000968035
0.00104211
0.000936348
0.000998845
0.000957822
0.00107618
0.000946519
0.000979772
0.000978651
0.00100002
0.00098962
0.00101167
0.00101928
0.00101076
0.00101036
0.000958605
0.00102068
0.000977738
0.00104227
0.000990063
0.000989146
0.00104134
0.000956714
0.00102148
0.00101108
0.00101173
0.00100026
0.00101119
0.00100013
0.000957498
0.00100926
0.000957839
0.000988794
0.000966859
0.00101062
0.00100055
0.00100055
0.00100984
0.000988717
0.00097873
0.000958391
0.000968353
0.00101024
0.00102235
0.00101101
0.000990404
0.00102065
0.00104273
0.0010207
0.00100079
0.001043
0.00102286
0.000957148
0.000988467
0.00104186
0.00101227
0.000990059
0.000988951
0.00100238
0.000999405
0.000989814
0.00102206
0.00102122
0.000979604
0.000977738
0.00096777
0.00101084
0.00104129
0.000967999
0.00103102
0.00104286
0.00101105
0.00100022
0.000989949
0.00102237
0.000989003
0.0010001
0.00102043
0.000990494
0.00098983
0.000968426
0.00100023
0.00104343
0.00102046
0.00102126
0.00100181
0.000988474
0.000997973
0.000978054
0.000989498
0.00098879
0.00102091
0.000989693
0.00098847
0.00101106
0.00100102
0.000978395
0.000956367
0.000956705
0.000936484
0.00099075
0.000967574
0.000978632
0.00102033
0.000999889
0.000977172
0.000990405
0.00100043
0.000979177
0.000979303
0.000988785
0.00104261
0.000978824
0.00101039
0.00103088
0.00105414
0.000947094
0.00101098
0.00100011
0.000957588
0.000967446
0.00101006
0.000989826
0.0010224
0.000947005
0.00101018
0.00105235
0.00101221
0.000956783
0.00106393
0.00100044
0.000989921
0.00103309
0.000977721
0.000968687
0.00098869
0.00101072
0.000980871
0.000947106
0.000957164
0.000980001
0.000990863
0.00102068
0.00095785
0.00103209
0.000977802
0.00100011
0.000957047
0.000956823
0.00101866
0.00102216
0.00106207
0.00104233
0.000967761
0.000969143
0.00103285
0.00100262
0.000977873
0.000980448
0.00101083
0.00105259
0.00102162
0.00100158
0.00102092
0.00102137
0.000988465
0.00101133
0.00102146
0.000989253
0.00102049
0.00100983
0.000999433
0.000998963
0.000957508
0.00102081
0.00102229
0.00101977
0.000978896
0.000968105
0.0010317
0.00101128
0.00100025
0.000999543
0.000989415
0.000946072
0.000978541
0.00101054
0.000999699
0.00101128
0.00101247
0.00102189
0.00097937
0.000967786
0.00101163
0.000999529
0.00101085
0.000978503
0.000957484
0.00100021
0.000988448
0.000947671
0.00102193
0.00103318
0.00102063
0.00100076
0.00103133
0.000967782
0.000999696
0.00102272
0.001021
0.00097871
0.000968946
0.00101065
0.000989861
0.000946408
0.00107384
0.000998883
0.000968361
0.00102022
0.000968926
0.00102148
0.00100009
0.00102012
0.00098992
0.000967764
0.00103234
0.000999485
0.000978195
0.000980079
0.00104269
0.000977834
0.00104232
0.00099991
0.000988582
0.000967815
0.00098993
0.00102046
0.00101085
0.0010641
0.000978252
0.00105487
0.000989496
0.000999808
0.000956939
0.000999436
0.00103097
0.00100036
0.000957826
0.00101005
0.00103126
0.00101065
0.000990437
0.00100883
0.000999466
0.00103111
0.000998759
0.000990865
0.000968246
0.0010111
0.00102081
0.000979315
0.000989707
0.00097921
0.000999425
0.00103233
0.00100962
0.0010001
0.00103134
0.0010099
0.000978752
0.000968214
0.00102034
0.00104342
0.00106297
0.000990444
0.000977857
0.000999466
0.00100937
0.00100953
0.00102102
0.000988976
0.000967401
0.00105347
0.00101089
0.00103154
0.000967795
0.000988645
0.00104167
0.00100025
0.00104171
0.00103121
0.00104308
0.00101115
0.000999464
0.00100047
0.000967417
0.00103437
0.00100067
0.000999995
0.00101109
0.000999448
0.0009568
0.00107486
0.000967553
0.00093649
0.000990306
0.000989137
0.000946442
0.000988835
0.00100102
0.000987902
0.00100984
0.00102219
0.00102184
0.000968231
0.00102131
0.000988008
0.00097858
0.000968589
0.00101028
0.00104209
0.00102127
0.00100034
0.00095648
0.00099017
0.000968447
0.000978762
0.000957701
0.000936364
0.00107287
0.00100009
0.00101141
0.00100134
0.00104434
0.00096849
0.0010215
0.00099016
0.00103178
0.000999424
0.000979972
0.00101111
0.00103096
0.00101174
0.00104229
0.00102181
0.000946525
0.00103334
0.00102222
0.000957751
0.0010745
0.000968005
0.000988788
0.00108546
0.0010439
0.000989152
0.00100045
0.000989504
0.000989276
0.00102904
0.00107362
0.00100034
0.0009997
0.000968549
0.000957724
0.000988464
0.000989347
0.000967829
0.00102027
