0.000997389
0.000993365
0.00100198
0.000986806
0.0010106
0.000995372
0.000992741
0.00101265
0.000982795
0.00100665
0.00100662
0.000998126
0.0010067
0.00100807
0.000986693
0.000998012
0.000997327
0.00100401
0.000999429
0.00100458
0.00101724
0.00100274
0.000986714
0.000994688
0.00100472
0.000995971
0.00100072
0.00100996
0.000992727
0.000994641
0.00100864
0.000994801
0.001004
0.000992069
0.00100199
0.000997359
0.00100129
0.00101266
0.00101391
0.000992765
0.00100006
0.000988691
0.000997997
0.00099923
0.000998681
0.00100065
0.00100203
0.000988645
0.000999989
0.000992639
0.00100005
0.00101264
0.0010007
0.000997406
0.000990733
0.000998656
0.000993319
0.00100394
0.000998646
0.00101267
0.000996034
0.000998829
0.000998715
0.000999956
0.00100469
0.00100063
0.00100869
0.0010113
0.00099334
0.000994031
0.00100469
0.000988715
0.000990002
0.000995371
0.000995999
0.00100133
0.00101196
0.00100665
0.00100273
0.000991973
0.00101202
0.00100259
0.00100392
0.00100592
0.00101319
0.000984831
0.00100068
0.00099869
0.000994009
0.00100136
0.00100993
0.00100601
0.000997281
0.000989394
0.000992696
0.00100735
0.00100066
0.00100464
0.00100607
0.00099203
0.00101326
0.0010047
0.00100271
0.000995992
0.000995988
0.00100131
0.00100334
0.00099398
0.00098407
0.000986649
0.0010073
0.00100671
0.00100933
0.00099803
0.00101065
0.00100594
0.00100462
0.000988155
0.00100921
0.000994757
0.00098742
0.000990721
0.0010073
0.001
0.000999315
0.000994592
0.00100135
0.000996822
0.000998004
0.000990047
0.000988139
0.000996674
0.00100387
0.000990057
0.000988613
0.000989358
0.0010067
0.00100063
0.000996649
0.00100321
0.00099534
0.000998599
0.000997355
0.000999337
0.00100261
0.000991336
0.000999976
0.001002
0.00100598
0.00100869
0.000995312
0.000999972
0.000995364
0.00100199
0.000998577
0.00100669
0.00101328
0.00099934
0.000998704
0.00100795
0.000996649
0.000996075
0.000996577
0.00100805
0.000998565
0.000991388
0.000988708
0.00100401
0.000992076
0.000991996
0.00101127
0.000997991
0.00100205
0.00100326
0.00100658
0.00100732
0.000991378
0.00100463
0.0010006
0.00100061
0.00100138
0.000998633
0.00100197
0.00100866
0.000988711
0.00100667
0.000989361
0.00100201
0.00100333
0.000987402
0.000988117
0.00100067
0.00100662
0.00100202
0.00100599
0.000993358
0.000990042
0.00100728
0.000993422
0.000999351
0.000995328
0.00100329
0.000995268
0.00100012
0.00100799
0.000988607
0.00100194
0.00100927
0.00100132
0.00100206
0.00099002
0.000991979
0.000993322
0.00100799
0.00100462
0.00100988
0.00100401
0.00100263
0.00099604
0.0010066
0.0010019
0.000998668
0.000995421
0.00100203
0.00099003
0.00100319
0.000992779
0.000997942
0.000999318
0.00100871
0.00100734
0.0010046
0.000989988
0.000998684
0.000992698
0.000990114
0.00100733
0.00100259
0.00100993
0.000995324
0.000982018
0.000996732
0.00100525
0.000989363
0.00101449
0.000998132
0.00099405
0.00102726
0.000996078
0.00100002
0.00100407
0.00100396
0.000997895
0.00100261
0.00099866
0.00099871
0.000993375
0.00100535
0.00101859
0.000986018
0.000998702
0.00100204
0.000994055
0.000986005
0.00099933
0.000996026
0.00101131
0.000998054
0.00100868
0.00101127
0.00100133
0.000989358
0.000992059
0.00100062
0.00101066
0.00100256
0.00100342
0.00100064
0.00100267
0.000995391
0.00100463
0.00100272
0.00100003
0.000998718
0.000992653
0.000993409
0.000994666
0.000993401
0.00100732
0.00101193
0.00100402
0.000999941
0.00100071
0.000990007
0.000982793
0.000991298
0.000999344
0.00100994
0.0010213
0.00100199
0.00099994
0.00100002
0.00100534
0.000999448
0.000974769
0.000997321
0.00100213
0.00100795
0.00100262
0.000999954
0.00100391
0.00100591
0.000996744
0.000999371
0.000994661
0.00100331
0.000995377
0.000999296
0.00100192
0.00100593
0.00100334
0.000993338
0.000987363
0.000998721
0.001004
0.00100392
0.00100138
0.0009914
0.000997939
0.000997224
0.000985378
0.00101388
0.000999934
0.0010073
0.00098276
0.000998685
0.000996069
0.00100401
0.0010033
0.00100606
0.00100528
0.0010046
0.00101462
0.000991279
0.00100399
0.00100801
0.00100266
0.00100203
0.000996743
0.00100798
0.000987307
0.000992117
0.000997259
0.000994732
0.000995331
0.00100851
0.00100407
0.000988684
0.00100398
0.00100932
0.000996712
0.000994707
0.000988726
0.00100333
0.000989389
0.001006
0.00100135
0.00100997
0.000996731
0.00100669
0.00101335
0.0010046
0.000993421
0.000993351
0.000996726
0.000996681
0.00100277
0.00100399
0.0010106
0.00099669
0.00098999
0.000993365
0.00100194
0.000987354
0.0010093
0.00100664
0.00099667
0.000996026
0.00100261
0.000992703
0.00100399
0.00100337
0.000996044
0.00100136
0.00100531
0.0010007
0.00100135
0.0010013
0.00100136
0.00100335
0.00100399
0.000999979
0.00101061
0.000989379
0.000999971
0.000994029
0.00101264
0.000998592
0.00100337
0.00102126
0.00100128
0.000995967
0.0010073
0.00100464
0.0010092
0.000992677
0.00100067
0.000997352
0.00100078
0.00100005
0.000995369
0.0010026
0.000988703
0.00101057
0.000999402
0.00099865
0.00101064
0.00100656
0.000996696
0.00101197
0.000994632
0.00101331
0.00099869
0.00101004
0.00100187
0.00100272
0.00100719
0.000995386
0.00100133
0.0010138
0.000997394
0.00100924
0.0010033
0.000997984
0.000995351
0.000998659
0.00100729
0.000990617
0.00100934
0.000990703
0.00100587
0.000996734
0.0010107
0.00100194
0.00101395
0.000992002
0.000998721
0.000995999
0.000996642
0.00100867
0.00100132
0.00100337
0.00100201
0.00100933
0.00100254
0.000994648
0.000998659
0.00101405
0.00100064
0.00100131
0.000996026
0.00100667
0.00100937
0.00100061
0.000994657
0.00099994
0.00100729
0.000987349
0.0010072
0.000999353
0.00101061
0.000996685
0.00100324
0.00100068
0.00100135
0.00100058
0.00100996
0.000998679
0.000998034
0.00100066
0.000985455
0.00100272
0.00100393
0.000992648
0.00100254
0.000997367
0.00100266
0.000988087
0.00100063
0.0010073
0.00101067
0.0010047
0.000983376
0.000998067
0.000995981
0.00100064
0.00100395
0.00100796
0.000998039
0.00100134
0.000988045
0.000996654
0.00100402
0.000996739
0.000992721
0.000994085
0.000986716
0.00100136
0.000992657
0.00100132
0.0010007
0.00100327
0.00100863
0.000995396
0.000996738
0.00100333
0.000995402
0.00100537
0.00100131
0.00100927
0.000999311
0.000993321
0.00100266
0.00100734
0.000994655
0.00100654
0.00100203
0.000999261
0.00100469
0.000984726
0.0010034
0.00100726
0.00100338
0.000995954
0.000999327
0.000997907
0.000996071
0.00100532
0.00100988
0.000986088
0.000998005
0.000992681
0.000995316
0.000980056
0.00100263
0.00100132
0.00100466
0.000995348
0.000986001
0.000999385
0.00100201
0.000996026
0.00100325
0.00100468
0.000995965
0.000992007
0.000994055
0.000984073
0.00100593
0.000981346
0.001006
0.000986088
0.00100262
0.00100001
0.00100399
0.00099936
0.00101326
0.000990025
0.000998016
0.00100068
0.000990667
0.00100995
0.00099928
0.00098602
0.0010007
0.000989382
0.00101264
0.000996722
0.00100209
0.00100069
0.000994612
0.00100259
0.000997303
0.0010006
0.00100736
0.00100799
0.00099397
0.00100066
0.001002
0.000991448
0.00100464
0.000996034
0.00100534
0.000983372
0.00100665
0.000997219
0.00100592
0.00100401
0.000994653
0.00098543
0.000996685
0.000997955
0.000998059
0.0010133
0.00100128
0.000997394
0.000992674
0.000998776
0.000992635
0.000997995
0.000994711
0.000993949
0.000994625
0.00100268
0.000994037
0.00100465
0.000999333
0.000996743
0.00100793
0.0010026
0.0009887
0.00101453
0.000980089
0.000997277
0.00100469
0.00101059
0.000995421
0.00100271
0.0010014
0.000991988
0.000990707
0.000994641
0.00100394
0.00101062
0.00100198
0.000997978
0.000995366
0.000998102
0.000999318
0.000995359
0.00100209
0.000997378
0.00099733
0.00101397
0.00101129
0.00100396
0.00100732
0.00099604
0.00100996
0.000998672
0.000999298
0.000982734
0.000999379
0.000993316
0.000999922
0.0010053
0.000996623
0.00100264
0.000996698
0.000994027
0.000994015
0.000997943
0.00100269
0.00100141
0.000992001
0.00101392
0.000996785
0.00100859
0.00100737
0.00100726
0.00100532
0.000992662
0.0010013
0.00100001
0.00100987
0.00100461
0.00100331
0.00100131
0.00100656
0.0010073
0.000999401
0.000991943
0.00101257
0.0010047
0.000992111
0.00100926
0.00101527
0.000996043
0.0010053
0.000996651
0.00100119
0.00100661
0.000991348
0.000998067
0.00100398
0.000996743
0.00101592
0.000997938
0.000998061
0.00101201
0.000990748
0.0010039
0.00100073
0.000994096
0.000998021
0.000996031
0.00100069
0.00100064
0.00100668
0.000990021
0.00100467
0.000984057
0.000995365
0.00100197
0.000990604
0.000994761
0.00100395
0.00100328
0.00100402
0.000996669
0.00100072
0.00100671
0.00101
0.00100393
0.00101061
0.00100139
0.00100536
0.00099527
0.000997298
0.000995309
0.00100396
0.00099609
0.000989413
0.00101467
0.000994018
0.000998709
0.00100737
0.000996709
0.000999387
0.000999961
0.000995323
0.000992037
0.000997354
0.00099602
0.00100529
0.000995435
0.00100394
0.00100127
0.00100532
0.00100131
0.00100262
0.00100077
0.00100468
0.00100531
0.000996051
0.000992091
0.00100658
0.00100195
0.00100063
0.00100731
0.0010053
0.00098871
0.00100529
0.00099807
0.00100534
0.000994
0.000997237
0.00100859
0.001004
0.000992718
0.000999977
0.000992049
0.000992033
0.00100133
0.00099874
0.00100932
0.000995387
0.00100862
0.00100066
0.000996708
0.00100193
0.000998661
0.00100264
0.00100991
0.000998073
0.00100867
0.000994664
0.00100385
0.00100201
0.00099
0.00100736
0.00100731
0.00100738
0.000994732
0.00101127
0.00100459
0.000997982
0.000997993
0.0010014
0.00100465
0.00100193
0.000997966
0.0009974
0.00100996
0.000991341
0.000999947
0.00100266
0.000995998
0.000999302
0.000997995
0.00100465
0.00100129
0.00100132
0.000999316
0.00099208
0.00100668
0.000997285
0.00100066
0.00101721
0.00100737
0.00099336
0.000996676
0.00101133
0.000996687
0.00100127
0.0010047
0.0010053
0.000988019
0.000996681
0.00100801
0.000993386
0.00100528
0.000996707
0.000996023
0.000996067
0.00100203
0.001002
0.00100865
0.000997397
0.000997318
0.000998743
0.000990032
0.000987288
0.000989354
0.00100198
0.00100395
0.00100603
0.000997358
0.000988704
0.000994714
0.00100063
0.00100594
0.000993394
0.000996029
0.000986103
0.00101404
0.00100071
0.000994627
0.00100662
0.000988675
0.00100789
0.000985966
0.00100867
0.00100193
0.000998
0.00100333
0.00100667
0.000999292
0.00100206
0.00100922
0.00100325
0.000998739
0.000992692
0.00100525
0.00100604
0.00099735
0.000994094
0.00100532
0.00099265
0.000986733
0.000998607
0.000989383
0.000995966
0.00100337
0.00100652
0.00100469
0.00099807
0.0010059
0.000999319
0.00100535
0.000999998
0.00100132
0.000990682
0.00101528
0.000993363
0.00100264
0.00098741
0.00100927
0.00100606
0.00101126
0.00100133
0.000997274
0.00100939
0.000997363
0.000999959
0.00100938
0.000976694
0.000995994
0.00100468
0.000993348
0.00100129
0.001
0.00100072
0.000995966
0.000991331
0.00100669
0.000990792
0.00100138
0.000982072
0.00100271
0.00100201
0.000990053
0.000978776
0.00100265
0.00100274
0.00100199
0.00100129
0.000996623
0.000995968
0.00100007
0.00099476
0.00100866
0.00100332
0.00100868
0.000997985
0.000996757
0.000992699
0.000998076
0.000989396
0.000999958
0.000998022
0.00100668
0.00100534
0.00100468
0.0010006
0.00100192
0.000995314
0.000984754
0.00100062
0.000992074
0.00100388
0.00100128
0.000986725
0.000995362
0.00100067
0.00100799
0.000985491
0.00100469
0.000999958
0.00100195
0.00101455
0.00100929
0.00100203
0.000992706
0.000997958
0.0010133
0.00100204
0.000993313
0.00100533
0.000990037
0.000998015
0.000997988
0.00100597
0.000996055
0.000991341
0.000997945
0.000995306
0.00100263
0.00100465
0.00100332
0.00100735
0.000998629
0.00100469
0.00100265
0.00101183
0.00100267
0.000992013
0.000997396
0.00100402
0.0010013
