0.001006
0.00100656
0.00110801
0.000992775
0.000992775
0.000915
0.000915
0.0010995
0.000992775
0.00118988
0.000915
0.00107055
0.000915
0.000915
0.001
0.0010013
0.00116278
0.00100671
0.000992775
0.00100004
0.00109336
0.00100929
0.000915
0.00100666
0.00118326
0.000992775
0.000915
0.000915
0.000915
0.000915
0.000915
0.000915
0.00109301
0.00100788
0.000915
0.000992775
0.00116211
0.000915
0.000915
0.000915
0.00100773
0.000915
0.00126146
0.000915
0.00100846
0.000992775
0.000992775
0.000915
0.000992775
0.0010001
0.000992775
0.000999386
0.00107828
0.000915
0.00108622
0.00100062
0.00100907
0.00102151
0.000915
0.0010916
0.000992775
0.00108439
0.000915
0.000992775
0.00124661
0.00100783
0.000915
0.000915
0.000915
0.000999386
0.000915
0.00100656
0.000999386
0.00107772
0.00107777
0.000915
0.000992775
0.00108565
0.000992775
0.000915
0.000992775
0.00123271
0.00100656
0.00100011
0.00100051
0.000915
0.000915
0.00100712
0.000915
0.000915
0.000999996
0.00109212
0.000992775
0.000915
0.00107055
0.000915
0.000992775
0.00114832
0.000915
0.00107716
0.0010845
0.000915
0.000915
0.001
0.00101378
0.00100067
0.00109888
0.000999386
0.000915
0.001
0.000915
0.00108752
0.0011555
0.00107777
0.000915
0.000992775
0.00100723
0.000915
0.00100722
0.00100661
0.000992775
0.00102108
0.00101261
0.00116995
0.00107839
0.000915
0.000915
0.00101573
0.000915
0.000915
0.000915
0.000992775
0.00109094
0.001
0.000992775
0.000915
0.000915
0.000915
0.000915
0.001091
0.000915
0.00107716
0.000915
0.000915
0.000999948
0.00119769
0.00127811
0.00100056
0.000992775
0.00108561
0.000915
0.00100122
0.000992775
0.00101435
0.000992775
0.000992775
0.000915
0.000915
0.000915
0.000999386
0.000915
0.000915
0.00117615
0.000915
0.000915
0.000915
0.000915
0.00108433
0.00107782
0.00100148
0.000915
0.00123271
0.00117017
0.00116272
0.000915
0.00115494
0.000915
0.00108684
0.000915
0.000992775
0.00107777
0.00100735
0.00108622
0.00107782
0.000992775
0.000915
0.000915
0.000915
0.000992775
0.00107783
0.000915
0.000992775
0.000999386
0.000915
0.00109357
0.000915
0.000915
0.00107055
0.00100774
0.000992775
0.00118321
0.0011063
0.000915
0.00118459
0.00107716
0.000915
0.00116155
0.000999386
0.00107716
0.000992775
0.000915
0.001
0.00116882
0.00100729
0.000915
0.000915
0.000992775
0.000992775
0.000915
0.00100071
0.001091
0.000992775
0.000915
0.000915
0.00101378
0.000915
0.000915
0.00117047
0.00101388
0.000992775
0.001
0.000915
0.000915
0.00108377
0.000915
0.000992775
0.000992775
0.000992775
0.000915
0.000915
0.000992775
0.000915
0.000915
0.00108612
0.0011784
0.000992775
0.000915
0.000915
0.00127535
0.00100904
0.000992775
0.00107835
0.000999386
0.00109294
0.000992775
0.00100112
0.000915
0.00115494
0.00108506
0.000915
0.00119102
0.000915
0.00110673
0.000999386
0.000915
0.00115616
0.00100661
0.000915
0.000992775
0.000915
0.000992775
0.001006
0.00108439
0.00100077
0.000915
0.00117599
0.0010001
0.00107778
0.000999996
0.00102403
0.001
0.00116211
0.000999386
0.000999386
0.0010851
0.00123411
0.000915
0.000915
0.00107716
0.000992775
0.000915
0.000915
0.000992775
0.00107055
0.00100057
0.00108577
0.000992775
0.00101568
0.000992775
0.000915
0.00108556
0.000992775
0.000915
0.000915
0.000915
0.000999386
0.00117919
0.00109289
0.000999386
0.000992775
0.00107716
0.00117712
0.00110067
0.00110662
0.000915
0.000915
0.00108509
0.000915
0.000915
0.000999386
0.00100666
0.000915
0.000915
0.001
0.000915
0.00100656
0.000999386
0.000992775
0.000992775
0.000915
0.00116399
0.000915
0.00101261
0.00100656
0.000915
0.000992775
0.00101746
0.00107789
0.00115621
0.000992775
0.000915
0.0010784
0.00109218
0.00100056
0.00124706
0.000992775
0.0010199
0.001
0.000992775
0.0011845
0.000915
0.00100061
0.00100656
0.000915
0.000915
0.001006
0.000915
0.00101317
0.00118508
0.0010849
0.000915
0.00116323
0.000999386
0.000992775
0.000999386
0.000915
0.001
0.000999996
0.00124722
0.000999948
0.00100717
0.0011
0.00117022
0.000915
0.00100062
0.000915
0.00116334
0.00107716
0.00108438
0.000915
0.000915
0.000992775
0.000999386
0.00102218
0.000999386
0.00107783
0.001006
0.00100061
0.000992775
0.00107716
0.000999386
0.000915
0.000999948
0.00108633
0.000992775
0.000992775
0.000992775
0.00119095
0.000915
0.00107055
0.000992775
0.000999386
0.000915
0.000915
0.000915
0.00100911
0.00100718
0.000915
0.00108377
0.00108443
0.000999386
0.000915
0.00107916
0.000915
0.00108377
0.00107716
0.000915
0.000992775
0.000992775
0.00107055
0.00109361
0.00107772
0.0010086
0.000915
0.00100717
0.00101317
0.000999386
0.00107899
0.000915
0.000915
0.000915
0.00108433
0.000915
0.00100773
0.00117702
0.00100051
0.000915
0.000915
0.00101614
0.000915
0.00116508
0.000915
0.000915
0.00100072
0.000915
0.000915
0.00100662
0.00107772
0.00101261
0.000915
0.000999386
0.000915
0.00125372
0.000992775
0.00107055
0.00107055
0.00100722
0.00117
0.000915
0.000915
0.000915
0.000992775
0.000915
0.000992775
0.000992775
0.000999386
0.000915
0.00107055
0.00114832
0.000915
0.000992775
0.00107055
0.000999948
0.000915
0.00100794
0.000992775
0.00100184
0.000992775
0.000915
0.000915
0.00100051
0.000992775
0.000915
0.0010933
0.000999948
0.000915
0.00107055
0.00110123
0.00107777
0.000915
0.00109826
0.000992775
0.000915
0.000915
0.00100123
0.000915
0.000992775
0.000915
0.00116994
0.00100056
0.000915
0.000915
0.00108618
0.000915
0.000915
0.000915
0.00108571
0.000915
0.000915
0.000915
0.000915
0.000915
0.00108618
0.00107772
0.00100662
0.000992775
0.000992775
0.00100733
0.000992775
0.000999948
0.00108504
0.000915
0.00100062
0.000992775
0.00100726
0.00107716
0.000915
0.000915
0.000992775
0.000915
0.000915
0.000992775
0.00108377
0.000992775
0.000915
0.000915
0.00108613
0.00108506
0.000915
0.000999386
0.000992775
0.000992775
0.000999948
0.000999386
0.000992775
0.00107834
0.000915
0.00107055
0.000915
0.00100717
0.00100004
0.000915
0.0010144
0.000915
0.000992775
0.00126229
0.00109296
0.000915
0.000915
0.00100791
0.001188
0.000915
0.00108674
0.000915
0.00101609
0.000915
0.000992775
0.000915
0.000999386
0.001
0.000915
0.000915
0.000915
0.000992775
0.000915
0.000915
0.000999386
0.000915
0.00108438
0.000915
0.00108444
0.000999386
0.00101527
0.00115555
0.000915
0.000915
0.00115673
0.00125493
0.000915
0.000999948
0.00100056
0.00108495
0.00100107
0.0012545
0.000992775
0.000915
0.000915
0.000999948
0.000915
0.001085
0.000915
0.000992775
0.00100137
0.000999948
0.00100958
0.00107834
0.000915
0.00116211
0.0011826
0.000999386
0.000915
0.00117707
0.00101261
0.000999386
0.000915
0.001091
0.000915
0.000992775
0.000915
0.00108495
0.00116155
0.00107778
0.00128267
0.00108608
0.000992775
0.000992775
0.000915
0.000992775
0.000992775
0.000915
0.00101446
0.000999386
0.000992775
0.00114832
0.000915
0.001
0.000999386
0.00123271
0.00100001
0.000915
0.000915
0.000992775
0.00100728
0.000915
0.00100729
0.00110932
0.00109038
0.000915
0.00108581
0.000999948
0.000992775
0.000992775
0.000915
0.00114832
0.00108433
0.000915
0.000992775
0.000915
0.000915
0.000915
0.00109105
0.000915
0.00101389
0.00101615
0.0011634
0.000915
0.000915
0.000992775
0.00100134
0.000915
0.000992775
0.000915
0.00108377
0.00101624
0.00117435
0.000915
0.000915
0.00107055
0.00116216
0.00107055
0.000999386
0.0011718
0.000915
0.00109939
0.000915
0.000915
0.00109259
0.000992775
0.00115621
0.000915
0.000915
0.000999386
0.00100661
0.00100001
0.000992775
0.00108443
0.000999996
0.000915
0.00125311
0.00100656
0.000915
0.00109207
0.000915
0.000992775
0.000999386
0.00119116
0.00100656
0.000992775
0.000999386
0.000915
0.000915
0.000915
0.000992775
0.000915
0.000915
0.00100184
0.000915
0.000999948
0.000915
0.000915
0.000915
0.00117655
0.000915
0.00107885
0.000915
0.000915
0.000915
0.00107716
0.000915
0.000999948
0.000992775
0.000999948
0.00116938
0.000915
0.000915
0.000915
0.00116277
0.00109351
0.000915
0.00116339
0.000992775
0.000915
0.00107055
0.000915
0.00108628
0.000915
0.000992775
0.000915
0.000915
0.000999386
0.000999996
0.00108643
0.00110621
0.000915
0.000915
0.000999386
0.000915
0.000999948
0.00100665
0.00100656
0.00102167
0.000915
0.000915
0.000915
0.000915
0.00109038
0.00107716
0.000915
0.000915
0.000915
0.000915
0.000915
0.000915
0.000915
0.000992775
0.000992775
0.000915
0.000915
0.000915
0.00107716
0.000915
0.000999386
0.000999386
0.000992775
0.000915
0.001006
0.00108439
0.000992775
0.000992775
0.000915
0.000915
0.00109941
0.000915
0.000915
0.000915
0.000992775
0.000992775
0.000915
0.000992775
0.00107716
0.000915
0.000915
0.000992775
0.000915
0.000915
0.000915
0.000915
0.00109883
0.000915
0.000999948
0.000915
0.00100066
0.00107778
0.000992775
0.000992775
0.00100717
0.00100793
0.0012054
0.000915
0.000915
0.000992775
0.00100779
0.000915
0.000915
0.000999996
0.00100666
0.000999386
0.00100855
0.000992775
0.000999948
0.000992775
0.000915
0.000999386
0.000915
0.000915
0.00100717
0.00100199
0.000915
0.00107839
0.00100005
0.001
0.000999386
0.00107055
0.00116333
0.000915
0.00100057
0.000999948
0.000999948
0.00118928
0.000915
0.00107716
0.000999386
0.00116267
0.00100056
0.0010929
0.000915
0.000915
0.00118438
0.000915
0.000915
0.00124789
0.000915
0.000915
0.000992775
0.000992775
0.000915
0.00124797
0.000915
0.00100077
0.000992775
0.0011059
0.000999386
0.00109156
0.000999948
0.000999996
0.00100005
0.000915
0.0010234
0.000999386
0.000992775
0.000915
0.000915
0.000915
0.00101978
0.00101445
0.00107055
0.00100661
0.00107055
0.000915
0.00108546
0.000915
0.000915
0.00101383
0.000915
0.00109213
0.000915
0.00107915
0.000915
0.000915
0.000915
0.000915
0.000915
0.00109347
0.000915
0.000999386
0.000915
0.000999386
0.000915
0.00101989
0.0011555
0.00109905
0.000915
0.000915
0.000999948
0.000915
0.000915
0.000915
0.001006
0.000915
0.00102163
0.00111587
0.000999386
0.000999948
0.000999386
0.00117672
0.000915
0.000992775
0.000915
0.000992775
0.000915
0.000999386
0.000915
0.00107716
0.000915
0.000992775
0.00117968
0.000915
0.000992775
0.0010079
0.000992775
0.00100903
0.00107716
0.000915
0.000992775
0.000915
0.00117784
0.000915
0.000999386
0.00100717
0.000992775
0.00126094
0.000915
0.00109817
0.000915
0.000992775
0.00109273
0.00108494
0.000992775
0.000999386
0.00100013
0.00111522
0.000915
0.001234
0.00102096
0.00111273
0.00107778
0.00110061
0.00100077
0.00119004
0.000915
0.000915
0.00108438
0.00107844
0.000915
0.00126939
0.000915
0.000992775
0.000915
0.00107716
0.000992775
0.000915
0.000915
0.000915
0.000915
0.000915
0.000999948
0.000915
0.000915
0.000915
0.00108438
0.00100834
0.0011072
0.00107789
0.00107716
0.000915
0.00107055
0.000992775
0.00114832
0.00100773
0.000992775
