0.00104204
0.00100001
0.00100038
0.00104062
0.00100369
0.000915
0.000953887
0.00104696
0.00104241
0.000957735
0.0009593
0.00103936
0.00100151
0.000915
0.00095752
0.00100197
0.000957423
0.00112034
0.00100598
0.000955617
0.00100198
0.00103951
0.000955774
0.000959162
0.000959452
0.00100013
0.000996388
0.00113215
0.000957273
0.00100168
0.000955614
0.00100362
0.00100354
0.000959363
0.00100559
0.00104784
0.00107785
0.000998286
0.00100197
0.00108478
0.000994502
0.000915
0.000915
0.000915
0.00112979
0.00104761
0.0010003
0.00100016
0.000915
0.000955624
0.000915
0.000915
0.000992775
0.0010019
0.00100211
0.00105184
0.00104626
0.00104434
0.000915
0.00103903
0.00103536
0.00100211
0.000999625
0.00100517
0.000998041
0.000999687
0.00107746
0.00100196
0.000915
0.00112628
0.000960792
0.00100682
0.000915
0.000915
0.000955613
0.000957273
0.00100022
0.00096133
0.00095554
0.000953887
0.000915
0.00104965
0.00103874
0.000915
0.000962903
0.000961034
0.000953887
0.00100536
0.000957651
0.00100212
0.000959226
0.000915
0.00100007
0.000953887
0.000955767
0.00103905
0.00104657
0.00107792
0.00096102
0.00104964
0.00103926
0.000998043
0.00100325
0.00104082
0.00116977
0.0010873
0.000960812
0.0010054
0.000996251
0.00100402
0.00095569
0.00112368
0.0011225
0.00104091
0.00104589
0.00095772
0.0009593
0.00100319
0.000959239
0.000915
0.00100209
0.00095554
0.00103716
0.0011222
0.00108679
0.000962909
0.00095554
0.00104417
0.000994514
0.000998033
0.000959239
0.00099608
0.000957521
0.000955614
0.00099797
0.00103912
0.000999679
0.000955851
0.000915
0.00108655
0.0010051
0.00100158
0.00104038
0.00104289
0.00108117
0.000915
0.00112713
0.00100148
0.00104237
0.000915
0.00095561
0.000961045
0.000915
0.000957651
0.00107935
0.000957494
0.0010426
0.00104266
0.00100566
0.00104625
0.000957349
0.000915
0.000959083
0.000955613
0.00103896
0.000959073
0.000999941
0.000955695
0.001085
0.0009593
0.00109081
0.0010444
0.00100014
0.000963068
0.000957349
0.000959245
0.00104408
0.000957424
0.00108671
0.00108376
0.00095577
0.00100001
0.0010441
0.0010429
0.00095561
0.00095734
0.00103887
0.000961183
0.00100876
0.00104784
0.00107966
0.00100356
0.000915
0.000957416
0.00096299
0.000953887
0.000998107
0.0011277
0.000959232
0.00100002
0.00103679
0.000915
0.00103891
0.000953887
0.000915
0.000994594
0.000915
0.000998107
0.000998198
0.000957567
0.000957502
0.000959301
0.00108467
0.00112574
0.000957486
0.00104625
0.00108532
0.000915
0.00104422
0.00103724
0.00108657
0.000915
0.000959147
0.000961205
0.000999929
0.0010015
0.000957493
0.00103927
0.00095563
0.000915
0.000999917
0.00104462
0.00109021
0.00109456
0.000996388
0.00109174
0.00107967
0.000955765
0.000953887
0.00108696
0.00113089
0.000996304
0.000959309
0.000953887
0.00113326
0.000998424
0.00103565
0.00100026
0.00095554
0.000998204
0.00104297
0.00104071
0.00100346
0.000955614
0.00104235
0.00100337
0.000999931
0.00112787
0.000957499
0.000915
0.000996304
0.000915
0.00108348
0.000915
0.000996231
0.00104235
0.000996461
0.000959373
0.000957647
0.000994658
0.000915
0.000915
0.000992775
0.0009557
0.000915
0.00100579
0.0010411
0.00104403
0.00108663
0.000915
0.0010795
0.000959313
0.00100203
0.000915
0.000957276
0.000959296
0.000961274
0.0010034
0.000953887
0.00100706
0.00103888
0.00095585
0.000957645
0.00118458
0.000996532
0.000998123
0.00100023
0.00103881
0.000996374
0.000915
0.000915
0.000999774
0.00107967
0.000915
0.000961033
0.000996304
0.00100346
0.000957503
0.000996461
0.000915
0.0010813
0.000959377
0.0010051
0.000955773
0.0011256
0.00100852
0.0010868
0.000955998
0.0010923
0.00100166
0.000962609
0.00104802
0.000959372
0.00100517
0.00103909
0.000959703
0.000953887
0.00100363
0.000959247
0.00105167
0.0009575
0.000996464
0.000959319
0.000957563
0.00104439
0.00109246
0.00120929
0.00104451
0.00103911
0.000959372
0.0010039
0.000915
0.000915
0.0009575
0.000915
0.0010019
0.00107626
0.000915
0.00104082
0.000960735
0.00095554
0.00100581
0.00112591
0.00100157
0.000957803
0.00100014
0.00107799
0.000915
0.000953887
0.00104595
0.000915
0.000957193
0.00107801
0.00104243
0.00104219
0.000915
0.00104241
0.000998174
0.00099852
0.00103527
0.0010886
0.00100038
0.000915
0.000959386
0.00096106
0.000915
0.00108026
0.000998276
0.000955613
0.000915
0.00112582
0.000998053
0.000955624
0.000998034
0.00095561
0.00104416
0.000915
0.000959452
0.000915
0.00100201
0.000996452
0.00108323
0.00112438
0.00112917
0.000994733
0.00103504
0.000961038
0.000953887
0.00103865
0.000955614
0.00112254
0.00104061
0.000996378
0.0010537
0.000961334
0.0010021
0.000955775
0.000959162
0.000915
0.00104248
0.00100405
0.000996321
0.000915
0.00103874
0.00095562
0.000955767
0.000915
0.00100157
0.00107965
0.00107944
0.000959303
0.00107942
0.000998582
0.000953887
0.000957581
0.000998351
0.00104251
0.000962904
0.00101057
0.00099647
0.00104581
0.000957422
0.00107942
0.000999779
0.00108094
0.00107973
0.00104076
0.00104257
0.000915
0.000915
0.00100044
0.00104234
0.00100502
0.00108502
0.000998039
0.00104806
0.00105026
0.00104724
0.00104606
0.000996227
0.000960955
0.000953887
0.000998264
0.000960815
0.00104452
0.00100352
0.000953887
0.000961038
0.000959867
0.000963426
0.00108493
0.00116666
0.00104608
0.00112216
0.000915
0.000998422
0.00104281
0.000996451
0.000953887
0.00108314
0.00095593
0.00100182
0.00108153
0.000955697
0.0010457
0.00108315
0.000915
0.000915
0.000999924
0.000957193
0.000957346
0.000915
0.000999854
0.00100048
0.000998123
0.000955771
0.000915
0.00100001
0.000915
0.000915
0.000961033
0.000915
0.000998421
0.000996478
0.0009557
0.000915
0.000996796
0.000955623
0.00107921
0.000915
0.000915
0.00104076
0.000999603
0.00108666
0.00108682
0.00107793
0.00109227
0.000915
0.00104745
0.000963116
0.000953887
0.00103354
0.000959611
0.000996457
0.000915
0.00100009
0.00100193
0.00108281
0.000998046
0.000915
0.000915
0.000959319
0.0010021
0.00109012
0.000998212
0.00100007
0.00100351
0.00096095
0.000915
0.00103355
0.000999939
0.00104567
0.00100001
0.000962848
0.00103903
0.00113337
0.000915
0.00095561
0.0011374
0.00109524
0.00095554
0.00104963
0.00100202
0.000960812
0.000999856
0.00109281
0.000915
0.000996381
0.000996307
0.00100173
0.00104039
0.00100179
0.000955831
0.0010018
0.000915
0.000955771
0.0009593
0.00105569
0.000955681
0.00103935
0.000997973
0.000953887
0.000957563
0.000998187
0.00099638
0.0010055
0.000915
0.000994511
0.000999983
0.00112411
0.00095554
0.000915
0.000959079
0.00095554
0.00095554
0.00103677
0.00100179
0.00095554
0.00105146
0.00100566
0.00107619
0.000955694
0.000915
0.00112231
0.00108116
0.000999766
0.000915
0.0010516
0.000915
0.00100187
0.000997903
0.000994722
0.000994651
0.000959069
0.000959458
0.00113943
0.000960953
0.000957423
0.000997891
0.000957493
0.00104807
0.00107896
0.000961033
0.000955783
0.000999844
0.00095554
0.0010458
0.000953887
0.00108339
0.000964583
0.00103865
0.000999859
0.00100149
0.000915
0.00100416
0.00103875
0.000960889
0.000961114
0.00100551
0.000960886
0.00100165
0.00108989
0.000962698
0.00108312
0.000915
0.000957651
0.000957507
0.000915
0.00103874
0.000996151
0.00104009
0.00100164
0.0010036
0.00104376
0.000957417
0.000957666
0.000998263
0.00104594
0.000996158
0.00103731
0.000953887
0.00108266
0.00108711
0.00100159
0.00108324
0.000955627
0.00116825
0.000955764
0.00108162
0.00104233
0.000915
0.00104417
0.000959367
0.000959302
0.00108139
0.000996601
0.000953887
0.000998333
0.00103867
0.00100172
0.00104227
0.00100165
0.000962844
0.000959168
0.00108667
0.00109209
0.00107793
0.000955614
0.00100014
0.00100554
0.00104762
0.00104217
0.000960911
0.000959309
0.000915
0.000999787
0.00108275
0.00112716
0.0009557
0.00112894
0.000915
0.000953887
0.00108141
0.00104077
0.0010911
0.000957734
0.00104086
0.000994428
0.0010018
0.000994726
0.000994507
0.000915
0.00095562
0.00099624
0.00107927
0.000953887
0.000996531
0.00100165
0.00103692
0.00099639
0.00100204
0.000959152
0.00108342
0.00100182
0.00100023
0.000959232
0.000996314
0.000998181
0.00100025
0.000915
0.00100354
0.00104256
0.00103701
0.00100732
0.00095752
0.000996227
0.00100225
0.000994733
0.000999935
0.000998187
0.00104406
0.000959782
0.000957193
0.00104393
0.000915
0.000955791
0.00103864
0.000998273
0.0010905
0.000959073
0.00099999
0.000955834
0.00104966
0.00104579
0.00100188
0.000996378
0.000915
0.001131
0.00108679
0.000915
0.000915
0.00112728
0.00104596
0.00103694
0.00103881
0.00100189
0.000915
0.00104413
0.00104425
0.00112516
0.000957267
0.000915
0.00108892
0.000955854
0.000994664
0.000994658
0.000915
0.000955697
0.000994581
0.000915
0.00095561
0.00104227
0.00111855
0.000962756
0.00109389
0.00108712
0.000915
0.000998644
0.000953887
0.00100195
0.000996464
0.00096106
0.00104471
0.000955783
0.000996244
0.000915
0.000994731
0.00095787
0.000957346
0.00112553
0.000996608
0.00107967
0.000955617
0.00113492
0.00095772
0.000961444
0.000915
0.000964715
0.00103726
0.00100219
0.000957497
0.000957579
0.000996227
0.00100712
0.00100157
0.000957333
0.00107619
0.00104602
0.000961266
0.000953887
0.000999857
0.000998036
0.00095554
0.00100342
0.00116844
0.00108139
0.00108107
0.000915
0.00104251
0.000959461
0.000953887
0.00108503
0.000953887
0.000915
0.000998197
0.000957816
0.000961179
0.000998174
0.000957573
0.0009557
0.00104107
0.00100024
0.00104123
0.00100006
0.000957671
0.000959307
0.00104243
0.000915
0.00095945
0.000955843
0.00104602
0.00100743
0.00108347
0.00107612
0.000957576
0.00103692
0.00100002
0.00104824
0.00104593
0.00108124
0.00107999
0.000957423
0.00100135
0.000955614
0.00099813
0.00100338
0.00108294
0.00104763
0.000953887
0.00103936
0.00108719
0.00095774
0.00103693
0.000998184
0.00100163
0.00108484
0.0009575
0.000999833
0.000915
0.000915
0.00108159
0.00107761
0.000959457
0.000953887
0.00108026
0.000915
0.00100008
0.000955767
0.00099623
0.00109217
0.000998258
0.00109077
0.000959466
0.00100013
0.00109379
0.00108295
0.00099822
0.000915
0.00096103
0.000915
0.00100564
0.00109101
0.0010425
0.000955693
0.00103859
0.000957494
0.000953887
0.00103565
0.000955761
0.00104615
0.00103896
0.000953887
0.000959452
0.00108814
0.000955617
0.000959063
0.000915
0.0010443
0.000998033
0.000957427
0.000915
0.00108681
0.000915
0.00100011
0.000915
0.00100517
0.00100871
0.000953887
0.000957583
0.000955927
0.00100024
0.000957645
0.00104964
0.000998038
0.000915
0.00113697
0.000960946
0.00104777
0.00100189
0.00100008
0.000996537
0.000953887
0.000998497
0.000959003
0.000953887
0.00100009
0.00095562
0.00104234
0.00100174
0.000963068
0.000915
0.000999917
0.0010837
0.000957567
0.00104411
0.00112728
0.000915
0.00100533
0.00108881
0.000996477
0.00104605
0.000996307
0.00104443
0.00104235
0.000953887
0.000915
0.00103713
0.000998031
0.00108167
0.000915
0.0010428
0.000957336
0.00104443
0.000953887
0.00099999
0.000915
0.000959316
0.000959307
0.0009594
0.00104273
0.00104075
0.00108535
0.00113101
0.000999843
0.000915
0.00104226
0.00108978
0.000959227
0.00100002
0.000964659
0.00112021
0.000915
0.00099976
0.00108312
0.000998113
0.00103716
0.00100223
0.00104385
0.00095554
0.000957564
0.00100179
0.000915
0.00099616
0.000915
0.000953887
0.000959517
0.000915
0.000915
0.00104399
0.000994584
0.00100049
0.00108306
0.00104912
0.000957635
0.000915
0.00117135
0.00104062
0.0010422
0.00112916
0.00099789
