0.00099074
0.000995862
0.00102121
0.00099608
0.000996156
0.000989426
0.000997377
0.0010158
0.00101733
0.000991867
0.00102259
0.00100267
0.00101867
0.000998783
0.00099597
0.000996016
0.0010068
0.00100519
0.000978693
0.000991972
0.00100527
0.00100665
0.000993242
0.000987996
0.00100547
0.000993335
0.000994793
0.00102415
0.000994638
0.0010012
0.00098557
0.00098655
0.000990694
0.000994762
0.00100531
0.00102937
0.000993547
0.00101317
0.000995971
0.00100157
0.00100019
0.000999783
0.00100916
0.000987995
0.00100148
0.000993258
0.00100935
0.00100931
0.000996027
0.000993325
0.000991876
0.00100679
0.000994628
0.00100266
0.00102141
0.000999963
0.000991927
0.000992021
0.00101599
0.00100143
0.000999975
0.00099479
0.000999879
0.000991891
0.00100795
0.00102007
0.00098512
0.000996131
0.00101459
0.000997316
0.000988142
0.000996131
0.00101337
0.000998583
0.000993323
0.000995854
0.00100794
0.000989398
0.00100244
0.000998637
0.0010119
0.000978772
0.00100421
0.00101069
0.000994805
0.000992254
0.000999731
0.00100927
0.00100806
0.00101863
0.00100527
0.000990728
0.00100394
0.00100253
0.0010039
0.0010108
0.000992112
0.000991962
0.00101854
0.000994488
0.00100261
0.000996062
0.0010013
0.00100667
0.00100774
0.000991947
0.000998673
0.000984326
0.0010304
0.00099588
0.00101183
0.000996065
0.000998726
0.00099212
0.000998759
0.00100417
0.000999881
0.00101473
0.000997429
0.0010239
0.000998512
0.000996118
0.00100248
0.000997293
0.000988013
0.00100401
0.00100123
0.000996067
0.001016
0.000997312
0.000982768
0.00099887
0.000999925
0.00100528
0.000990474
0.000983898
0.00100792
0.000996004
0.00100377
0.000999925
0.00100528
0.00100777
0.00100254
0.00100669
0.00100671
0.00100272
0.00100262
0.000989358
0.000995876
0.00100008
0.000997273
0.000986959
0.00100131
0.00101075
0.00100926
0.00100395
0.00101316
0.000994698
0.00101347
0.00100265
0.00100545
0.000977438
0.00100803
0.000998706
0.000999996
0.00101193
0.000998615
0.000983947
0.0010145
0.00098659
0.000990644
0.00100662
0.000999985
0.000994734
0.000990914
0.000992187
0.00100525
0.000993356
0.000998598
0.00100264
0.000995945
0.000989421
0.00100381
0.0010025
0.000993356
0.000992029
0.00100544
0.000985447
0.000997372
0.00098683
0.000990792
0.000995979
0.000998501
0.00102117
0.0010173
0.000990752
0.00100953
0.000998653
0.00098303
0.00100947
0.00100531
0.00100794
0.00101463
0.000992038
0.000989219
0.00100521
0.000994576
0.00101178
0.00099207
0.0009945
0.000998493
0.000985311
0.00100531
0.000987983
0.00100269
0.000989366
0.00100548
0.000986761
0.00099755
0.0009947
0.00101435
0.00100131
0.000989561
0.00101052
0.000998636
0.00100795
0.000988013
0.000992081
0.000980009
0.00100548
0.000991849
0.00101472
0.000995958
0.00099361
0.00101061
0.000977255
0.00100796
0.00098674
0.00100815
0.000997494
0.00101069
0.000996142
0.000996012
0.000993143
0.00099213
0.00101207
0.00103183
0.000984207
0.00101874
0.0010254
0.00100281
0.00101442
0.000985251
0.00101861
0.00100916
0.00100407
0.00101081
0.00100539
0.000982636
0.000993398
0.000984054
0.00101056
0.000995888
0.000995985
0.000997432
0.000999935
0.000994575
0.00099607
0.00100268
0.000994824
0.000992209
0.000998754
0.000994715
0.000996103
0.00100678
0.000998627
0.000997302
0.00100535
0.000998693
0.000986645
0.000998536
0.00100656
0.000996093
0.000994915
0.000997406
0.00100647
0.00100392
0.000997389
0.00100135
0.000999976
0.00100013
0.00101076
0.000999949
0.00100002
0.000974929
0.000989254
0.000973383
0.00100797
0.00100534
0.00100677
0.00100543
0.000992174
0.00101589
0.00101355
0.000996211
0.00100135
0.00101323
0.000997419
0.000995989
0.00100918
0.000981571
0.000988043
0.00101333
0.00100784
0.000991842
0.00100134
0.00100401
0.0010067
0.00101473
0.000998755
0.000993305
0.00100116
0.000990777
0.000993346
0.000984016
0.000995949
0.000992071
0.00102512
0.000997404
0.000997428
0.00100137
0.000991926
0.00100793
0.000987692
0.00100536
0.00100932
0.000997548
0.00100251
0.00100517
0.00100397
0.000997248
0.00100672
0.00100128
0.000988231
0.00099727
0.000989226
0.00102113
0.00101206
0.00100269
0.00100381
0.00098401
0.000996093
0.00102003
0.00100266
0.000987959
0.00101986
0.00100123
0.000994789
0.00100396
0.00101049
0.00099343
0.000985551
0.000992204
0.00100272
0.00100013
0.000974618
0.00101329
0.000994742
0.00101312
0.00100396
0.000998608
0.00101991
0.000994773
0.000990679
0.00100925
0.00101871
0.00100132
0.000998541
0.00102111
0.00101326
0.000993346
0.00100266
0.000980207
0.00100011
0.00100143
0.00100528
0.000998687
0.00100132
0.00101735
0.00100427
0.000994812
0.000987998
0.0010133
0.000993324
0.00100526
0.000995865
0.00100016
0.00100674
0.000990742
0.000997305
0.000989417
0.000990703
0.00100275
0.00100132
0.00102633
0.000990754
0.000991964
0.000993375
0.00100528
0.000978717
0.00101327
0.0010027
0.00100403
0.000991933
0.00100529
0.000988107
0.000997452
0.000999929
0.00101328
0.00100264
0.00100906
0.000980187
0.00100146
0.00100772
0.00102526
0.00100124
0.00101308
0.00101988
0.000998568
0.00100287
0.000977468
0.00100681
0.00100126
0.000991903
0.00101858
0.000991998
0.000985293
0.0010068
0.000999859
0.00100269
0.000994543
0.000992028
0.000998484
0.00100532
0.000998873
0.000999786
0.00102131
0.000997525
0.00101728
0.000988225
0.00100932
0.000968145
0.000982596
0.000994643
0.00102367
0.000993192
0.00100256
0.000997356
0.000997393
0.00100281
0.000994579
0.00100529
0.00100261
0.00100799
0.000995985
0.00101601
0.00100391
0.000995974
0.000986615
0.00100526
0.000986677
0.00101875
0.00100371
0.00100137
0.00101067
0.000997419
0.000993447
0.00099342
0.000995972
0.000990721
0.000989582
0.00101342
0.0010094
0.00098665
0.00100673
0.00101046
0.000996043
0.00100392
0.000995914
0.00101061
0.000992188
0.000999958
0.00102406
0.00099869
0.00100667
0.000996078
0.000982741
0.000989402
0.000982808
0.000993268
0.00101867
0.00099217
0.00100809
0.000996119
0.00100638
0.00101196
0.00100924
0.000990644
0.00101061
0.0010028
0.001004
0.000985495
0.000994815
0.00100801
0.00102021
0.00100524
0.000989569
0.000998577
0.00100405
0.000990711
0.000989352
0.00100778
0.000992023
0.000994646
0.000985584
0.000987987
0.000998561
0.00100809
0.00100943
0.000991993
0.00101067
0.00100267
0.0010146
0.0010067
0.000989248
0.00101197
0.000993376
0.000997389
0.000998714
0.000985292
0.00102128
0.00100528
0.000981421
0.00100922
0.00100394
0.00100382
0.00100116
0.00100125
0.000996073
0.00102678
0.00098829
0.000994729
0.00098813
0.000976092
0.00100798
0.000989218
0.00100261
0.000993424
0.00101197
0.00100005
0.000981528
0.00101608
0.000990724
0.00099459
0.000995988
0.000986812
0.00098552
0.000993443
0.00100922
0.000997418
0.0010081
0.00099474
0.000990719
0.000986624
0.000989292
0.00100517
0.000992006
0.00100536
0.00101458
0.000985228
0.00100806
0.000989323
0.00100682
0.000989476
0.00100544
0.00099884
0.00101727
0.000995938
0.00101996
0.000997233
0.00100796
0.0010078
0.000978855
0.00100797
0.00101058
0.000989427
0.000998524
0.00101186
0.00101085
0.00099993
0.000998633
0.000998669
0.000988142
0.000993255
0.000992057
0.00100543
0.000996008
0.000990617
0.00100373
0.000999979
0.000995963
0.00098933
0.00100407
0.00102396
0.00100539
0.0010159
0.00100274
0.00100649
0.000998719
0.000999748
0.00100123
0.000989349
0.000997517
0.0010041
0.000996059
0.0010147
0.0010079
0.00100787
0.00101054
0.00100542
0.000988139
0.00100002
0.00100406
0.00100125
0.00100149
0.00100793
0.000999972
0.00101473
0.000997313
0.00100928
0.00100902
0.000977378
0.000993273
0.000995997
0.000997393
0.00100129
0.00100534
0.000998521
0.000990715
0.000985387
0.00100386
0.00100664
0.00100141
0.00099461
0.0010145
0.00100018
0.00100143
0.0010015
0.00101048
0.000995962
0.00101869
0.00099466
0.00100373
0.00100802
0.00100662
0.00100537
0.000988106
0.00100253
0.00100537
0.000974927
0.000998688
0.000984034
0.000990685
0.0010226
0.00100131
0.00101336
0.00100292
0.000994669
0.00101597
0.000988048
0.00099613
0.00101325
0.00101593
0.00100784
0.00100253
0.00100649
0.000981283
0.000993389
0.00100275
0.00100679
0.000993365
0.000998496
0.000982673
0.000988145
0.0010078
0.00102118
0.000998735
0.00100674
0.00100109
0.000996038
0.00100261
0.000999875
0.00101335
0.00101456
0.000987848
0.0010052
0.000986642
0.00100416
0.00100927
0.000998788
0.001016
0.00100536
0.00100815
0.0009694
0.000991804
0.00100126
0.00101206
0.000985296
0.000988096
0.00100425
0.000997358
0.00101191
0.00100942
0.00102002
0.000996051
0.000993446
0.0010079
0.0010068
0.00101584
0.000989334
0.000997349
0.00100133
0.000995845
0.00101442
0.000997437
0.000985333
0.000998797
0.000988086
0.00101199
0.00101591
0.00101852
0.000988042
0.00100539
0.00099456
0.000997206
0.000978779
0.000993289
0.00100554
0.00100671
0.000998673
0.00097875
0.000996035
0.000985411
0.000989379
0.00102252
0.00100538
0.000990748
0.000987939
0.00100793
0.000996211
0.000990705
0.000985331
0.000985202
0.00100258
0.000998715
0.000982678
0.00101044
0.00102007
0.000999961
0.000984013
0.00100261
0.000993462
0.00100794
0.00100138
0.000998482
0.000986763
0.00101857
0.000999969
0.000984036
0.000978754
0.000979927
0.000989543
0.00100385
0.000994647
0.00100555
0.00101735
0.000992119
0.00100282
0.000990671
0.0010065
0.00101068
0.00100121
0.000973545
0.0010026
0.00100655
0.000986793
0.00100386
0.00100024
0.000985315
0.000995949
0.00100671
0.00100243
0.00100011
0.000982878
0.00101214
0.00101084
0.00100135
0.0010132
0.00101716
0.000994599
0.000996016
0.000993405
0.00100408
0.000999897
0.000993341
0.000993374
0.000997461
0.00100268
0.000999803
0.00101339
0.000990638
0.000996248
0.00101069
0.00100282
0.00100278
0.000994697
0.00098794
0.000982613
0.00100671
0.000998755
0.000977474
0.000995829
0.00101449
0.00100387
0.000990543
0.000990568
0.00101082
0.000984167
0.00100141
0.000995913
0.00100134
0.00100541
0.000994567
0.00100372
0.00100159
0.000995875
0.0009973
0.000997503
0.000994718
0.000998822
0.000997372
0.000998692
0.000999985
0.000983985
0.00100671
0.000997425
0.00100933
0.000983933
0.000994687
0.00100797
0.00099736
0.000991936
0.000997329
0.000995994
0.000980016
0.00100661
0.00102136
0.000998671
0.00100279
0.0010092
0.00100267
0.00100267
0.00100257
0.00101862
0.00100134
0.000992087
0.000995854
0.0010093
0.000997575
0.000994859
0.00100532
0.000993407
0.000988127
0.000981444
0.000994787
0.00101728
0.000998496
0.00100399
0.00101322
0.000997454
0.000979985
0.00101471
0.00101056
0.000992008
0.000994718
0.00100391
0.00100933
0.00098675
0.000998686
0.00100118
0.000998631
0.00097875
0.000996056
0.000999834
0.00100127
0.00099609
0.000993221
0.00100128
0.00101081
0.00098256
0.00102772
0.000996103
0.00100803
0.00100255
0.00100801
0.00102108
0.000998526
0.000994643
0.00100668
0.00101481
0.000995983
0.00100396
0.000994834
0.000995959
0.00102661
0.000998547
0.00100671
0.00097748
0.000993459
0.000993293
0.000991948
0.00100396
0.000998629
0.00100796
0.00100148
0.000992096
0.000998681
0.000970781
0.00100385
0.00101092
0.000981455
0.00099459
0.000979011
0.000994514
0.00101316
0.000995975
0.000976057
0.000983973
0.00100393
0.000985263
0.00101189
0.00098663
0.000998679
0.000999886
0.000993345
0.000990844
0.00101603
0.00100273
0.00100665
0.000998806
0.000994836
0.000998707
0.00101854
0.00100392
0.000994522
0.00100643
0.00101589
0.000997215
0.000977544
0.00100537
0.000983078
0.000984018
0.00100405
0.000994849
0.000997349
0.000997464
0.00100928
0.00102792
0.000998577
0.0010092
0.0010013
0.00100268
0.00100917
0.000988017
0.00100408
0.00100542
0.000985381
0.00101198
0.000993227
0.00102907
0.000990794
0.000983951
0.00100392
0.00100239
0.000991986
0.00100524
0.000994551
0.00100914
0.000998283
0.000985408
