0.000997616
0.00101609
0.000991817
0.00100248
0.00102899
0.00101041
0.000984183
0.0010023
0.00102401
0.00100549
0.0010163
0.000989566
0.00100816
0.0010242
0.000999861
0.00098443
0.00101348
0.000999773
0.00100523
0.00100809
0.000978372
0.000991674
0.000989496
0.00100782
0.000970892
0.000992255
0.000997536
0.00100246
0.000986997
0.00099218
0.000997567
0.0010055
0.00101382
0.000962863
0.00100494
0.00100487
0.00101598
0.0010025
0.001005
0.00101592
0.000962888
0.00100826
0.000984106
0.00101082
0.00100004
0.000992127
0.0010002
0.000999685
0.00100798
0.000981586
0.00100257
0.00100501
0.000984044
0.000978589
0.000994538
0.00102378
0.00101864
0.00102139
0.000999876
0.000997842
0.00102618
0.00100516
0.000997417
0.000992051
0.00101343
0.000994723
0.00101316
0.00100762
0.000989249
0.00100575
0.00102648
0.00101341
0.00101097
0.000981556
0.000999733
0.00102958
0.000981377
0.00100036
0.000981303
0.00101573
0.000995122
0.000995214
0.00102381
0.00100805
0.0010056
0.0009839
0.000986831
0.00100535
0.000994385
0.00100765
0.00102123
0.000976097
0.00102127
0.000962942
0.00100783
0.00100538
0.000965654
0.00103431
0.00101322
0.00100529
0.00102085
0.00102961
0.00100486
0.00103166
0.00100532
0.00100522
0.00100027
0.00102418
0.00100252
0.00099738
0.0010321
0.00100521
0.000989413
0.00104772
0.000997201
0.00101065
0.00101611
0.000992273
0.00100282
0.000989243
0.000994726
0.000992046
0.000978629
0.000984161
0.000989066
0.000992295
0.000986468
0.00102081
0.000992239
0.0010294
0.001024
0.000995007
0.00100523
0.000971124
0.00101604
0.00102087
0.00101314
0.00103171
0.00098421
0.00102927
0.00100797
0.000976139
0.000973177
0.00100302
0.00100292
0.000986594
0.000978892
0.00100471
0.000967991
0.000997036
0.0010185
0.00100786
0.000997039
0.000997223
0.00100525
0.000992049
0.000994813
0.0010025
0.000981197
0.00100528
0.00101335
0.000976016
0.00101328
0.000979005
0.00100557
0.00101059
0.000992118
0.000997287
0.000994865
0.000992125
0.00100574
0.00101058
0.00101317
0.00098695
0.000997315
0.000989236
0.00100239
0.00101335
0.00099159
0.000981482
0.00101576
0.000989572
0.00098399
0.00101094
0.000984433
0.00099753
0.00100002
0.0010159
0.00102069
0.00100779
0.00101592
0.00100261
0.000997225
0.00100253
0.0010212
0.000973094
0.000989398
0.00100229
0.000989178
0.00100281
0.00101866
0.00099445
0.000986856
0.000978782
0.000989461
0.000975946
0.00100011
0.000991958
0.00100802
0.0010108
0.00101367
0.00101341
0.000989452
0.000984017
0.00100523
0.000992034
0.00100025
0.00101625
0.00100237
0.000994845
0.00101054
0.000999805
0.000989234
0.00101303
0.00102176
0.00100522
0.000984412
0.000986514
0.00101333
0.000991923
0.000995073
0.00100291
0.000997688
0.000991984
0.0010161
0.00100587
0.00101307
0.000981352
0.00100794
0.00103163
0.000994643
0.000997457
0.0010291
0.000984087
0.00101374
0.00101057
0.000978619
0.000994779
0.00100521
0.00100045
0.00099462
0.00100212
0.00102627
0.00100546
0.000989462
0.000957475
0.000983909
0.00100024
0.000989438
0.00101348
0.00100049
0.000986668
0.000978491
0.000989262
0.000997162
0.001032
0.00100262
0.00103466
0.00100492
0.0010319
0.000997483
0.0010079
0.000989348
0.000999422
0.000981598
0.00100513
0.000984465
0.00102102
0.000994515
0.000992392
0.000994693
0.00100288
0.000970663
0.000994431
0.000997312
0.0010025
0.000973118
0.000999894
0.000986763
0.00101849
0.000997476
0.00100845
0.000986931
0.00101597
0.00100815
0.000997464
0.000999917
0.000986955
0.000994669
0.000968119
0.000975341
0.000997433
0.000965734
0.00095753
0.00101855
0.000986875
0.00101848
0.000991759
0.00102895
0.000989427
0.000968054
0.000983928
0.000997505
0.0010134
0.000999839
0.00100847
0.00100523
0.000994631
0.000984013
0.00100557
0.00100476
0.00101324
0.000986695
0.00099489
0.00101074
0.000994286
0.000994824
0.00101313
0.000983989
0.00101084
0.00102703
0.00100809
0.00101585
0.00100283
0.00096532
0.0010191
0.00100268
0.000997452
0.000994412
0.00100269
0.00100268
0.00100029
0.000992128
0.00101054
0.00100025
0.000986681
0.000994442
0.000981524
0.000994588
0.000973454
0.00100199
0.000991984
0.000994533
0.000994957
0.000991975
0.00101032
0.000968068
0.00100539
0.000986674
0.00101076
0.00102128
0.00102399
0.00097581
0.00100524
0.00100832
0.000994314
0.000994801
0.00097881
0.00100815
0.00100798
0.000994665
0.00101629
0.000997392
0.00100276
0.00100021
0.00100027
0.00102399
0.00100251
0.00100277
0.000997511
0.000999582
0.000976018
0.000994771
0.000984264
0.00100513
0.000994801
0.00100263
0.00101069
0.0009919
0.00101339
0.000989237
0.000983856
0.000999777
0.00098417
0.00099196
0.00102337
0.00100535
0.00103189
0.00100827
0.000992273
0.00101045
0.000986772
0.00100795
0.0010079
0.000994688
0.000994278
0.000986342
0.00101287
0.0010029
0.00100256
0.000999686
0.0009946
0.000992088
0.000967817
0.000992018
0.00100793
0.000989381
0.000992203
0.00100029
0.000997169
0.00100529
0.000975801
0.00103443
0.00100842
0.000997272
0.00101118
0.00102079
0.00102909
0.00101327
0.00102119
0.00100283
0.000989277
0.000983964
0.000965669
0.000994493
0.000981222
0.00099451
0.00101579
0.001003
0.00102131
0.00100307
0.00100267
0.000994807
0.00101346
0.000989759
0.00100232
0.000986728
0.000994457
0.00104005
0.000989393
0.00100556
0.00100251
0.000991933
0.00100764
0.00101639
0.00098682
0.000989374
0.000991938
0.000997435
0.00100282
0.000965546
0.00101028
0.00102362
0.000970648
0.00101055
0.000991893
0.000994752
0.000970945
0.000984053
0.000992273
0.000978878
0.0010106
0.00102128
0.000978813
0.000999816
0.000978645
0.000997667
0.00101302
0.000979046
0.000983988
0.00101017
0.000989703
0.00101287
0.000994392
0.000986468
0.00102121
0.00101601
0.00102107
0.000981404
0.000994925
0.00101069
0.000989329
0.000992314
0.00100251
0.000994745
0.00101084
0.0010079
0.000965454
0.000997926
0.000984374
0.000997364
0.000994441
0.00103447
0.001
0.000989607
0.00101562
0.000989492
0.00103675
0.00102374
0.00103177
0.000991897
0.0010161
0.000999993
0.000994639
0.000997123
0.00099717
0.000999998
0.00100271
0.0010055
0.00101062
0.000981564
0.000975921
0.0010083
0.00100284
0.000997291
0.00099486
0.000994515
0.000984208
0.00098148
0.000997676
0.00101627
0.00101871
0.00100301
0.000994463
0.00100806
0.00100536
0.000989424
0.00102395
0.00101349
0.00101604
0.00103449
0.00099189
0.00100795
0.000970635
0.00101328
0.00103204
0.00102104
0.00100523
0.000989249
0.00101321
0.000984174
0.000997485
0.000976328
0.00100042
0.00100766
0.00100004
0.00100817
0.00102673
0.0010001
0.00100255
0.00100027
0.00102921
0.00101577
0.0010027
0.00101548
0.00100293
0.00103418
0.00100769
0.000992089
0.00101049
0.000991726
0.000968265
0.000989294
0.0009919
0.00101055
0.00101075
0.00100786
0.000981429
0.00101818
0.00101312
0.00100276
0.00101553
0.000981658
0.00101278
0.00100284
0.000997533
0.0010132
0.00100255
0.000999781
0.00099458
0.000994796
0.00103413
0.000989303
0.000986496
0.00100238
0.000970844
0.000989269
0.00101585
0.000997517
0.000981146
0.000973569
0.0010049
0.00100537
0.000992266
0.00102091
0.00100804
0.000994703
0.000989166
0.000978749
0.00102109
0.00100553
0.000986859
0.00102412
0.00102398
0.00100551
0.00101605
0.00101844
0.000997861
0.000999827
0.00101339
0.00097593
0.00101575
0.000994951
0.00101846
0.00101886
0.00100545
0.000989106
0.00098931
0.00098703
0.00100262
0.00100312
0.000976131
0.00100775
0.000984058
0.0010024
0.00101003
0.000994589
0.000995055
0.0010156
0.000976231
0.00101061
0.000976115
0.0010022
0.00100563
0.001008
0.000999579
0.00100548
0.000978526
0.000991785
0.000988955
0.00100806
0.000970633
0.0010133
0.000994853
0.000992004
0.00101323
0.000997514
0.00100567
0.00101092
0.000984176
0.000976125
0.000963011
0.000991673
0.00100767
0.000984091
0.00100541
0.000991864
0.0010186
0.000991867
0.000983924
0.000999382
0.000978877
0.000986465
0.00100806
0.0010002
0.000986275
0.000984001
0.000984097
0.000978873
0.00099162
0.000981351
0.000984222
0.000991833
0.00101334
0.000989353
0.00100546
0.00100802
0.0010026
0.00099477
0.00100491
0.00102637
0.000997411
0.000997695
0.00099981
0.00100797
0.000986784
0.000983996
0.000994653
0.00101066
0.000978594
0.000976182
0.000991994
0.000986836
0.000994469
0.0010025
0.00100537
0.00101607
0.00100517
0.000989586
0.00101855
0.00102139
0.00100829
0.000999838
0.000973259
0.000992241
0.00100003
0.000997813
0.00101635
0.00100249
0.000978748
0.000999985
0.000973263
0.000991746
0.000987217
0.000991873
0.00101053
0.00101866
0.000994688
0.00100272
0.000986844
0.00100547
0.00102092
0.00100566
0.000984083
0.00102395
0.00101088
0.000973678
0.00102661
0.00100219
0.00101869
0.000989185
0.00102096
0.000978938
0.00100482
0.000991953
0.000978837
0.0010001
0.00100014
0.0010027
0.00102381
0.00100013
0.000992416
0.00099215
0.000994642
0.000976022
0.00100787
0.00101331
0.000973534
0.000994658
0.00099476
0.00100527
0.000976393
0.000989435
0.000997358
0.00100487
0.000997217
0.000989629
0.0010057
0.00101326
0.000989244
0.000978792
0.000970489
0.000997264
0.00101622
0.00102901
0.00099195
0.000984056
0.000997009
0.000984328
0.00100294
0.00101383
0.00102602
0.00100264
0.00099211
0.0009999
0.00101897
0.000999988
0.000978665
0.00100278
0.000986175
0.000970836
0.000986941
0.00100565
0.00097599
0.000986943
0.000989555
0.00101031
0.000981162
0.000984051
0.000989107
0.00100232
0.001008
0.000992308
0.00101575
0.000986416
0.00100816
0.00101856
0.00101063
0.000999436
0.000970927
0.00101569
0.00100806
0.000989483
0.000994726
0.00098961
0.00101082
0.000994835
0.000994445
0.001008
0.00100583
0.000978475
0.000997498
0.000976436
0.000997462
0.00103179
0.00101895
0.000981438
0.000994786
0.0009842
0.000989537
0.000978588
0.00101011
0.00102105
0.00101082
0.000986796
0.00101864
0.00101858
0.00101891
0.00100795
0.00100032
0.0010081
0.00100794
0.00101594
0.00100551
0.00100794
0.000992153
0.00102422
0.00100814
0.00098922
0.000989757
0.00100818
0.00101609
0.00100264
0.000984127
0.000991899
0.000975779
0.000997409
0.000994764
0.00099996
0.00101605
0.000999651
0.000999816
0.000992253
0.0010262
0.00100808
0.00100245
0.00102956
0.000989691
0.000983813
0.000965625
0.00101327
0.000981304
0.000997296
0.00100242
0.000986612
0.00100235
0.000992272
0.000989314
0.000997102
0.00100585
0.000992293
0.00103994
0.000981468
0.00103429
0.00101583
0.00100827
0.000978784
0.000978694
0.00099444
0.00102346
0.00101597
0.000991907
0.00100572
0.00100274
0.0010189
0.000999977
0.00101046
0.00101875
0.00101578
0.000992055
0.00097359
0.00098103
0.00101078
0.0009945
0.0010266
0.000989012
0.00100814
0.0009946
0.00101885
0.00103204
0.000999894
0.000981107
0.00100256
0.00100502
0.000983883
0.000986905
0.00101604
0.0010029
0.00101329
0.000981307
0.000991453
0.000997336
0.00100545
0.000973468
0.00101088
0.000992103
0.000999849
0.00102955
0.00100249
0.00102139
0.000994302
0.00103437
0.00100238
0.00102366
0.000975981
0.000981161
0.00100783
0.00101065
0.00102912
0.00102931
0.00101904
0.000981299
0.000989515
0.00100534
0.00101304
0.00101864
0.000981387
0.000999749
0.00100286
0.00100752
0.00100302
0.00101326
0.000991935
0.000992225
0.00101599
0.00098416
0.00100804
0.000973484
0.00100769
0.00102145
0.000997659
0.0010104
0.000986427
0.00102146
0.00098674
0.001016
0.00101054
0.00098949
0.00100275
0.000992058
0.00101053
0.00102661
0.00100284
0.00101623
0.000994706
0.000986505
0.000986708
0.000970965
0.00100552
0.000976242
0.000995117
0.00099984
0.000992031
0.00101893
0.00100013
0.000992065
0.00100225
0.000986695
0.000994646
0.00100258
0.000954958
0.000999705
0.00101056
0.000970979
0.00100501
0.000965518
0.00102347
0.00102931
0.000994679
0.000997701
