0.000606724
0.00102892
0.000995259
0.00153793
0.00122454
0.000875489
0.00104574
0.0011588
0.00119108
0.00085904
0.00113012
0.000932247
0.00114157
0.00100963
0.000759299
0.00106885
0.000764282
0.000759181
0.000642801
0.000701472
0.000796114
0.000972246
0.00096234
0.000511875
0.000540726
0.00166076
0.00120692
0.000921623
0.000850568
0.00119582
0.001045
0.00121879
0.000714473
0.001066
0.00105609
0.000806567
0.00122308
0.00186446
0.000861843
0.00196139
0.000708924
0.000987059
0.00129772
0.00109321
0.000994479
0.000651581
0.000697906
0.000787807
0.00095852
0.00117258
0.000684552
0.00115621
0.000724702
0.00109065
0.000783634
0.000761562
0.000511875
0.0010391
0.000636584
0.00102571
0.00122562
0.000907513
0.00141183
0.000948877
0.000905178
0.000954482
0.00118081
0.000716791
0.000604059
0.00112662
0.000566237
0.00138584
0.00119636
0.000511875
0.000958757
0.000872087
0.0010758
0.00162446
0.00093163
0.000793231
0.000998387
0.00119302
0.000909271
0.00136989
0.00157245
0.00121529
0.0009185
0.00131576
0.000990654
0.000993213
0.00104869
0.000994964
0.000611229
0.000834527
0.0016939
0.000657823
0.00115033
0.000946778
0.00100533
0.00123097
0.000756757
0.00117744
0.00096575
0.00118075
0.000887871
0.00147895
0.000609574
0.000825897
0.000658814
0.000857222
0.00120554
0.0010775
0.00121382
0.000782365
0.000687095
0.0015997
0.00087363
0.00150145
0.0013563
0.00125555
0.00115378
0.000895097
0.000814315
0.00114286
0.000930178
0.00127774
0.00103867
0.000790996
0.00103093
0.000971103
0.00131395
0.0013225
0.00107758
0.00100604
0.000893807
0.000844446
0.000919889
0.00156449
0.000873486
0.000898655
0.00105362
0.00164227
0.000584056
0.00116005
0.000696521
0.000912352
0.000659828
0.00151205
0.00101474
0.000871583
0.00104535
0.000873927
0.000917221
0.00103099
0.00124774
0.00045
0.000934941
0.00107895
0.00148128
0.00108487
0.00152929
0.00147161
0.00101773
0.000542543
0.000702332
0.00106934
0.00113563
0.00177799
0.00116054
0.000702621
0.000944984
0.00117437
0.00159755
0.000977741
0.00103535
0.000908862
0.00171314
0.0011684
0.000990443
0.000695773
0.00115643
0.00102332
0.000988321
0.000989332
0.001278
0.00124658
0.000673037
0.00108776
0.000917511
0.00126373
0.00100976
0.00117581
0.000802884
0.00131822
0.000732385
0.000775374
0.000715485
0.000858809
0.000790752
0.000751102
0.000624243
0.000962339
0.00111975
0.000716915
0.000748129
0.000796516
0.00118212
0.00112076
0.00130671
0.000716164
0.000673899
0.00117642
0.00110311
0.000659292
0.00117501
0.000733721
0.00105163
0.000692234
0.00088223
0.00108867
0.000652144
0.000867867
0.000955547
0.00066069
0.00126379
0.00109945
0.00128022
0.000919706
0.00156928
0.00108323
0.000912062
0.00127303
0.00118712
0.00116548
0.000776469
0.00095716
0.000707567
0.00107547
0.000794285
0.000662873
0.00123159
0.000752914
0.00220024
0.00112348
0.000848312
0.000992193
0.00220368
0.00142919
0.00134427
0.000922325
0.00119628
0.00102206
0.00102756
0.00112043
0.00150583
0.000843955
0.00151229
0.000938158
0.00104863
0.000994286
0.00130004
0.000591563
0.00115418
0.00100949
0.000934373
0.00122335
0.00124746
0.00097471
0.000841515
0.00121714
0.00150167
0.000810472
0.00107542
0.00162814
0.00107635
0.00123296
0.000879668
0.00045
0.00173189
0.00116129
0.00110866
0.00045
0.000978845
0.00113095
0.000679494
0.000810679
0.00134988
0.0010601
0.00107742
0.00123314
0.000906617
0.00058426
0.00045
0.000986342
0.000810653
0.000951565
0.00109803
0.000780728
0.00115886
0.00135949
0.000973414
0.000764125
0.00105774
0.00126777
0.00188001
0.000573894
0.000838552
0.000911784
0.00110415
0.000785721
0.00105464
0.00108453
0.00116255
0.000731053
0.000964385
0.00109898
0.00124971
0.000915856
0.00123542
0.000711651
0.000851191
0.000936522
0.00045
0.00090068
0.00123786
0.000592224
0.00155229
0.000916454
0.00107976
0.00122391
0.000899175
0.00102159
0.00105265
0.000552707
0.000798568
0.000862324
0.000573843
0.00045
0.000817084
0.00103436
0.00115947
0.000876957
0.000620173
0.00173606
0.00206338
0.00105785
0.000578271
0.00101589
0.00113764
0.000803195
0.00115438
0.000873321
0.00086238
0.000604045
0.000552801
0.000805009
0.000830441
0.00125037
0.000921104
0.000775354
0.000872311
0.000658534
0.00124664
0.000765553
0.000991468
0.000746492
0.00108661
0.0010457
0.000986748
0.000787064
0.000705091
0.00102746
0.00107229
0.000669964
0.000667698
0.000768216
0.000955089
0.000565149
0.00171249
0.000798141
0.00114041
0.000950504
0.000908847
0.00139147
0.000954304
0.000966373
0.00125316
0.000835984
0.000813994
0.000981511
0.00134406
0.000710317
0.00114506
0.00129242
0.000842472
0.000858804
0.000978599
0.00108441
0.000900284
0.000708179
0.000915461
0.000967253
0.00144439
0.000709653
0.000637011
0.00124181
0.000554916
0.00107849
0.000621341
0.000883931
0.00045
0.000991782
0.00091897
0.000900211
0.000990378
0.00147335
0.000804994
0.00127251
0.000762381
0.00075372
0.00131394
0.00120091
0.000904082
0.000948236
0.000588825
0.000887688
0.00135562
0.00107972
0.00060244
0.00066749
0.0010623
0.00106903
0.000814004
0.000964369
0.000830265
0.00090466
0.000780466
0.00119274
0.00107666
0.00101359
0.000976435
0.00101128
0.000822569
0.000721866
0.00107562
0.000772236
0.00137149
0.000704846
0.000767815
0.000777266
0.000566643
0.000826141
0.000851623
0.000652708
0.00110307
0.000861252
0.000856791
0.000789495
0.000996138
0.000904395
0.000645349
0.00168301
0.000863865
0.00140757
0.00133303
0.000901748
0.00059991
0.000738974
0.000645305
0.000825457
0.00154817
0.00117984
0.000980611
0.000747385
0.000974955
0.00115053
0.000707451
0.00124584
0.00119736
0.00102882
0.00117195
0.00145126
0.000853132
0.000934628
0.00119064
0.000854266
0.0012089
0.000872639
0.000976562
0.00127514
0.000572498
0.000760842
0.000612395
0.000819416
0.00124669
0.000580897
0.00106864
0.0010622
0.000769523
0.0013594
0.00111594
0.00090613
0.000593688
0.0011252
0.000928044
0.00114604
0.000732958
0.00145544
0.000843587
0.00162209
0.00170583
0.00083673
0.00131186
0.00105457
0.000730965
0.000700044
0.00101694
0.000986213
0.000844001
0.000577606
0.000926818
0.00109396
0.00109957
0.00107253
0.00045
0.00075256
0.00116834
0.00101584
0.000962353
0.00121226
0.00155457
0.000932879
0.00119568
0.000845362
0.000989784
0.00103305
0.00121968
0.00149399
0.00119143
0.00045
0.00169785
0.00103211
0.000643164
0.000984042
0.00117114
0.00100461
0.00087098
0.000993534
0.0011741
0.000947817
0.000837702
0.00114357
0.0012908
0.000936533
0.00116966
0.00095144
0.000994369
0.00112365
0.0010037
0.00109117
0.00120491
0.00112
0.00141905
0.000957285
0.0010655
0.000941761
0.00107013
0.0018711
0.000837356
0.00140805
0.0012266
0.000638277
0.00081775
0.000646405
0.000948567
0.000970585
0.000998216
0.00115851
0.00121884
0.000726751
0.0016185
0.00067697
0.00130232
0.00141816
0.000573843
0.000914281
0.000981532
0.00113131
0.00134016
0.000751045
0.00117612
0.000737985
0.000936119
0.00157031
0.000562774
0.000591476
0.000688217
0.000592817
0.000665924
0.00094797
0.00159812
0.00054777
0.000786548
0.000869408
0.000803477
0.00102435
0.000962073
0.000788106
0.00110305
0.000743769
0.000839434
0.00129314
0.000951978
0.000770683
0.00100846
0.000738239
0.000852349
0.00126876
0.000830183
0.000812883
0.00101254
0.000707778
0.00108153
0.000945448
0.0010137
0.00116455
0.000816072
0.000904075
0.00119205
0.00104237
0.000959682
0.00123416
0.000932953
0.000814667
0.00175578
0.00122591
0.00144081
0.000991196
0.000927392
0.000732991
0.00086974
0.00101702
0.000898576
0.00122639
0.000865947
0.00092247
0.00100661
0.000839102
0.000982439
0.00110381
0.00161219
0.000918733
0.000530308
0.00107457
0.00115097
0.00114923
0.000576326
0.00112536
0.000754586
0.000900943
0.000889308
0.000715011
0.000890893
0.000711056
0.00125271
0.000618183
0.0012045
0.000609296
0.00045
0.000802008
0.000972866
0.00122652
0.000546256
0.00117766
0.00100043
0.00136672
0.00111096
0.00111475
0.00159081
0.000942547
0.00107442
0.00136603
0.000687176
0.000887757
0.000621835
0.0011055
0.000710741
0.00106646
0.000675928
0.00123161
0.00111436
0.000692381
0.000889852
0.00147424
0.00104218
0.000996717
0.00143137
0.00110724
0.00124745
0.000977241
0.000751678
0.00045
0.00108533
0.00116428
0.00114842
0.000843405
0.000693651
0.00145409
0.000978815
0.00045
0.000908601
0.000715928
0.000746963
0.000561771
0.00119768
0.0010149
0.00109025
0.000590464
0.000863733
0.000895453
0.00118871
0.00133811
0.00107165
0.000881814
0.0010893
0.00105864
0.000747074
0.000767219
0.00115181
0.00107782
0.0006995
0.000832595
0.000672474
0.00122606
0.000651022
0.000954917
0.0015076
0.00123228
0.00107841
0.00144218
0.00081393
0.000644126
0.00125745
0.00102156
0.000672614
0.000962438
0.000645119
0.000942559
0.000709279
0.000954254
0.000835332
0.00056505
0.000978643
0.00089029
0.000696348
0.00110859
0.000765737
0.000674487
0.000928544
0.00172175
0.00113539
0.000857263
0.00120923
0.000901047
0.00120851
0.000793548
0.000903265
0.0011856
0.000962722
0.000985916
0.00123817
0.000944494
0.000849542
0.00110302
0.00112508
0.000661582
0.00128428
0.00117071
0.00056267
0.00147334
0.000712203
0.000546181
0.00100766
0.000874251
0.00142115
0.000850463
0.000955267
0.00132212
0.00176455
0.00139093
0.000621871
0.000787196
0.000692625
0.000745751
0.000838562
0.00116181
0.000704172
0.00116402
0.00139969
0.00114866
0.000838033
0.000550782
0.000840332
0.00106633
0.00099153
0.00110815
0.000986979
0.000986159
0.000965671
0.000747642
0.00140547
0.000981789
0.00130959
0.00117779
0.000825538
0.00104702
0.00110484
0.000790102
0.000879152
0.000801139
0.000947818
0.000866584
0.000808454
0.000799057
0.000876338
0.00137191
0.000611717
0.000664028
0.000699305
0.000907603
0.000582997
0.00080755
0.00183514
0.00128045
0.0011351
0.00105487
0.00117408
0.000936607
0.000604502
0.00113981
0.00141195
0.000958159
0.00106616
0.00083362
0.000763026
0.00045
0.0009488
0.00156454
0.000703287
0.00120397
0.000869408
0.000720182
0.00157268
0.000733726
0.000990365
0.00104735
0.00100866
0.00068297
0.000603164
0.000993358
0.000698981
0.00113604
0.00101952
0.0017021
0.000913801
0.00107391
0.000626025
0.00096432
0.00110643
0.00119397
0.000742529
0.00169283
0.000740484
0.000522917
0.00140276
0.000951271
0.00137189
0.00118752
0.00113651
0.000837444
0.000996598
0.00121602
0.000910549
0.000919983
0.000938826
0.000764594
0.000736257
0.000771541
0.00105322
0.00126259
0.00130798
0.00102086
0.000733295
0.000852084
0.000971192
0.000836927
0.00122482
0.000739938
0.00102816
0.00108853
0.00118856
0.000893564
0.000982212
0.00102955
0.00102877
0.00117815
0.000883952
0.000925054
0.00141956
0.000871306
0.0005796
0.00100801
0.00106087
0.00106786
0.000738298
0.00085724
0.00110281
0.000891025
0.000797418
0.000710869
0.00102068
0.000735442
0.000728102
0.00137166
0.000684154
0.000816245
0.00123068
0.000820174
0.00125096
0.00120727
0.00136977
0.00101886
0.00130914
0.00103449
0.00045
0.000598281
0.00107327
0.000890598
0.00174875
0.00106497
0.00124997
0.00108564
0.00119384
0.00084792
0.00142232
0.00121846
0.00144558
0.00150618
0.0008346
0.00151773
0.0011661
0.000984767
0.00117026
0.00105901
0.0005635
0.00111392
0.000811102
0.00106258
0.00118913
0.000687765
0.00127412
0.00082554
0.00133259
0.00096366
0.00108716
0.00123893
0.00123719
0.00166905
0.00112309
0.00131749
0.000864298
0.00123406
0.000952296
0.000955239
0.000596967
0.000641252
0.000688708
0.00121305
0.00158184
0.000980803
0.000936648
0.000574795
0.00122041
0.00170367
0.00093491
0.00137649
0.000845324
0.00114121
0.00138932
0.00127373
0.00146405
0.000953878
0.000971846
0.00101853
0.000738828
0.000837102
0.000728426
0.00121654
0.000776027
0.00180975
