0.00106069
0.00100034
0.00106275
0.00100094
0.000976058
0.000936701
0.00106471
0.00104204
0.000979098
0.000915
0.00097558
0.000997365
0.000978279
0.00102367
0.000999531
0.00095698
0.0010186
0.000978803
0.000978674
0.000978723
0.00102083
0.00102022
0.000999058
0.000979584
0.0010014
0.000955696
0.000915
0.00101799
0.00108321
0.00101627
0.00100219
0.00100279
0.000975991
0.000999982
0.000983275
0.00106293
0.000958012
0.0010217
0.00098003
0.00102348
0.000935758
0.00102076
0.00102119
0.00103964
0.000915
0.00100183
0.00102024
0.00100094
0.000957951
0.000915
0.00106468
0.0010226
0.000981586
0.000980077
0.000979174
0.00104112
0.00101953
0.000936309
0.00110665
0.00104163
0.000976387
0.00104519
0.00104713
0.00106412
0.00100074
0.00102077
0.000998266
0.000957498
0.00106731
0.000957068
0.00100043
0.00102447
0.000976945
0.00102366
0.000977442
0.000957089
0.000996818
0.000915
0.00099824
0.0010209
0.000976883
0.00104308
0.000979151
0.000957945
0.000977796
0.00104333
0.00106292
0.000958467
0.00102434
0.00101948
0.00100173
0.000958018
0.000997642
0.000978255
0.000958865
0.000936701
0.00106471
0.00100137
0.000935356
0.000998707
0.00104063
0.000957857
0.000935759
0.00102296
0.000976011
0.000956086
0.00103933
0.00102253
0.00104475
0.00102033
0.000998126
0.00100007
0.00116846
0.00102123
0.00102396
0.0010027
0.00106275
0.000998172
0.000957124
0.00112926
0.000998557
0.000976476
0.000956566
0.000936659
0.000959202
0.000979649
0.00106456
0.000999574
0.000980581
0.000999991
0.000956972
0.000959268
0.00108962
0.000980055
0.000960161
0.000935818
0.000957088
0.000996832
0.000935826
0.000982423
0.00101892
0.000915
0.00102034
0.00106235
0.00102344
0.000978249
0.000979699
0.00108233
0.000976502
0.00101805
0.000978329
0.000958356
0.00101809
0.000935787
0.000915
0.00104474
0.00111196
0.000996759
0.000999133
0.0010628
0.000978797
0.000980959
0.000957134
0.00108557
0.00108594
0.000958316
0.00101851
0.000999443
0.00110535
0.000953887
0.000999616
0.00100143
0.00104387
0.00102228
0.000958385
0.001039
0.00104248
0.000957085
0.000915
0.00097738
0.00100261
0.000959732
0.00100077
0.000998767
0.000999962
0.00097706
0.000980118
0.0010471
0.000956604
0.00102257
0.00104242
0.00104284
0.000978363
0.000935375
0.000980085
0.000957559
0.000999887
0.00102293
0.000915
0.0010005
0.000957932
0.00102032
0.00104112
0.000959357
0.000999611
0.00104029
0.000978221
0.000999117
0.000980949
0.00106389
0.00102171
0.000978773
0.00104165
0.00098048
0.00104522
0.000981541
0.00100128
0.00101713
0.00102186
0.00095704
0.0010202
0.000955192
0.000998233
0.000977933
0.00102303
0.001
0.000935385
0.00100085
0.000998272
0.000998738
0.000980144
0.00102203
0.000936305
0.00110447
0.000957917
0.000977856
0.000936268
0.00102114
0.00104343
0.000958358
0.00100222
0.000979717
0.00102273
0.000936696
0.000997251
0.000935799
0.000958147
0.00104236
0.000999998
0.000935377
0.00100183
0.000980083
0.000977809
0.000978205
0.00099947
0.000978664
0.000956529
0.000979096
0.00104211
0.000979676
0.000999866
0.000935338
0.00102261
0.000937143
0.000956607
0.00097974
0.00102486
0.000997807
0.000978736
0.00106324
0.00098014
0.00104156
0.00106431
0.000956647
0.000957454
0.00100495
0.000995509
0.000997205
0.00101775
0.00102125
0.000936326
0.000976889
0.00100055
0.00101993
0.00095525
0.00104016
0.00104157
0.00104112
0.00108956
0.000979325
0.00100086
0.000979181
0.0010403
0.00096026
0.00102211
0.000977415
0.00101897
0.000999212
0.00100209
0.000958419
0.00102041
0.00106427
0.000915
0.00102034
0.000998193
0.000935329
0.00095881
0.00097779
0.00100049
0.00100088
0.00100082
0.000958817
0.00100358
0.00104254
0.00100227
0.000977845
0.000956089
0.000957799
0.00100536
0.00102211
0.00100114
0.0010239
0.00100068
0.00102158
0.00102305
0.000938919
0.00106291
0.000915
0.00106473
0.000936703
0.000935895
0.00104566
0.000999674
0.00104019
0.00106159
0.00106574
0.00102129
0.00104085
0.000937625
0.00104269
0.000935778
0.00108727
0.00110504
0.00100091
0.00106329
0.000957515
0.00102078
0.00103937
0.00102126
0.00101861
0.000936318
0.000957509
0.000954809
0.000956632
0.000977397
0.00102101
0.00099944
0.00100219
0.00102449
0.00102368
0.00098003
0.000978172
0.000935779
0.000997713
0.00102545
0.000999652
0.0010402
0.000979348
0.00102177
0.00102309
0.00102366
0.00104521
0.000957547
0.000936691
0.000999942
0.00102139
0.00102176
0.00100057
0.00101939
0.00102171
0.000978778
0.000958348
0.00093576
0.000977781
0.00099921
0.000999495
0.00104213
0.000936698
0.00102138
0.00100042
0.00102164
0.000999079
0.00108304
0.0010198
0.00104204
0.00106338
0.00102356
0.000915
0.0010236
0.000935788
0.000999895
0.00099857
0.000937039
0.000977823
0.00095704
0.00104339
0.00102108
0.00113071
0.0010005
0.000978235
0.000979103
0.000935353
0.00100143
0.00102116
0.000956968
0.00103974
0.00106024
0.00100093
0.0010001
0.000999104
0.000977908
0.00100041
0.00101991
0.00104207
0.000980144
0.00100009
0.0010032
0.00100007
0.000976847
0.000977831
0.000977781
0.00102859
0.0010207
0.000996811
0.000956559
0.00104198
0.00102303
0.000955705
0.00102167
0.0010003
0.00101944
0.00102437
0.00102118
0.00100237
0.00110533
0.00101955
0.00104356
0.000999011
0.000956191
0.00100276
0.00102176
0.00100101
0.000999575
0.00100134
0.00100093
0.00101867
0.000957503
0.000915
0.0010217
0.000935344
0.000977766
0.000980922
0.000978307
0.000936741
0.00101893
0.000957473
0.000982281
0.00104129
0.00108549
0.00100141
0.00101991
0.000959358
0.00103974
0.000955211
0.00102131
0.000999473
0.00095614
0.000959786
0.00100028
0.000934886
0.000978393
0.00101847
0.00102093
0.000980547
0.000979221
0.00104513
0.00110495
0.00101845
0.000981536
0.000959308
0.0010009
0.000957374
0.00103889
0.00110395
0.00101992
0.00104025
0.00100052
0.00102052
0.000980113
0.000981392
0.000979771
0.00101934
0.00102288
0.000980116
0.000956606
0.00105791
0.00102131
0.00102081
0.000999173
0.000999242
0.000957865
0.00104154
0.00104195
0.000976923
0.00100052
0.00104063
0.000956634
0.0010208
0.000936224
0.000956197
0.000915
0.00112563
0.00100041
0.00104474
0.000981033
0.000998687
0.00106417
0.00100048
0.001042
0.000915
0.000935811
0.000955656
0.000979644
0.000961102
0.000981904
0.00104347
0.000977868
0.00104293
0.000998676
0.00100134
0.000997731
0.000998768
0.000956554
0.000980977
0.00106436
0.00098005
0.000979143
0.00100005
0.000976499
0.000979722
0.000977722
0.00100087
0.00110612
0.00104654
0.000980104
0.000954762
0.00101858
0.00102351
0.000936307
0.00102068
0.000958849
0.000938919
0.000936289
0.000999969
0.00106063
0.000977818
0.000936695
0.000982405
0.000980892
0.000935404
0.000956618
0.000982839
0.00108727
0.000978346
0.000957501
0.000957479
0.00106115
0.000999589
0.000915
0.00101859
0.000998701
0.0010613
0.00104209
0.000957052
0.000915
0.000937086
0.00102266
0.000936213
0.000957375
0.000979178
0.000978654
0.00100047
0.00100046
0.00104117
0.0010643
0.0010212
0.0010013
0.000997807
0.00097735
0.00103886
0.000959745
0.00104013
0.000997697
0.000978722
0.00106188
0.00102081
0.000957943
0.00102121
0.000978237
0.00104112
0.000935328
0.00106502
0.00101957
0.000983123
0.00102053
0.000958932
0.00100276
0.0010221
0.000978705
0.00112558
0.000979146
0.000915
0.00108552
0.00101932
0.00100005
0.000936197
0.00104333
0.00102176
0.00101813
0.00100181
0.00104473
0.00101988
0.000915
0.000976992
0.00093582
0.000978288
0.000996774
0.000960201
0.000958347
0.000977769
0.00102215
0.000955254
0.000979251
0.00100315
0.00103989
0.000957476
0.00102088
0.00104389
0.00104659
0.000977473
0.00104151
0.00106465
0.000979386
0.000980129
0.00097799
0.000956603
0.00108735
0.00106283
0.000958005
0.000977854
0.00103844
0.00100175
0.00101861
0.000999582
0.000975156
0.001019
0.000957982
0.00101888
0.00099986
0.000956646
0.000958367
0.00101861
0.00100057
0.000957055
0.000956155
0.000936654
0.000978874
0.000999455
0.00104211
0.000977817
0.000934444
0.00102315
0.00106162
0.00104424
0.00104356
0.000937145
0.00108742
0.000998696
0.00104212
0.000956587
0.00100091
0.000978373
0.000956597
0.00104168
0.00102033
0.00104056
0.000998596
0.00100177
0.000980257
0.00102128
0.000934885
0.00101847
0.000979195
0.000978676
0.000915
0.00106639
0.000935786
0.000999554
0.000956135
0.000957069
0.000936194
0.001065
0.000998489
0.000979669
0.000977532
0.00106332
0.000998586
0.00106504
0.00102205
0.000915
0.00108547
0.00106102
0.000976519
0.00104405
0.00102491
0.000977849
0.00101925
0.000955685
0.000960187
0.000997494
0.000977774
0.00104519
0.0010638
0.000976066
0.000957048
0.000937624
0.00102173
0.00102361
0.00104486
0.00102125
0.00104221
0.00108498
0.00102389
0.000981402
0.00104656
0.000957067
0.000956143
0.00102344
0.00108364
0.00104498
0.000915
0.00104793
0.000999066
0.000980128
0.000935826
0.00102175
0.00100172
0.000957032
0.00106566
0.000977407
0.000979239
0.00108882
0.000998252
0.00104337
0.000980107
0.000999138
0.00097831
0.00101942
0.00106452
0.00104517
0.00102355
0.00104258
0.000935773
0.000978682
0.00112891
0.00100224
0.00103936
0.00095702
0.000976946
0.000956507
0.000997348
0.000999082
0.000915
0.00106594
0.001019
0.00095705
0.00108907
0.0010229
0.0010046
0.00105979
0.00100034
0.000936748
0.000997797
0.0010424
0.000958828
0.00108495
0.00100045
0.0010218
0.00104071
0.00102305
0.00102397
0.00104277
0.000915
0.000937087
0.00103889
0.000980573
0.00100093
0.00106179
0.00101806
0.000999634
0.00100191
0.00103976
0.000957511
0.000956089
0.00102225
0.00101669
0.0010009
0.00102225
0.00102165
0.000999515
0.000935336
0.00102677
0.000978741
0.000915
0.00104376
0.00106233
0.00106367
0.00100093
0.000980471
0.00100065
0.000976454
0.00100139
0.00102047
0.000955242
0.00110982
0.000956167
0.001024
0.00104392
0.00108455
0.000978649
0.00104206
0.000976455
0.000999617
0.00104354
0.000976388
0.000935337
0.000978425
0.000935839
0.000977283
0.000979222
0.00106151
0.000998612
0.0010231
0.00106685
0.000956635
0.000936298
0.000936673
0.00104117
0.000995054
0.000976441
0.000980644
0.00102168
0.00099949
0.000978257
0.000977788
0.00101808
0.000956637
0.000978213
0.00100053
0.000977853
0.000955223
0.000956565
0.00115012
0.00106559
0.00106294
0.00102442
0.000959334
0.00102303
0.00102335
0.00102218
0.000955781
0.000999103
0.0010371
0.000980544
0.00106203
0.00101857
0.000936231
0.00106196
0.0009602
0.000999646
0.000961613
0.000978273
0.00100203
0.000935759
0.00112903
0.000978434
0.00102172
0.000915
0.00106237
0.00102068
0.0010421
0.00104248
0.00101767
0.00097731
0.00100133
0.00104485
0.00104338
0.00106153
0.000957337
0.00097685
0.000998596
0.00102096
0.00100349
0.00102226
0.000977899
0.000935779
0.00104167
0.0009994
0.00097747
0.0010445
0.000981046
0.000979175
0.0010221
0.000956546
0.00095789
0.000976855
0.000979698
0.000998214
0.0010398
0.00097819
0.00100269
0.000957445
0.00100079
0.00102032
0.00100052
0.000998651
0.00102352
0.00102271
0.000998076
0.00102078
0.00101815
0.00104472
0.00106569
0.000979654
0.00102115
0.00101992
0.000980116
0.00102623
0.00100181
0.000979045
0.000980037
0.00108137
0.000999022
0.000980636
0.000978366
0.0010221
0.00102254
0.00100185
0.00093575
0.0010457
0.00095708
0.0010198
0.000978799
0.00097925
0.000934857
0.00100047
0.000956136
0.000979104
0.00104334
0.000956605
0.000976034
0.000957481
0.000959443
0.00102073
0.000976065
0.00100225
0.000977441
0.000980136
0.00100086
0.00106474
0.000979139
0.000936201
0.000936701
0.00102313
0.000957088
0.00110582
0.00100092
0.00093575
0.000957008
0.000980092
0.00106366
0.0010208
0.00103714
0.00102171
0.00102303
0.00106568
0.000980091
0.000977339
0.000999005
0.00102354
