0.000999684
0.000995613
0.00101634
0.00097858
0.000968472
0.0010007
0.000972792
0.00101606
0.000978209
0.000989269
0.00101043
0.00100955
0.000951968
0.00101682
0.000995148
0.00100076
0.00105315
0.000995296
0.000994825
0.000983585
0.00099523
0.00100038
0.00102134
0.00100447
0.000984239
0.00101663
0.000978999
0.00103123
0.00099012
0.000994859
0.00100502
0.000984233
0.000994899
0.00103667
0.000984647
0.00100474
0.000973026
0.000978377
0.00099577
0.000989158
0.000989402
0.000995428
0.00097845
0.00101053
0.000958121
0.000998937
0.00103169
0.000999864
0.00101137
0.00101604
0.000978012
0.00101004
0.00100026
0.0010265
0.00100983
0.00101036
0.000989384
0.00102619
0.00100479
0.000994669
0.00103706
0.000973125
0.00102177
0.00100497
0.000973078
0.000989096
0.000989303
0.00101181
0.000984176
0.00102122
0.000984034
0.000983942
0.00103181
0.000984424
0.000989389
0.00101054
0.000978817
0.000957407
0.00104739
0.00101085
0.00106356
0.000984416
0.00101594
0.000989417
0.00100611
0.0010315
0.000994346
0.000951513
0.000973584
0.00102123
0.00102078
0.0010007
0.00105276
0.00101091
0.00102654
0.000989083
0.000978804
0.00100446
0.000962863
0.000999453
0.00102212
0.0010262
0.000999089
0.00101076
0.0010315
0.000984655
0.00101582
0.00102657
0.000999937
0.00100498
0.000968069
0.00100541
0.00101057
0.00101538
0.000994377
0.00101116
0.00103204
0.00102649
0.000994309
0.00101559
0.00101008
0.00101082
0.0010108
0.00101116
0.000973664
0.000978036
0.001027
0.00102162
0.000978621
0.00103266
0.00101056
0.000994199
0.000983944
0.00098968
0.000983495
0.00101075
0.000983977
0.00100591
0.000984108
0.00102154
0.00100566
0.00100513
0.00102717
0.000989368
0.00100512
0.00100461
0.00100534
0.000983818
0.000973531
0.00101028
0.000989465
0.00095763
0.00100614
0.000973553
0.000989549
0.000968241
0.00100022
0.00103177
0.00101046
0.000984367
0.00100586
0.000989249
0.000978379
0.00100543
0.00101009
0.00101061
0.00103149
0.0010057
0.000994493
0.00100025
0.000984292
0.000973201
0.00102075
0.000984045
0.000983927
0.00101047
0.000983351
0.0010161
0.00100579
0.0010057
0.000978302
0.00101052
0.00100539
0.00100012
0.000978554
0.000989596
0.000989885
0.0010218
0.00101619
0.000935685
0.000994737
0.000994584
0.00101072
0.000983902
0.000978315
0.0010051
0.00100515
0.00100006
0.000973414
0.000979423
0.000973476
0.000978224
0.000962655
0.000983974
0.00102208
0.00102113
0.000994942
0.00103074
0.00102155
0.00104309
0.000978407
0.00100003
0.00101006
0.0010312
0.000988726
0.0010107
0.00103164
0.000973752
0.000984578
0.00100499
0.000989284
0.000984295
0.000994524
0.00100009
0.000952668
0.00101133
0.00104771
0.000999744
0.00101052
0.00104352
0.000973245
0.000989539
0.00101565
0.00100494
0.00100032
0.000994291
0.000994399
0.000973353
0.000984519
0.00103649
0.00099464
0.00100053
0.00100042
0.0010106
0.00100492
0.000999079
0.00100029
0.00102152
0.000973178
0.00104224
0.00099488
0.000995303
0.00100522
0.000989363
0.000978776
0.000994663
0.000999683
0.000994445
0.0010414
0.00101668
0.00101597
0.000988928
0.000978597
0.000994589
0.00100067
0.000979601
0.000978558
0.000994067
0.000989265
0.000984055
0.000978416
0.00100553
0.000989496
0.000994908
0.000999659
0.00101062
0.00096252
0.000978294
0.00103219
0.00104299
0.000978728
0.00100569
0.000973407
0.00102175
0.00101126
0.000995069
0.000994999
0.00102137
0.00102681
0.000979489
0.00104275
0.00101043
0.0010003
0.000995494
0.00100579
0.00102078
0.00103207
0.00103221
0.00102215
0.00101462
0.00098918
0.00103826
0.00101038
0.00101128
0.00104208
0.000993652
0.00103208
0.000972985
0.000978656
0.000984682
0.000984208
0.000952614
0.00100004
0.00103194
0.00100526
0.00101019
0.00101638
0.00101662
0.000989379
0.00101004
0.000978217
0.000957574
0.00101137
0.000994797
0.000989793
0.000994379
0.00101009
0.000973706
0.00098917
0.00098302
0.00101594
0.00102136
0.000979034
0.00100522
0.000978653
0.00102146
0.00101538
0.000978886
0.000973862
0.0010106
0.00099955
0.000962926
0.00099996
0.000988987
0.000989612
0.0010048
0.00101628
0.000973261
0.000999899
0.000989491
0.00100033
0.00101546
0.00096781
0.000999663
0.00103152
0.00100097
0.000993986
0.000978863
0.000984297
0.000984798
0.000994382
0.000978845
0.00098381
0.000952053
0.00096745
0.000989362
0.00101037
0.000968328
0.00102676
0.000978466
0.0010421
0.00098427
0.000984166
0.00104329
0.000984303
0.000999912
0.00102668
0.00102698
0.00100073
0.000936022
0.000989568
0.000995351
0.00102106
0.00102705
0.000983025
0.00102637
0.000963372
0.000999267
0.000984242
0.000994775
0.00102164
0.00100527
0.000989316
0.000995306
0.00101627
0.00100451
0.00097299
0.00103224
0.00102659
0.00100551
0.00102111
0.00100036
0.00100002
0.00100009
0.000989627
0.00100461
0.00100524
0.000962365
0.00103116
0.000978561
0.000984117
0.00098395
0.000994465
0.000968097
0.00100442
0.000973151
0.0010531
0.0010155
0.000989054
0.00101633
0.000984089
0.000995071
0.000994632
0.00100014
0.00102081
0.000999654
0.00100647
0.00105321
0.000994267
0.0010424
0.00101622
0.00100504
0.00101061
0.00100523
0.00101575
0.00101541
0.00104359
0.00101058
0.000995094
0.00102667
0.00101119
0.0010321
0.001022
0.00102099
0.000989656
0.000989618
0.00101104
0.000994779
0.000968208
0.00105206
0.000994089
0.00102079
0.00101542
0.00100546
0.00096802
0.000989041
0.00101621
0.00098929
0.000989325
0.000999877
0.00104712
0.000962307
0.000984023
0.00101535
0.00100479
0.000978898
0.000993847
0.000984546
0.00100523
0.000995087
0.000984228
0.000989497
0.00098425
0.000978609
0.000973129
0.000994161
0.00101
0.00100536
0.00103759
0.000957549
0.000974006
0.00101025
0.000994714
0.000978838
0.00102585
0.000962731
0.0010167
0.00104185
0.00100088
0.000978834
0.0010165
0.000995127
0.0009783
0.00101082
0.00100529
0.00103291
0.000979234
0.000979059
0.000978951
0.000984886
0.0010158
0.000979054
0.00103176
0.000978804
0.00103187
0.00100521
0.00102176
0.00100091
0.00100554
0.00101091
0.000994981
0.00101062
0.000993977
0.00102685
0.000983259
0.000979046
0.0009838
0.00100486
0.00103815
0.000973827
0.000978917
0.00102102
0.000999764
0.00101079
0.000979391
0.00101598
0.000988787
0.000999624
0.00103802
0.00102127
0.00097307
0.000989067
0.00103782
0.000973803
0.0010052
0.00102188
0.000993969
0.00104867
0.00096801
0.00100481
0.000989689
0.000973605
0.000989431
0.000989669
0.00107393
0.00101593
0.000984456
0.000994652
0.000968589
0.00101118
0.000978981
0.000957467
0.000999544
0.000989262
0.0010157
0.000999631
0.000983784
0.00101677
0.000999891
0.000989104
0.00104365
0.000988992
0.00100972
0.000989248
0.000989143
0.000973467
0.00098361
0.000989411
0.000989342
0.00099443
0.00100034
0.00100036
0.000989765
0.00101064
0.00101077
0.000994897
0.000952218
0.000989034
0.0010003
0.00104752
0.000995071
0.00102139
0.000989252
0.000989172
0.000984128
0.000989498
0.00100485
0.0009842
0.000988332
0.000993559
0.00097388
0.000989129
0.00100016
0.000979548
0.00103763
0.00103242
0.0010008
0.000998996
0.000999542
0.00103216
0.00102713
0.000989053
0.000989004
0.00102051
0.00101552
0.00100541
0.000979002
0.00103725
0.000983809
0.000983769
0.000989218
0.000968241
0.00100483
0.00101626
0.000995339
0.00099988
0.00101135
0.00100057
0.000963071
0.00097846
0.000994673
0.00102107
0.000994937
0.000999846
0.000989853
0.00102607
0.000983573
0.00100591
0.00101608
0.000973655
0.000994417
0.000995456
0.00102713
0.000994261
0.00101102
0.00103749
0.000994834
0.00098443
0.000993894
0.00104355
0.000999886
0.000989621
0.00100396
0.000995121
0.00105828
0.000979194
0.000989959
0.000984042
0.00101592
0.000983771
0.00101056
0.0010163
0.000989432
0.000978626
0.000999343
0.0010157
0.00103729
0.00100519
0.00100005
0.00102054
0.00102087
0.00101613
0.00104205
0.000995149
0.000994217
0.000999943
0.000989383
0.00104748
0.00100571
0.000994061
0.00101592
0.000994756
0.000973501
0.00104655
0.000989555
0.000973034
0.000958088
0.000973711
0.000962948
0.000968049
0.00102026
0.000999542
0.000994259
0.000994465
0.00100504
0.00103155
0.00102065
0.000962755
0.000978432
0.00102718
0.000973779
0.000994364
0.000989255
0.000989909
0.00100568
0.000983841
0.00103158
0.00100585
0.00102193
0.00102608
0.00104286
0.00100498
0.000994798
0.00100591
0.000978828
0.000989294
0.00101076
0.00101086
0.000978636
0.000967817
0.00103054
0.00098471
0.00101592
0.000989521
0.00100014
0.00102179
0.000994863
0.000984483
0.00101017
0.000999912
0.00102081
0.0010045
0.000999687
0.000994371
0.00104708
0.00100531
0.00100594
0.00101603
0.00100518
0.000988791
0.00101047
0.000957697
0.00101573
0.000983844
0.000979339
0.00101624
0.00103195
0.000988706
0.00102688
0.00099437
0.00101061
0.000983688
0.000999656
0.00101543
0.000989663
0.00098477
0.000999927
0.00100523
0.00101569
0.000994974
0.0010162
0.00100057
0.000967983
0.000988637
0.00105218
0.000973811
0.000984423
0.000994497
0.000982871
0.00102133
0.000967951
0.0010107
0.00103272
0.000994991
0.00102586
0.00101569
0.00104287
0.00100565
0.000999819
0.000962933
0.000989678
0.000963301
0.00101557
0.0010007
0.00103183
0.00101631
0.000994743
0.00102083
0.000984388
0.000989715
0.000994461
0.000962899
0.000962336
0.000995448
0.00102106
0.000994818
0.00100995
0.000999907
0.000999325
0.00100501
0.00099478
0.000984029
0.00102647
0.0010162
0.00102194
0.000999876
0.00096734
0.000984198
0.00102733
0.00102122
0.00101145
0.000968107
0.00103673
0.00100427
0.00098979
0.000947069
0.000999891
0.00100514
0.000988357
0.000989702
0.000984485
0.000994743
0.000989142
0.000999617
0.00102672
0.0010153
0.00099488
0.000994888
0.00101099
0.000999705
0.000999356
0.000968099
0.00101587
0.00103802
0.000984756
0.00102552
0.00101044
0.00101542
0.000968405
0.00101112
0.000989486
0.000999574
0.00100579
0.000978907
0.00100598
0.000989696
0.000995003
0.000999944
0.00098992
0.00100531
0.00104257
0.000988828
0.00104171
0.00101559
0.00100991
0.00102642
0.000999855
0.000983296
0.00100516
0.00100584
0.00104174
0.000983967
0.00101049
0.00101153
0.00100004
0.000983813
0.00101113
0.00101032
0.000999724
0.000989169
0.000999282
0.00102647
0.00101512
0.00098924
0.000952358
0.000984431
0.00101061
0.00101046
0.00097951
0.00101029
0.00102049
0.000941197
0.000994966
0.00102713
0.000946597
0.000990691
0.000999717
0.00100569
0.000994898
0.00100014
0.000978975
0.000989735
0.00100567
0.00100019
0.00102638
0.00101107
0.00102251
0.00104261
0.000990059
0.00101029
0.000994292
0.000968035
0.00102092
0.000972959
0.000999585
0.0010312
0.000984545
0.000978268
0.000973883
0.00100528
0.000994425
0.00102652
0.000962678
0.00100066
0.000957445
0.00100527
0.000973656
0.00100045
0.000994227
0.000967933
0.000994854
0.000999143
0.00100558
0.000983209
0.00100028
0.00100468
0.000967761
0.00101625
0.00102137
0.000969066
0.000989913
0.000983945
0.000994919
0.000967982
0.000968218
0.000989088
0.00101672
0.000968179
0.000999211
0.00105279
0.00101125
0.000984201
0.000979205
0.00102684
0.00101576
0.00101636
0.00101029
0.00104336
0.000978388
0.00100496
0.00101659
0.000984041
0.000968466
0.000978635
0.000994264
0.00100545
0.00106334
0.000993916
0.00102652
0.00097353
0.000988628
0.000984569
0.000995029
0.000979137
0.000983524
0.00100543
0.00102644
0.00099454
0.000999959
0.000978928
0.0010328
0.000989575
0.000978678
0.00100556
0.00100007
0.00099895
0.000968219
0.000995122
0.0010048
0.00101016
0.000978974
0.00100543
0.00101066
0.00105305
0.000973994
0.000973515
0.000994829
0.00101083
0.000999386
0.000979357
0.000984128
0.000999832
0.000978722
0.00100055
0.00100507
0.00101638
0.000984019
0.000989183
0.00101178
0.0010003
0.00102621
0.000999884
0.00100503
0.000962615
0.000988919
0.00100049
0.000999444
0.000978988
0.000989264
0.000984338
