0.00101526
0.000567404
0.000951283
0.00172608
0.00106047
0.000665572
0.000748246
0.000978804
0.00183175
0.00116789
0.0013266
0.00129116
0.00102084
0.000951444
0.000678962
0.00131685
0.0004
0.000889141
0.000799286
0.000755415
0.00119254
0.00119594
0.000747521
0.000951033
0.00132309
0.0010476
0.0010767
0.00156777
0.00082417
0.000697275
0.000581885
0.0004
0.000569082
0.00116353
0.00118883
0.000834613
0.00105168
0.0004
0.00100301
0.00102907
0.000965903
0.000532871
0.00192058
0.00137688
0.000882985
0.00126829
0.00108265
0.000861282
0.000527429
0.00138976
0.00131257
0.000695344
0.000817353
0.0011127
0.000926774
0.00119756
0.000946318
0.00111146
0.00102376
0.00138395
0.00106051
0.00127715
0.00117094
0.001216
0.00139561
0.000772092
0.00138341
0.00109774
0.000829772
0.000908082
0.000927925
0.000859509
0.000884114
0.000596373
0.000710175
0.000919272
0.000830294
0.000968267
0.00123485
0.000595447
0.0011232
0.00126661
0.00152633
0.000823839
0.000678079
0.00127821
0.00104428
0.00111606
0.00101615
0.00115941
0.000880935
0.00100349
0.00108095
0.000910536
0.0012865
0.000806364
0.00107709
0.000559005
0.0012554
0.000823172
0.00101482
0.000945146
0.000476836
0.000565642
0.00182949
0.00075438
0.00115284
0.00104938
0.00096316
0.000943356
0.00102712
0.00104479
0.000680555
0.000486559
0.000925686
0.00061459
0.000766749
0.000824691
0.000937447
0.000996474
0.00104726
0.000638643
0.00101926
0.00130207
0.000953642
0.00254335
0.00113938
0.00114829
0.000993333
0.00111962
0.000917569
0.00102496
0.000873495
0.0004
0.00115647
0.00118391
0.00110428
0.000673732
0.00135945
0.00143453
0.00140661
0.000698105
0.00118706
0.000633781
0.00135846
0.00089931
0.00102087
0.000979968
0.00067152
0.00103425
0.000787354
0.000683543
0.00110007
0.00108384
0.00130601
0.00127136
0.00122283
0.000757822
0.00166578
0.000698267
0.00140217
0.00046
0.000890425
0.00135972
0.00100495
0.00130298
0.000728575
0.000971062
0.00152065
0.000719258
0.00129332
0.000759743
0.000915747
0.000891062
0.000498501
0.000801915
0.000903813
0.00125384
0.00112704
0.0004
0.00107441
0.00102865
0.00150837
0.00131032
0.000825331
0.00106003
0.00089522
0.000765618
0.000987106
0.000892828
0.00103956
0.000822663
0.000606532
0.000756646
0.000901739
0.00103544
0.000806945
0.00130883
0.000869453
0.000907021
0.000790469
0.000684242
0.00114452
0.00111641
0.00121156
0.00108939
0.000639017
0.000977179
0.000495853
0.0015817
0.000800805
0.00137834
0.000541502
0.000898499
0.00100833
0.00051467
0.00124517
0.000850114
0.000870684
0.00101233
0.000895058
0.000807845
0.00101372
0.00136938
0.0004
0.00122169
0.00116985
0.000814982
0.000985649
0.000866036
0.000476629
0.00164609
0.00140339
0.000715988
0.000971402
0.000562142
0.000637073
0.00122398
0.00112907
0.000662885
0.000535572
0.00116594
0.00107774
0.000585059
0.000853114
0.00058219
0.00111676
0.000937035
0.000862888
0.00086603
0.00086065
0.00146649
0.0010321
0.000737994
0.00128478
0.000750831
0.000869561
0.00100448
0.000675968
0.00121517
0.00115466
0.000821637
0.00115961
0.00106503
0.000511618
0.00161116
0.00103248
0.00166386
0.00129516
0.00094335
0.00120702
0.00163323
0.0004
0.000662186
0.00144481
0.000528926
0.00111638
0.000830245
0.0012243
0.00126929
0.000825272
0.00109188
0.00137397
0.00055313
0.000856164
0.000853457
0.00103581
0.0012146
0.00113647
0.000560731
0.000800116
0.0011402
0.000704334
0.00128928
0.0004
0.000693593
0.000921014
0.001273
0.00087162
0.000897938
0.000993481
0.000987499
0.00100671
0.00132836
0.00111751
0.00143854
0.00127739
0.00107257
0.000885755
0.000720417
0.000668825
0.000922183
0.0011218
0.00237658
0.000948555
0.00139832
0.00129845
0.000562629
0.000630484
0.000631635
0.000789395
0.00104917
0.000904876
0.00134073
0.0013881
0.000817067
0.000697665
0.000994671
0.000866224
0.00130978
0.00141262
0.00130947
0.00142445
0.000884574
0.00130457
0.000744035
0.000800007
0.00104102
0.000963291
0.00112387
0.00121505
0.000822521
0.00151534
0.00118813
0.00127311
0.000656671
0.00105388
0.00107953
0.00130114
0.00147755
0.0004
0.00117742
0.00137059
0.00143544
0.00071716
0.0014061
0.000774629
0.000510863
0.000938159
0.0010845
0.000772677
0.0011622
0.00146702
0.00137452
0.00127237
0.00131844
0.00105877
0.00153448
0.000759326
0.00096698
0.00189003
0.00105864
0.00117848
0.00144951
0.0004
0.00131374
0.0014114
0.000604454
0.00103999
0.000805061
0.000719297
0.0014745
0.00121232
0.00112721
0.00172771
0.0017115
0.000961936
0.000710065
0.00076774
0.000607724
0.00156799
0.000647028
0.00127138
0.00153935
0.000904376
0.0013327
0.00130304
0.000923455
0.000677872
0.000854369
0.00106501
0.00105593
0.000940042
0.00153139
0.00156009
0.00120707
0.00181107
0.000932212
0.000742147
0.000706709
0.000849946
0.00144185
0.000756793
0.000626225
0.000737429
0.00139956
0.000817413
0.000534156
0.000552602
0.000785993
0.00106202
0.00103511
0.00139281
0.000688
0.000987378
0.00102415
0.000845801
0.000923788
0.000992193
0.000745202
0.00106803
0.000993961
0.000997608
0.00140643
0.00157169
0.000541275
0.00125262
0.00135417
0.000749249
0.000791062
0.00134592
0.000849529
0.00136032
0.00111813
0.000739044
0.000861061
0.000704385
0.000686356
0.00169055
0.00106159
0.00152452
0.00126055
0.000524174
0.00115039
0.00100611
0.000703138
0.00108528
0.0011953
0.00145679
0.00165406
0.000992062
0.000749577
0.00101735
0.000642537
0.00142484
0.00141329
0.00103772
0.00102935
0.000864907
0.00116692
0.00194697
0.000784812
0.000765064
0.00115229
0.00124999
0.000754101
0.000885809
0.000948565
0.000632104
0.000960966
0.00112352
0.0011008
0.00123518
0.00055907
0.0004
0.000803405
0.000930403
0.000629304
0.000923797
0.000820616
0.000903547
0.000561661
0.000609748
0.000940315
0.000757373
0.00100943
0.000814178
0.00088043
0.00111234
0.000647427
0.00148304
0.00124618
0.000702839
0.000717882
0.000580256
0.00125364
0.00102868
0.00093287
0.00136611
0.000968543
0.00130687
0.00111482
0.00156103
0.00100386
0.00181028
0.000730229
0.000988993
0.000959214
0.000738158
0.000502638
0.000668007
0.00114573
0.0015911
0.000699587
0.000504933
0.00105786
0.000871724
0.00100769
0.000770448
0.0004
0.00127714
0.000803557
0.000779929
0.001228
0.00126118
0.000888316
0.000942103
0.000659707
0.00117987
0.000934625
0.000739085
0.000873069
0.00108397
0.000578484
0.00108814
0.000767538
0.00108094
0.00108097
0.000795111
0.000943285
0.00093446
0.00119915
0.000831266
0.000865266
0.00120729
0.00108317
0.0010759
0.000959072
0.000830421
0.00124312
0.0011813
0.000632349
0.0010665
0.000744736
0.00084715
0.0004
0.000644126
0.00142601
0.000762826
0.0015048
0.00137182
0.00115538
0.000835526
0.00163126
0.000744117
0.00109994
0.000742918
0.0006755
0.000613726
0.00101262
0.000976983
0.00122555
0.00123677
0.000808053
0.00136546
0.00148176
0.00108186
0.00144194
0.0013675
0.000566906
0.00115886
0.00063694
0.00145544
0.000794509
0.000847981
0.000649076
0.000811523
0.00151686
0.000576007
0.00111979
0.000916896
0.00134462
0.000737858
0.00111221
0.001353
0.00107154
0.000626721
0.00068425
0.00072232
0.000924758
0.000787685
0.000640328
0.00157461
0.000668421
0.00115662
0.00073441
0.0004
0.000813474
0.000721563
0.00137813
0.00124407
0.00106373
0.000518409
0.00100454
0.0004
0.000850554
0.0013073
0.00153679
0.000733602
0.00193497
0.00184374
0.000883398
0.00125354
0.00127163
0.00125036
0.000976726
0.00182625
0.000565119
0.000504039
0.000890288
0.00065499
0.00057103
0.000648178
0.000788988
0.00123548
0.00107469
0.000948288
0.000856619
0.00124559
0.0014043
0.00138715
0.0004
0.000951751
0.00099527
0.00161565
0.000815988
0.000952058
0.000687057
0.000699552
0.0004
0.000654007
0.000568096
0.00109148
0.00112209
0.000709537
0.000836711
0.00122114
0.00101598
0.00120171
0.000599198
0.00084404
0.00120933
0.000513991
0.00078675
0.000650354
0.00178286
0.000654839
0.000730414
0.000929172
0.00101878
0.00158648
0.000941681
0.000851542
0.000947767
0.000899051
0.000729908
0.00067155
0.00169529
0.00114427
0.00175208
0.00108558
0.00115594
0.000544025
0.000507398
0.00114938
0.00112382
0.001246
0.000937524
0.00081876
0.000789037
0.000667759
0.000883682
0.000589992
0.000662876
0.00106404
0.000624792
0.00118391
0.000533543
0.000539016
0.000862502
0.00129451
0.000980427
0.00084004
0.000719568
0.000504591
0.000893577
0.00150177
0.00076805
0.000856494
0.00162887
0.000557752
0.00152406
0.00120733
0.000827862
0.000626906
0.000804283
0.00146425
0.00126273
0.00140808
0.000764466
0.00129764
0.00106567
0.000851484
0.000595456
0.000906191
0.000779314
0.000843675
0.00138549
0.00116504
0.00123003
0.000910063
0.0010368
0.00101368
0.000941835
0.000604182
0.00138616
0.000596886
0.000754955
0.00131195
0.00057383
0.000770136
0.00127945
0.00185969
0.000769549
0.000884075
0.00117123
0.000828766
0.00106967
0.000931098
0.000891918
0.00141303
0.00093016
0.000944016
0.00107085
0.000634791
0.000972461
0.000925619
0.000994955
0.000587648
0.00100066
0.000504859
0.00139089
0.000577063
0.000963355
0.00159345
0.00108039
0.00119847
0.00138769
0.0014419
0.000868751
0.00132393
0.000615572
0.000943065
0.000870485
0.00104164
0.000701184
0.00105227
0.000655074
0.000663109
0.00118106
0.000769194
0.000937444
0.000998798
0.000978589
0.00146925
0.000850386
0.000544025
0.000853013
0.000759943
0.00110926
0.000773893
0.00124055
0.000885191
0.00112325
0.00070157
0.00111602
0.000663156
0.00164988
0.000639017
0.00106369
0.00142175
0.000877328
0.00180483
0.00084843
0.000834422
0.00210132
0.00135053
0.00137971
0.00159095
0.000672721
0.000952649
0.00108875
0.00107557
0.00144996
0.00109927
0.00106598
0.000508617
0.000912087
0.00107028
0.00159601
0.00164724
0.00081757
0.00125086
0.00089972
0.000771954
0.000847945
0.000699336
0.000802487
0.00108419
0.000860755
0.000905874
0.00125782
0.000844529
0.00107537
0.000702401
0.0011911
0.000801048
0.000962221
0.000876141
0.00122781
0.000849847
0.00112373
0.00107352
0.000929646
0.0010596
0.00107485
0.000781618
0.00141572
0.00104722
0.000988529
0.00183242
0.0011684
0.000723946
0.00107317
0.000634232
0.000827824
0.00104984
0.000937255
0.0012129
0.00121217
0.00102675
0.00159551
0.000791439
0.000909566
0.00115404
0.000960168
0.000936961
0.0004
0.000893054
0.000753056
0.000790157
0.000943064
0.00108715
0.00112064
0.000944443
0.000943512
0.00134789
0.000749433
0.00127299
0.000570957
0.00124371
0.00175251
0.00113461
0.000804045
0.00109868
0.000994059
0.000768006
0.00126254
0.00146758
0.00100251
0.00123373
0.000567969
0.00150919
0.00114562
0.00126046
0.000829299
0.000954252
0.000880514
0.00158084
0.00130822
0.00103807
0.000840262
0.000838811
0.000475848
0.000757375
0.00178677
0.00122606
0.000663897
0.000799228
0.000640256
0.00102857
0.00101984
0.000862207
0.000976306
0.00118044
0.00113857
0.000838556
0.00050565
0.000789449
0.000811863
0.00113679
0.00100541
0.000867788
0.000995234
0.000908382
0.00125099
0.000782001
0.000853635
0.000705289
0.000549285
0.00105066
0.000512237
0.00122751
0.000730752
0.000881842
0.00118401
0.000894376
0.00109067
0.00117599
0.00112111
0.000970072
0.000620147
0.0012326
0.000923033
0.000820771
0.000846164
0.00104683
0.00150964
0.000692398
0.000544145
0.000547064
0.00182829
0.00115756
0.000977102
0.000476743
0.000655454
0.000521042
0.000750225
0.00118347
0.00103696
0.00106666
0.00095578
0.00145764
0.00153691
0.00162609
0.000943181
0.000997095
0.00054524
0.000754157
0.00146585
0.00134249
0.000581847
0.000822564
0.000867976
0.000904572
0.000699062
0.000781143
0.00115635
0.000832495
0.00128478
0.000999595
0.000899062
0.000769402
0.000979697
0.00104124
0.00104043
0.00121739
0.000914248
0.000724116
0.00162968
