0.000762392
0.000539527
0.000591414
0.000898444
0.000578891
0.00151622
0.00111148
0.000673871
0.000955598
0.00105169
0.00113531
0.000645766
0.00117072
0.000989611
0.00109531
0.000459985
0.000815539
0.00145207
0.000684611
0.00107795
0.00107559
0.00121213
0.000582855
0.0013292
0.00131742
0.00136133
0.00138611
0.000974261
0.00122259
0.00165191
0.000689971
0.000983526
0.00141217
0.00107819
0.000871607
0.000500658
0.00123842
0.00154775
0.00125393
0.00110124
0.00132372
0.000679271
0.00103052
0.000865583
0.000934665
0.00103778
0.00121609
0.00122695
0.000628245
0.0012189
0.000592363
0.00142528
0.00106939
0.000913364
0.000845639
0.00035
0.000962296
0.000953209
0.000552914
0.00104412
0.000677496
0.00140003
0.000771116
0.000592544
0.000910468
0.00179738
0.000590819
0.000745454
0.000798373
0.00110517
0.000713514
0.00124032
0.000902599
0.00126754
0.00138225
0.00065155
0.000891909
0.000549688
0.00121073
0.000998477
0.000716004
0.00133829
0.00035
0.00100621
0.00092564
0.00145291
0.00083227
0.00170842
0.0012679
0.000730843
0.00131636
0.00148563
0.00204062
0.00035
0.0012598
0.00132885
0.000743618
0.00126051
0.00122204
0.0012285
0.000967403
0.000728496
0.00131094
0.00106387
0.00107457
0.000896793
0.00148879
0.000789203
0.000956917
0.000958064
0.00101185
0.000724143
0.000517828
0.000891318
0.000669743
0.000464166
0.000989806
0.00179237
0.00126151
0.000658567
0.000740184
0.000710677
0.00119123
0.00109074
0.000923242
0.0016795
0.000946481
0.0014306
0.0012259
0.00110596
0.000853282
0.000765837
0.000963876
0.000625696
0.000720254
0.00130015
0.000634171
0.00076171
0.000676818
0.00104032
0.00116347
0.000958055
0.00085565
0.00121385
0.000768976
0.00124497
0.000845618
0.0011687
0.00146656
0.00035
0.000841595
0.00113567
0.000543387
0.000784421
0.00129626
0.00122532
0.000913931
0.00118283
0.00035
0.00134834
0.0010124
0.000797983
0.000891899
0.00166824
0.00134023
0.000557161
0.00079019
0.00085511
0.000826409
0.00110552
0.00111819
0.000535788
0.00128259
0.000601509
0.00063769
0.000756246
0.000759075
0.00124724
0.000736429
0.000552336
0.00154913
0.00105649
0.00130608
0.00173639
0.000609852
0.00163214
0.00114774
0.00125077
0.00125179
0.000841082
0.000705509
0.000829131
0.000460719
0.000988076
0.000955407
0.000478277
0.000789823
0.000710002
0.000876694
0.00145172
0.000911394
0.000562559
0.000672841
0.00124258
0.000519891
0.000506958
0.00120033
0.00153686
0.0014634
0.00066405
0.00131524
0.000670612
0.00102641
0.00102967
0.00122388
0.00100225
0.000580903
0.00035
0.000935927
0.00070471
0.00148952
0.00129079
0.00083012
0.000871761
0.0010951
0.000981568
0.00102508
0.00105568
0.00066664
0.000534209
0.00144437
0.00138223
0.000991462
0.00130555
0.000531434
0.00229169
0.000971727
0.00136453
0.00112816
0.00139424
0.00090618
0.00127221
0.000743227
0.000669276
0.000845453
0.000667808
0.000798804
0.000779516
0.000793234
0.000742526
0.0011129
0.00196991
0.000915427
0.00069915
0.00035
0.00106092
0.00107667
0.000605338
0.000774795
0.00110654
0.00111871
0.000650425
0.000893511
0.000912149
0.00068135
0.00116916
0.00096456
0.000434147
0.000550134
0.000561236
0.00144829
0.00130679
0.000999072
0.00103953
0.000731543
0.000488608
0.00121078
0.000713152
0.00078731
0.0013577
0.000835504
0.00035
0.000544288
0.00105413
0.00195839
0.000653877
0.00088569
0.00082794
0.0014882
0.000792768
0.000880025
0.00113205
0.000983916
0.000703395
0.00114636
0.000643299
0.000816183
0.00154374
0.000885131
0.00048263
0.00100085
0.000931059
0.00131748
0.000882254
0.0016214
0.000559386
0.000739567
0.00104323
0.000598147
0.0014306
0.000654342
0.00110965
0.00184553
0.00110725
0.000868238
0.00114331
0.00121174
0.00115466
0.000658065
0.0010057
0.00131677
0.000680299
0.00150996
0.0005788
0.00143635
0.000690721
0.000942119
0.00127877
0.000593326
0.00139355
0.000803686
0.000777969
0.000814136
0.00113434
0.000885897
0.00122551
0.00112584
0.00141425
0.00086596
0.00089713
0.00085297
0.00165479
0.000871112
0.00121878
0.000825235
0.00176573
0.000734463
0.000997507
0.00119099
0.00114613
0.00113471
0.00103966
0.00129731
0.00110172
0.0010805
0.000882431
0.00165136
0.0010845
0.00105933
0.0011071
0.00073261
0.00073124
0.00106212
0.00105061
0.000580143
0.00116842
0.00131664
0.00161859
0.000891914
0.00104908
0.000751655
0.000680689
0.000880628
0.000589041
0.000874131
0.000541722
0.000682223
0.000680035
0.00134713
0.00140897
0.000796575
0.00200925
0.00112425
0.000770425
0.0011248
0.000482794
0.000764112
0.000856152
0.00114554
0.000829844
0.000541076
0.00137325
0.00102015
0.00129373
0.00156102
0.00101176
0.00129417
0.000517897
0.00102444
0.000458833
0.00143041
0.000550389
0.00129649
0.00106782
0.000850934
0.000784271
0.00150404
0.00150549
0.000866452
0.000949864
0.00061572
0.000741308
0.000867487
0.00115398
0.00110415
0.00131031
0.000949507
0.00112459
0.00152386
0.00158082
0.00046212
0.00100253
0.000861797
0.00076353
0.00127486
0.000643215
0.000737256
0.000992061
0.00145084
0.00107581
0.00092674
0.00148633
0.000829204
0.00167641
0.00129717
0.000843076
0.000552283
0.00106248
0.000789397
0.00035
0.00071383
0.00114498
0.00095605
0.00125254
0.000847662
0.00114484
0.000740905
0.0013093
0.000993386
0.001019
0.00144128
0.00145086
0.00136338
0.00101053
0.00122836
0.0010499
0.000627745
0.00137701
0.00124218
0.00104885
0.000915809
0.000586713
0.00049067
0.000674606
0.000476715
0.00151957
0.00111222
0.00112922
0.00149852
0.000924903
0.000863424
0.000705266
0.00106335
0.000691034
0.00107075
0.00154071
0.000840608
0.00111571
0.000751554
0.00139892
0.00136712
0.000756643
0.000961786
0.00136679
0.00075832
0.0013177
0.00110293
0.00092524
0.000854938
0.000995418
0.000871767
0.00158042
0.00087579
0.000746694
0.00035
0.00137422
0.00156577
0.00182432
0.00146439
0.000852054
0.000945856
0.00116417
0.00109234
0.000900532
0.000725572
0.000694449
0.000814223
0.000698922
0.000964997
0.000756115
0.000859985
0.000698969
0.00105026
0.00118806
0.000559065
0.000816713
0.00127228
0.00120397
0.000770993
0.000958087
0.00117411
0.00107574
0.000876766
0.000909586
0.00035
0.001408
0.000515588
0.00112481
0.000667976
0.00085707
0.00104338
0.00127091
0.000472144
0.000965897
0.000924893
0.00142322
0.000589487
0.000575914
0.00107905
0.0011494
0.00148972
0.000595866
0.00103803
0.000564126
0.00101066
0.000490658
0.000511113
0.000584951
0.00150069
0.000747564
0.000693791
0.000797698
0.00109154
0.00085361
0.000876109
0.000721213
0.000667728
0.000896771
0.00152131
0.00141851
0.000733682
0.00080125
0.000743889
0.00100605
0.00121543
0.00136148
0.000883432
0.00158972
0.000831782
0.00162124
0.000921963
0.000581228
0.00148225
0.00127106
0.00105216
0.000942055
0.00158628
0.000968485
0.00120176
0.00100819
0.000956552
0.000475306
0.00192596
0.000551501
0.000926434
0.000465997
0.000702557
0.000539868
0.000874895
0.00213387
0.00075333
0.00109676
0.000875402
0.00035
0.00143811
0.000506589
0.00051967
0.00066555
0.00160792
0.000867205
0.00134138
0.00143668
0.000882044
0.000729868
0.000679567
0.00164258
0.00073145
0.00116632
0.00175392
0.00172808
0.000817642
0.00171324
0.00132567
0.000720041
0.000428454
0.00103279
0.00092838
0.00163848
0.00110725
0.000608257
0.00163187
0.00155525
0.000740753
0.00112488
0.00169669
0.00104111
0.000637792
0.0010096
0.000573222
0.000969158
0.00128345
0.00108147
0.00111436
0.00103321
0.00079403
0.000427237
0.000709671
0.000660795
0.000934856
0.0016447
0.00102911
0.000705266
0.00112227
0.000514515
0.000880128
0.00166888
0.000723265
0.000749042
0.00138696
0.000628823
0.00143905
0.00126781
0.000755085
0.000951983
0.000593703
0.00111483
0.00094119
0.000779263
0.00123397
0.00134999
0.0010614
0.00127467
0.000759468
0.000630818
0.000838814
0.000549861
0.000565501
0.000803564
0.000645972
0.000779121
0.00122254
0.00146145
0.00132479
0.000419426
0.000725186
0.000723881
0.000504353
0.00104011
0.000420549
0.00131935
0.000513483
0.00133914
0.000895153
0.000671283
0.000729036
0.000892904
0.000656261
0.000439619
0.000676833
0.0010812
0.00135372
0.00132015
0.000930223
0.00091814
0.00173058
0.00126975
0.00124071
0.00129787
0.00106253
0.00101391
0.00104235
0.0012494
0.00196574
0.00130423
0.00108418
0.000859185
0.00165651
0.00124482
0.00147984
0.000565335
0.000469196
0.0016481
0.00131845
0.000817193
0.00070565
0.000947927
0.000731318
0.00128123
0.00112088
0.00149146
0.00117095
0.000584983
0.00111652
0.00250992
0.00156748
0.000700276
0.00101894
0.00148338
0.000761095
0.00134707
0.000569894
0.00150014
0.000917101
0.000613073
0.00126805
0.00084793
0.00113391
0.000551243
0.000811894
0.000651302
0.00150883
0.00124901
0.000996436
0.000835529
0.00151054
0.000946153
0.0012158
0.000719254
0.00138975
0.000791958
0.00117514
0.00107036
0.000464606
0.00174977
0.00106569
0.00116942
0.0016426
0.00218161
0.000468861
0.00035
0.000589747
0.00112934
0.000649599
0.00117982
0.00035
0.000720167
0.000834286
0.00133063
0.0012326
0.000530846
0.000774011
0.0018419
0.00121498
0.000468064
0.000938311
0.00111779
0.000550521
0.000988206
0.00213553
0.00180069
0.000675423
0.000954426
0.00170702
0.000825036
0.000708092
0.00107269
0.00197747
0.000900811
0.000824268
0.00107289
0.00127244
0.000565104
0.000924232
0.00168975
0.00103941
0.000599673
0.00112504
0.000720006
0.000738346
0.000670828
0.00106051
0.00128835
0.00122885
0.00070319
0.000805333
0.000657661
0.000690716
0.00103345
0.000547444
0.0014387
0.000977528
0.00143387
0.000837116
0.000725124
0.00110734
0.000530736
0.000545736
0.000564502
0.00035
0.000632032
0.00130537
0.000718241
0.00104548
0.000883872
0.000748459
0.000863018
0.00111923
0.00116659
0.00162727
0.00102768
0.000953392
0.000901105
0.000957246
0.000602972
0.000997185
0.00134297
0.000875018
0.000556729
0.000614965
0.00163237
0.000721898
0.000936871
0.000830848
0.00121603
0.00115766
0.00123159
0.00109588
0.00102489
0.00122146
0.000956867
0.000810624
0.00124514
0.0014551
0.000664374
0.00123644
0.00149971
0.00110342
0.00035
0.00121172
0.000920168
0.00110071
0.0010205
0.00112479
0.00124927
0.00217331
0.000832235
0.000963626
0.000824229
0.00079497
0.00119847
0.00165608
0.00094791
0.00114416
0.00126609
0.000775528
0.000924838
0.00127561
0.000909313
0.000930932
0.00106977
0.00160876
0.00129954
0.00058186
0.000734332
0.000709793
0.00120937
0.00157015
0.000523777
0.00108917
0.0017392
0.000779784
0.00100467
0.000882033
0.00141427
0.000988394
0.000927063
0.0011447
0.000672375
0.00103795
0.00114574
0.0007266
0.000885259
0.000537522
0.000658649
0.000532949
0.000429734
0.000968338
0.000944246
0.00127218
0.000726545
0.000745271
0.00192528
0.00114608
0.000770801
0.00172458
0.000691843
0.000960598
0.000986147
0.000814443
0.000927129
0.000694094
0.00106782
0.00112222
0.00115287
0.00115947
0.000800406
0.00135337
0.00117585
0.000766679
0.000656882
0.00062974
0.00139024
0.000905378
0.00132645
0.000973945
0.000859141
0.000981387
0.000672414
0.00107366
0.000551811
0.000979378
0.000622173
0.00157777
0.000640059
0.00120398
0.00110917
0.00042456
0.000871529
0.00126372
0.00114497
0.00035
0.00064735
0.00108014
0.00139426
0.0011606
0.00167339
0.000733513
0.00129882
0.000776849
0.000777634
0.000989154
0.00083495
0.00144382
0.00134206
0.000606716
0.000999901
0.000900055
0.000986166
0.00035
0.00164657
0.00128448
0.00131934
0.000896873
0.000865663
0.000688741
0.000636964
0.00128565
0.000480867
0.00111699
0.000543535
0.00148682
0.00151803
0.000628552
0.000657364
0.000692524
0.00117471
0.00120637
0.000815147
0.000648352
0.00147284
0.000644353
0.00106938
0.00109634
0.00123652
0.000999819
0.00035
0.00110669
0.00115043
0.000902875
0.000958051
