0.0103225
0.00425432
0.00703839
0.00611494
0.00875708
0.00593844
0.00478419
0.00903515
0.0143437
0.00626406
0.00523768
0.00695257
0.0192126
0.00712953
0.00525118
0.00961974
0.00386525
0.0142703
0.0105756
0.00896228
0.00505188
0.00784904
0.00682915
0.00360413
0.00116279
0.00876779
0.00808123
0.0102823
0.00283004
0.00309619
0.00584735
0.00679905
0.00659994
0.00608196
0.00718066
0.0127304
0.00715074
0.00116279
0.00639429
0.00509929
0.0111239
0.00522673
0.00784178
0.00968717
0.00752437
0.00788803
0.00536713
0.00475644
0.00926876
0.0123498
0.00355103
0.00313269
0.00365368
0.00377399
0.0116277
0.0129965
0.00116279
0.00572144
0.00116279
0.00116279
0.00523884
0.0154864
0.00283004
0.00332423
0.011088
0.0127049
0.00507014
0.00574434
0.00915579
0.00732466
0.00158559
0.00116279
0.00995104
0.0182635
0.0119353
0.00283004
0.00116279
0.00343527
0.00306408
0.0044242
0.0105515
0.00808005
0.00718066
0.00149225
0.00283004
0.00447363
0.00463813
0.00307624
0.010592
0.00675336
0.00196464
0.0136991
0.00246503
0.00989255
0.0104947
0.00850165
0.00797397
0.0026437
0.00116279
0.0031674
0.00687329
0.0121243
0.00502411
0.00498121
0.00343527
0.00641144
0.0062455
0.0162759
0.0116521
0.0140394
0.00283004
0.00213612
0.00479993
0.00293761
0.0102367
0.0084695
0.00380337
0.00476233
0.00116279
0.0178241
0.00634037
0.00838117
0.00842906
0.00743126
0.00283004
0.00283004
0.004598
0.00283004
0.13338
