273
31
135
175
176
203
207
1
54
119
159
177
227
230
34
52
64
81
149
154
163
172
182
185
195
205
211
219
220
221
255
2
11
21
43
49
57
61
63
67
84
117
124
132
158
167
168
170
173
194
202
208
215
225
228
229
233
256
4
5
7
9
10
20
22
27
28
58
59
60
68
76
90
95
100
101
104
130
131
137
142
143
156
164
179
183
204
206
209
212
231
234
235
236
241
248
252
15
17
29
36
38
39
46
47
55
56
65
69
71
74
82
87
91
93
94
98
99
116
122
123
126
133
134
147
148
150
152
153
155
160
166
178
186
191
197
198
199
214
242
243
249
12
13
19
23
30
32
33
37
45
48
53
66
75
80
88
92
96
106
109
110
111
120
125
127
139
157
161
162
169
171
174
180
181
188
192
193
201
210
213
216
217
218
222
232
238
239
240
244
245
246
247
250
3
6
14
18
24
25
40
41
42
44
50
51
62
72
73
79
89
103
105
114
115
121
129
136
138
140
144
145
151
184
187
189
196
200
237
251
253
16
26
35
70
78
83
86
102
107
108
112
113
118
141
146
165
190
223
226
254
8
77
85
97
128
224
257
258
259
260
261
262
263
264
265
266
267
268
269
270
271
272
