0.0068993
0.00643298
0.00126577
0.00417426
0.0056184
0.00146731
0.00429813
0.000194092
0.00802772
0.00505305
0.00697123
0.00151968
0.00214585
0.00198282
0.00337493
0.00050236
0.00426426
0.00176384
0.0024819
0.00532932
0.00617114
0.0057579
0.00314469
0.000694016
0.00355624
0.00120485
0.00619792
0.00448892
0.00479534
0.0046789
0.00878274
0.00284946
0.00298914
0.00808521
0.00139621
0.00318148
0.00217531
0.00279052
0.00439473
0.00321718
0.00156954
0.00128485
0.00620785
0.00150102
0.0049059
0.00489339
0.00427083
0.00214501
0.00638887
0.00192462
0.00298363
0.00506979
0.00221081
0.0107632
0.00376591
0.00439471
0.0050496
0.00393374
0.00438901
0.00510829
0.00885798
0.00413212
0.00598678
0.00793784
0.00207911
0.00270559
0.00531187
0.00282373
0.00356643
0.000743683
0.00389456
0.00122455
0.00320211
0.00372104
0.00283489
0.00473505
0.000194092
0.00177563
0.00177949
0.00296858
0.00665912
0.00473534
0.00139337
0.00548224
0.000194092
0.00109886
0.00272412
0.00344838
0.00151694
0.00400552
0.00289139
0.00283824
0.00600192
0.0022755
0.00405723
0.00162141
0.000194092
0.00418794
0.0058125
0.00420873
0.00493225
0.0014696
0.00196468
0.00452987
0.00224992
0.00262833
0.00136661
0.00193064
0.0021032
0.00466227
0.00355644
0.00219052
0.00109484
0.001566
0.00210587
0.00394692
0.00502028
0.00150612
0.00762031
0.0033114
0.00196186
0.00587759
0.00376048
0.00537057
0.0019632
0.00285715
0.00263293
0.000194092
0.00203754
0.00418482
0.00474291
0.00401392
0.0035522
0.00369744
0.00956763
0.0023018
0.00427613
0.0011178
0.00209854
0.00272628
0.00179391
0.00300567
0.00325307
0.00354853
0.00100615
0.00176128
0.00355739
0.00484193
0.0053198
0.00553738
0.000961321
0.00414324
0.00358054
0.0063045
0.00334865
0.00545175
0.00300978
0.00509503
0.00783286
0.00286302
0.00304944
0.00162246
0.00705067
0.00522757
0.00073549
0.00396676
0.0036595
0.00587049
0.00300366
0.00673607
0.00571363
0.00611693
0.0037898
0.0018225
0.00767193
0.00695905
0.00661407
0.00367617
0.00471605
0.00235751
0.0041544
0.00802841
0.00392994
0.00279814
0.00685603
0.00365892
0.00160977
0.00205149
0.00142283
0.00107784
0.00308033
0.00269881
0.00324715
0.00548384
0.00826648
0.00220628
0.00398564
0.00379262
0.00348963
0.0018016
0.00492944
0.00544028
0.00980651
0.00452631
0.00834172
0.00487083
0.00913568
0.00746569
0.00472449
0.00156415
0.00873711
0.00289258
0.00396007
0.00426224
0.00659869
0.00361
0.00326718
0.00298016
0.00639753
0.00954468
0.00632694
0.003895
0.000284037
0.000194092
0.00619141
0.000535408
0.00840552
0.00765298
0.00650174
0.00553045
0.00534594
0.00425195
0.00551037
0.00386906
0.00385399
0.00336594
0.00150999
0.00356565
0.00234855
0.00204023
0.00309888
0.0056071
0.00404402
0.00313751
0.00278728
0.00365015
0.00213715
0.00419407
0.00603791
0.00241008
0.00143334
0.00467995
0.00160361
0.00217525
0.00469988
0.00601104
0.000194092
0.000194092
0.000194092
0.000194092
0.000194092
0.000194092
0.000194092
0.000194092
0.000194092
0.000194092
0.000194092
0.000194092
0.000194092
0.000194092
0.000194092
0.000194092
0.00314429
