0.0216975
0.0114956
0.0122784
0.009627
0.0121488
0.0136697
0.0165833
0.0285068
0.0215328
0.00304849
0.0102933
0.0122912
0.0128428
0.00624825
0.00191465
0.00542511
0.0162895
0.0171787
0.0151454
0.000762079
0.0106121
0.000762079
0.0169988
0.0279945
0.0185405
0.0156627
0.00362771
0.00658883
0.0354585
0.0160895
0.00218137
0.0208489
0.00353963
0.0297757
0.0209067
0.0166774
0.0107644
0.0400636
0.019342
0.0118927
0.0173508
0.0184003
0.0130547
0.026031
0.0362816
0.0212932
0.0248421
0.0175067
0.0129338
0.00750492
0.0146187
0.0220226
0.0238234
0.0132221
0.00472295
0.0232451
0.0135761
0.0101009
0.00448196
0.0162999
0.0390089
0.0112863
0.00363971
0.00290648
0.000762079
0.000762079
0.000762079
0.000762079
0.000762079
0.000762079
0.000762079
0.000762079
0.000762079
0.000762079
0.000762079
0.000762079
0.000762079
0.000762079
0.000762079
0.000762079
0.0123457
