0.0130038
0.0127942
0.00737384
0.0213535
0.0131583
0.0204135
0.0143145
0.00350978
0.020318
0.00514643
0.0260516
0.00479875
0.012291
0.00218691
0.0181672
0.00976001
0.00255868
0.0213548
0.0331906
0.00851467
0.0133021
0.0294706
0.0124673
0.00381295
0.0268462
0.00547384
0.0196164
0.0224212
0.0156167
0.0121749
0.0154694
0.00622528
0.0128074
0.00888945
0.014291
0.0192479
0.0138631
0.00650622
0.0152353
0.0208492
0.00511922
0.0045994
0.015258
0.0116493
0.00218691
0.0163445
0.0383219
0.0192867
0.00928672
0.0244001
0.00737229
0.0174867
0.0172489
0.0221509
0.00925633
0.0200255
0.0154679
0.0161878
0.00420818
0.0106996
0.0333048
0.00513282
0.0276528
0.0155867
0.00218691
0.00218691
0.00218691
0.00218691
0.00218691
0.00218691
0.00218691
0.00218691
0.00218691
0.00218691
0.00218691
0.00218691
0.00218691
0.00218691
0.00218691
0.00218691
0.0319289
