0.00201122
0.0092494
0.00450464
0.00991626
0.00864578
0.0103045
0.00967441
0.00303823
0.00931573
0.00928894
0.00529027
0.00512876
0.00904446
0.000385773
0.00766563
0.00212382
0.00328947
0.00381711
0.00474558
0.00313497
0.0138823
0.00608912
0.00836593
0.00344296
0.0107279
0.00511724
0.00201802
0.00877163
0.00922388
0.00275468
0.00129461
0.0100245
0.00914676
0.00638728
0.00287002
0.0135693
0.0179308
0.00433278
0.012232
0.00305175
0.00446291
0.00445517
0.00606459
0.00909714
0.0077788
0.00987194
0.0114655
0.00866431
0.000865052
0.00669729
0.0138625
0.00523725
0.00477608
0.0113259
0.00638658
0.00550663
0.0164181
0.0124734
0.00212954
0.0149111
0.00781819
0.010025
0.00150456
0.00632085
0.00658257
0.00546696
0.0103436
0.0173401
0.00795466
0.00128025
0.0169544
0.0180597
0.0130057
0.00691579
0.00866447
0.00537246
0.00548942
0.0111889
0.00342893
0.00950326
0.00494228
0.00470331
0.00786599
0.0100533
0.0102522
0.00798568
0.00448224
0.00919506
0.0231028
0.00400599
0.0164948
0.0105421
0.0156029
0.0039092
0.00344551
0.00853064
0.00432351
0.00751055
0.00972605
0.00262487
0.0102988
0.00414046
0.00586596
0.01335
0.00734356
0.0103449
0.00974951
0.0149779
0.00710906
0.00191225
0.00859076
0.0168366
0.00123226
0.0163947
0.00390186
0.006942
0.00852756
0.00381711
0.00724467
0.00788647
0.00601507
0.00588835
0.000385773
0.00166957
0.00731809
0.00799179
0.00816922
0.00689693
0.000385773
0.000385773
0.000385773
0.000385773
0.000385773
0.000385773
0.000385773
0.000385773
0.000385773
0.000385773
0.000385773
0.000385773
0.000385773
0.000385773
0.000385773
0.000385773
0.00624952
