0.00688974
0.00392633
0.00146947
0.00459398
0.00643194
0.0098357
0.00559096
0.00688974
0.00114504
0.0109057
0.00435178
0.00114504
0.00290499
0.010684
0.00114504
0.00162476
0.00514118
0.00589709
0.00712451
0.00194226
0.00114504
0.00688974
0.00809412
0.00364377
0.0075436
0.00184044
0.00380159
0.00501896
0.00114504
0.0123128
0.0106252
0.00887396
0.0027832
0.00410846
0.00319216
0.00547524
0.0016665
0.00266081
0.00241435
0.00799861
0.0105252
0.00759804
0.00713306
0.00138836
0.00114504
0.00201809
0.0120451
0.00817258
0.0023091
0.00309713
0.00114504
0.00616473
0.00114504
0.00279504
0.00306462
0.00444438
0.00443288
0.0022575
0.00685114
0.00881904
0.00876241
0.0060791
0.00759804
0.00410846
0.00508982
0.00114504
0.00163623
0.00114504
0.00114504
0.00410846
0.00481675
0.00587842
0.00710491
0.00447993
0.00114504
0.00675654
0.00243789
0.00392633
0.00646115
0.00392633
0.00385449
0.00658598
0.00114504
0.00631284
0.0085572
0.00903331
0.00114504
0.00267805
0.00392633
0.00523235
0.00405757
0.00278591
0.00839954
0.00114504
0.00837412
0.00894643
0.00114504
0.00114504
0.0116739
0.00410846
0.00281373
0.0134383
0.00759804
0.00759804
0.00114504
0.00392633
0.00759804
0.00576119
0.00778017
0.00114504
0.00392633
0.00588514
0.00414321
0.00721417
0.00481675
0.00759709
0.00828211
0.00321355
0.00819221
0.00114504
0.00392633
0.00456301
0.00173362
0.00443288
0.00481675
0.00425075
0.00661968
0.00305465
0.114524
0.132482
0.120951
