0.00527808
0.00439781
0.00396498
0.00550304
0.00715092
0.00691008
0.00515497
0.0264632
0.00347298
0.00660407
0.00472225
0.00347298
0.00413271
0.0588306
0.00347298
0.00390818
0.00516522
0.00508141
0.00638395
0.00409737
0.00347298
0.00527808
0.0059708
0.00438952
0.00586682
0.00433914
0.00468654
0.00502225
0.00347298
0.00717887
0.0139324
0.0064707
0.00450968
0.00435324
0.00446603
0.00511303
0.00408769
0.00407298
0.0043143
0.00621993
0.00666578
0.00559805
0.00564708
0.00384198
0.00347298
0.00393551
0.00750931
0.00585713
0.00408969
0.0042207
0.00347298
0.00566262
0.00347298
0.00451222
0.0041204
0.00529338
0.00484525
0.004096
0.00538266
0.00646974
0.00652628
0.00519087
0.00559805
0.00435324
0.0052223
0.00347298
0.00407608
0.00347298
0.00347298
0.00435324
0.00467321
0.00814676
0.00562086
0.00593874
0.00347298
0.00585087
0.00842889
0.00439781
0.00544403
0.00439781
0.00487862
0.00622984
0.00347298
0.00513999
0.00600822
0.00609338
0.00347298
0.00538921
0.00439781
0.00565928
0.00477662
0.0044086
0.0058753
0.00347298
0.0060329
0.0073851
0.00347298
0.00347298
0.00710134
0.00435324
0.00440751
0.00816212
0.00559805
0.00559805
0.00347298
0.00439781
0.00559805
0.00523563
0.00555348
0.00347298
0.00439781
0.0051539
0.00478351
0.0180351
0.00467321
0.00537025
0.00620924
0.00472237
0.00615366
0.00347298
0.00439781
0.0349829
0.00425722
0.00484525
0.00467321
0.00488982
0.00630812
0.00447598
0.076163
0.0787062
0.0790743
