0.00711553
0.00709702
0.00717866
0.00738684
0.0293904
0.00732749
0.00720186
0.00875406
0.00707838
0.00722418
0.0071721
0.00707838
0.00715513
0.00745043
0.00707838
0.00715466
0.00720324
0.00719887
0.007427
0.0071808
0.00707838
0.00711553
0.00721749
0.0071826
0.00728001
0.00723098
0.00725549
0.00720005
0.00707838
0.00732426
0.00722715
0.00735532
0.00723314
0.0070969
0.00722932
0.00740917
0.00718082
0.00715478
0.00718153
0.00733162
0.00735734
0.0071216
0.00719074
0.00715359
0.00707838
0.00715379
0.0073797
0.00727708
0.00717892
0.00717919
0.00707838
0.00730065
0.00707838
0.00723228
0.00715486
0.00717332
0.00719717
0.00717892
0.00728518
0.00735626
0.00741179
0.00719791
0.0071216
0.0070969
0.00724945
0.00707838
0.0071808
0.00707838
0.00707838
0.0070969
0.00710297
0.00722103
0.00725166
0.00728104
0.00707838
0.00732613
0.00718143
0.00709702
0.00720303
0.00709702
0.00728287
0.00737848
0.00707838
0.00719778
0.00721872
0.00719797
0.00707838
0.00716513
0.00709702
0.00740932
0.00725783
0.00722988
0.00719258
0.00707838
0.00719832
0.0074834
0.00707838
0.00707838
0.00724065
0.0070969
0.00722919
0.00755969
0.0071216
0.0071216
0.00707838
0.00709702
0.0071216
0.00717918
0.00712148
0.00707838
0.00709702
0.00728374
0.00725707
0.00816443
0.00710297
0.00720066
0.00722334
0.00728134
0.00726757
0.00707838
0.00709702
0.00727357
0.00722961
0.012913
0.00710297
0.00719729
0.00740594
0.00723006
0.0153451
0.0165535
0.0161963
