0.0055063
0.00458238
0.0041852
0.00580081
0.0089281
0.00717841
0.00543589
0.00980997
0.00366587
0.00677734
0.00497928
0.00366587
0.00434421
0.0586074
0.00366587
0.00412434
0.00534397
0.00535538
0.0067255
0.00432315
0.00366587
0.0055063
0.00622904
0.00461448
0.00607332
0.00458014
0.00492265
0.00529538
0.00366587
0.00743028
0.0140439
0.00673986
0.00475588
0.00458979
0.0046911
0.0055384
0.00431472
0.0042923
0.00454062
0.00645456
0.00699322
0.00574115
0.0058958
0.00405537
0.00366587
0.00415353
0.00778694
0.00615579
0.00431609
0.00444593
0.00366587
0.00597112
0.00366587
0.00475113
0.00433711
0.00549797
0.00510912
0.00431504
0.00565146
0.00669607
0.0069436
0.00539571
0.00574115
0.00458979
0.00550695
0.00366587
0.00430246
0.00366587
0.00366587
0.00458979
0.00482464
0.00597213
0.00586826
0.00617475
0.00366587
0.00616084
0.0086173
0.00458238
0.00563011
0.00458238
0.00512949
0.00650601
0.00366587
0.00540416
0.00627511
0.00631757
0.00366587
0.00457082
0.00458238
0.00597247
0.0050234
0.00464006
0.0061298
0.00366587
0.00625337
0.00739572
0.00366587
0.00366587
0.00731424
0.00458979
0.00463962
0.00843486
0.00574115
0.00574115
0.00366587
0.00458238
0.00574115
0.0054088
0.00574856
0.00366587
0.00458238
0.00542691
0.00503115
0.00851723
0.00482464
0.00564241
0.00638441
0.00498066
0.00642794
0.00366587
0.00458238
0.0349513
0.00449358
0.00510912
0.00482464
0.00510171
0.0065484
0.00470675
0.0754778
0.0826092
0.0763426
