0.00527869
0.00440108
0.00390788
0.0054212
0.00903382
0.00677405
0.00509348
0.0263999
0.00342296
0.00653373
0.00466426
0.00342296
0.00407541
0.0617101
0.00342296
0.0038529
0.0050435
0.00501893
0.00630994
0.00404037
0.00342296
0.00527869
0.00597088
0.00432029
0.00574517
0.00427666
0.00461971
0.00495994
0.00342296
0.00705279
0.014279
0.00645071
0.00444365
0.00430058
0.00439166
0.00526042
0.00402882
0.00402246
0.00426315
0.00608698
0.00657007
0.0055367
0.00564238
0.00378665
0.00342296
0.0038799
0.00735494
0.00578711
0.00403221
0.00417078
0.00342296
0.0055929
0.00342296
0.00444245
0.00405722
0.00531692
0.00478549
0.00404645
0.00531079
0.00633411
0.00653625
0.00518545
0.0055367
0.00430058
0.00515742
0.00342296
0.0040174
0.00342296
0.00342296
0.00430058
0.00455858
0.00814107
0.00560761
0.00593073
0.00342296
0.00578376
0.00861965
0.00440108
0.00542667
0.00440108
0.00480325
0.00621805
0.00342296
0.0050707
0.00600018
0.00596946
0.00342296
0.00533458
0.00440108
0.00559697
0.00470173
0.00434032
0.0058745
0.00342296
0.00590821
0.00723949
0.00342296
0.00342296
0.0070378
0.00430058
0.00435819
0.00800763
0.0055367
0.0055367
0.00342296
0.00440108
0.0055367
0.00512351
0.0054362
0.00342296
0.00440108
0.00509283
0.00473184
0.0179917
0.00455858
0.00529972
0.00614065
0.00465436
0.00614085
0.00342296
0.00440108
0.0366825
0.00419602
0.00478549
0.00455858
0.004886
0.00617225
0.00441357
0.080551
0.078469
0.0748175
