\begin{tabulary}{0.4\textwidth}{ | c | c | c |}
\hline
& \textbf{Equipo} & \textbf{Numero}\\ \hline
1 & Boca Juniors & 0.0532173\\ \hline
2 & San Lorenzo & 0.0466695\\ \hline
3 & River Plate & 0.0466113\\ \hline
4 & Independiente & 0.0443246\\ \hline
5 & Rosario Central & 0.0436734\\ \hline
6 & Racing Club & 0.0391814\\ \hline
7 & Lanús & 0.0385408\\ \hline
8 & Newell's Old Boys & 0.0383858\\ \hline
9 & Aldosivi & 0.0381275\\ \hline
10 & San Martín (SJ) & 0.0370988\\ \hline
11 & Unión & 0.0370056\\ \hline
12 & Tigre & 0.0347199\\ \hline
13 & Belgrano & 0.0340198\\ \hline
14 & Banfield & 0.0340106\\ \hline
15 & Gimnasia y Esgrima (LP) & 0.0326107\\ \hline
16 & Estudiantes (LP) & 0.0319726\\ \hline
17 & Huracán & 0.0312592\\ \hline
18 & Quilmes & 0.0308084\\ \hline
19 & Vélez Sarsfield & 0.0306859\\ \hline
20 & Olimpo & 0.0304997\\ \hline
21 & Sarmiento & 0.0302557\\ \hline
22 & Temperley & 0.0277299\\ \hline
23 & Colón & 0.0267565\\ \hline
24 & Defensa y Justicia & 0.0262358\\ \hline
25 & Godoy Cruz & 0.024695\\ \hline
26 & Atlético de Rafaela & 0.024516\\ \hline
27 & Argentinos Juniors & 0.023696\\ \hline
28 & Nueva Chicago & 0.023149\\ \hline
29 & Arsenal & 0.0230411\\ \hline
30 & Crucero del Norte & 0.0165022\\ \hline
\end{tabulary}
