\begin{tabulary}{0.4\textwidth}{ | c | c | c |}
\hline
& \textbf{Equipo} & \textbf{Numero}\\ \hline
1 & Boca Juniors & 0.0391723\\ \hline
2 & San Lorenzo & 0.0370968\\ \hline
3 & River Plate & 0.0369049\\ \hline
4 & Racing Club & 0.035756\\ \hline
5 & Rosario Central & 0.0353165\\ \hline
6 & Aldosivi & 0.0347273\\ \hline
7 & Quilmes & 0.0344383\\ \hline
8 & Independiente & 0.0342128\\ \hline
9 & Belgrano & 0.0341754\\ \hline
10 & San Martín (SJ) & 0.0338478\\ \hline
11 & Newell's Old Boys & 0.0337058\\ \hline
12 & Gimnasia y Esgrima (LP) & 0.0334661\\ \hline
13 & Banfield & 0.0332359\\ \hline
14 & Tigre & 0.033108\\ \hline
15 & Lanús & 0.0330404\\ \hline
16 & Estudiantes (LP) & 0.0327287\\ \hline
17 & Unión & 0.0326009\\ \hline
18 & Sarmiento & 0.032534\\ \hline
19 & Vélez Sarsfield & 0.0324353\\ \hline
20 & Arsenal & 0.0322986\\ \hline
21 & Huracán & 0.0322372\\ \hline
22 & Olimpo & 0.0318759\\ \hline
23 & Defensa y Justicia & 0.0318741\\ \hline
24 & Argentinos Juniors & 0.0317779\\ \hline
25 & Godoy Cruz & 0.0317477\\ \hline
26 & Temperley & 0.0316124\\ \hline
27 & Crucero del Norte & 0.0313869\\ \hline
28 & Nueva Chicago & 0.0310147\\ \hline
29 & Atlético de Rafaela & 0.0308652\\ \hline
30 & Colón & 0.0308063\\ \hline
\end{tabulary}
