\begin{tabulary}{0.4\textwidth}{ | c | c | c |}
\hline
& \textbf{Equipo} & \textbf{Numero}\\ \hline
1 & Aldosivi & 0.0333333\\ \hline
2 & Argentinos Juniors & 0.0333333\\ \hline
3 & Arsenal & 0.0333333\\ \hline
4 & Atlético de Rafaela & 0.0333333\\ \hline
5 & Banfield & 0.0333333\\ \hline
6 & Belgrano & 0.0333333\\ \hline
7 & Boca Juniors & 0.0333333\\ \hline
8 & Colón & 0.0333333\\ \hline
9 & Crucero del Norte & 0.0333333\\ \hline
10 & Defensa y Justicia & 0.0333333\\ \hline
11 & Estudiantes (LP) & 0.0333333\\ \hline
12 & Gimnasia y Esgrima (LP) & 0.0333333\\ \hline
13 & Godoy Cruz & 0.0333333\\ \hline
14 & Huracán & 0.0333333\\ \hline
15 & Independiente & 0.0333333\\ \hline
16 & Lanús & 0.0333333\\ \hline
17 & Newell's Old Boys & 0.0333333\\ \hline
18 & Nueva Chicago & 0.0333333\\ \hline
19 & Olimpo & 0.0333333\\ \hline
20 & Quilmes & 0.0333333\\ \hline
21 & Racing Club & 0.0333333\\ \hline
22 & River Plate & 0.0333333\\ \hline
23 & Rosario Central & 0.0333333\\ \hline
24 & San Lorenzo & 0.0333333\\ \hline
25 & San Martín (SJ) & 0.0333333\\ \hline
26 & Sarmiento & 0.0333333\\ \hline
27 & Temperley & 0.0333333\\ \hline
28 & Tigre & 0.0333333\\ \hline
29 & Unión & 0.0333333\\ \hline
30 & Vélez Sarsfield & 0.0333333\\ \hline
\end{tabulary}
