\begin{tabulary}{0.4\textwidth}{ | c | c | c |}
\hline
& \textbf{Equipo} & \textbf{Numero}\\ \hline
1 & Boca Juniors & 0.0733813\\ \hline
2 & River Plate & 0.0567981\\ \hline
3 & San Lorenzo & 0.0565158\\ \hline
4 & Aldosivi & 0.0539079\\ \hline
5 & Racing Club & 0.0457833\\ \hline
6 & Rosario Central & 0.0452122\\ \hline
7 & Quilmes & 0.0404394\\ \hline
8 & San Martín (SJ) & 0.0402627\\ \hline
9 & Independiente & 0.0369399\\ \hline
10 & Newell's Old Boys & 0.0367592\\ \hline
11 & Belgrano & 0.0367142\\ \hline
12 & Vélez Sarsfield & 0.0339863\\ \hline
13 & Gimnasia y Esgrima (LP) & 0.0334449\\ \hline
14 & Banfield & 0.0315017\\ \hline
15 & Estudiantes (LP) & 0.0300275\\ \hline
16 & Unión & 0.0295537\\ \hline
17 & Tigre & 0.0291471\\ \hline
18 & Sarmiento & 0.0278552\\ \hline
19 & Lanús & 0.0268794\\ \hline
20 & Huracán & 0.0268684\\ \hline
21 & Defensa y Justicia & 0.0251338\\ \hline
22 & Arsenal & 0.0245886\\ \hline
23 & Olimpo & 0.0243619\\ \hline
24 & Godoy Cruz & 0.0217211\\ \hline
25 & Temperley & 0.0206051\\ \hline
26 & Argentinos Juniors & 0.020519\\ \hline
27 & Crucero del Norte & 0.0200982\\ \hline
28 & Nueva Chicago & 0.0184388\\ \hline
29 & Atlético de Rafaela & 0.0166064\\ \hline
30 & Colón & 0.0159487\\ \hline
\end{tabulary}
